[ 2016-06-01T09:07:15+08:00 ] 127.0.0.1 /install.php
INFO: [ app_init ] --START--
INFO: Run Behavior\BuildLiteBehavior [ RunTime:0.000014s ]
INFO: [ app_init ] --END-- [ RunTime:0.000316s ]
INFO: [ app_begin ] --START--
INFO: Run Behavior\ReadHtmlCacheBehavior [ RunTime:0.000395s ]
INFO: Run Behavior\CheckLangBehavior [ RunTime:0.000403s ]
INFO: [ app_begin ] --END-- [ RunTime:0.000824s ]
ERR: syntax error, unexpected 'Trait' (T_TRAIT), expecting identifier (T_STRING) or '{'

[ 2016-06-01T09:07:16+08:00 ] 127.0.0.1 /install.php
INFO: [ app_init ] --START--
INFO: Run Behavior\BuildLiteBehavior [ RunTime:0.000005s ]
INFO: [ app_init ] --END-- [ RunTime:0.000146s ]
INFO: [ app_begin ] --START--
INFO: Run Behavior\ReadHtmlCacheBehavior [ RunTime:0.000208s ]
INFO: Run Behavior\CheckLangBehavior [ RunTime:0.000271s ]
INFO: [ app_begin ] --END-- [ RunTime:0.000504s ]
ERR: syntax error, unexpected 'Trait' (T_TRAIT), expecting identifier (T_STRING) or '{'

[ 2016-06-01T18:30:23+08:00 ] 127.0.0.1 /install.php
INFO: [ app_init ] --START--
INFO: Run Behavior\BuildLiteBehavior [ RunTime:0.000005s ]
INFO: [ app_init ] --END-- [ RunTime:0.000153s ]
INFO: [ app_begin ] --START--
INFO: Run Behavior\ReadHtmlCacheBehavior [ RunTime:0.000188s ]
INFO: Run Behavior\CheckLangBehavior [ RunTime:0.000256s ]
INFO: [ app_begin ] --END-- [ RunTime:0.000470s ]
ERR: syntax error, unexpected 'Trait' (T_TRAIT), expecting identifier (T_STRING) or '{'

[ 2016-06-01T18:31:20+08:00 ] 127.0.0.1 /install.php
INFO: [ app_init ] --START--
INFO: Run Behavior\BuildLiteBehavior [ RunTime:0.000004s ]
INFO: [ app_init ] --END-- [ RunTime:0.000152s ]
INFO: [ app_begin ] --START--
INFO: Run Behavior\ReadHtmlCacheBehavior [ RunTime:0.000177s ]
INFO: Run Behavior\CheckLangBehavior [ RunTime:0.000228s ]
INFO: [ app_begin ] --END-- [ RunTime:0.000429s ]
ERR: syntax error, unexpected 'Trait' (T_TRAIT), expecting identifier (T_STRING) or '{'

[ 2016-06-01T18:31:21+08:00 ] 127.0.0.1 /install.php
INFO: [ app_init ] --START--
INFO: Run Behavior\BuildLiteBehavior [ RunTime:0.000006s ]
INFO: [ app_init ] --END-- [ RunTime:0.000251s ]
INFO: [ app_begin ] --START--
INFO: Run Behavior\ReadHtmlCacheBehavior [ RunTime:0.000231s ]
INFO: Run Behavior\CheckLangBehavior [ RunTime:0.000245s ]
INFO: [ app_begin ] --END-- [ RunTime:0.000503s ]
ERR: syntax error, unexpected 'Trait' (T_TRAIT), expecting identifier (T_STRING) or '{'

[ 2016-06-01T18:31:21+08:00 ] 127.0.0.1 /install.php
INFO: [ app_init ] --START--
INFO: Run Behavior\BuildLiteBehavior [ RunTime:0.000015s ]
INFO: [ app_init ] --END-- [ RunTime:0.000463s ]
INFO: [ app_begin ] --START--
INFO: Run Behavior\ReadHtmlCacheBehavior [ RunTime:0.000753s ]
INFO: Run Behavior\CheckLangBehavior [ RunTime:0.000957s ]
INFO: [ app_begin ] --END-- [ RunTime:0.001839s ]
ERR: syntax error, unexpected 'Trait' (T_TRAIT), expecting identifier (T_STRING) or '{'

[ 2016-06-01T18:31:22+08:00 ] 127.0.0.1 /install.php
INFO: [ app_init ] --START--
INFO: Run Behavior\BuildLiteBehavior [ RunTime:0.000006s ]
INFO: [ app_init ] --END-- [ RunTime:0.000168s ]
INFO: [ app_begin ] --START--
INFO: Run Behavior\ReadHtmlCacheBehavior [ RunTime:0.000209s ]
INFO: Run Behavior\CheckLangBehavior [ RunTime:0.000267s ]
INFO: [ app_begin ] --END-- [ RunTime:0.000506s ]
ERR: syntax error, unexpected 'Trait' (T_TRAIT), expecting identifier (T_STRING) or '{'

[ 2016-06-01T18:31:22+08:00 ] 127.0.0.1 /install.php
INFO: [ app_init ] --START--
INFO: Run Behavior\BuildLiteBehavior [ RunTime:0.000008s ]
INFO: [ app_init ] --END-- [ RunTime:0.000250s ]
INFO: [ app_begin ] --START--
INFO: Run Behavior\ReadHtmlCacheBehavior [ RunTime:0.000250s ]
INFO: Run Behavior\CheckLangBehavior [ RunTime:0.000268s ]
INFO: [ app_begin ] --END-- [ RunTime:0.000550s ]
ERR: syntax error, unexpected 'Trait' (T_TRAIT), expecting identifier (T_STRING) or '{'

[ 2016-06-01T18:31:22+08:00 ] 127.0.0.1 /install.php
INFO: [ app_init ] --START--
INFO: Run Behavior\BuildLiteBehavior [ RunTime:0.000009s ]
INFO: [ app_init ] --END-- [ RunTime:0.000266s ]
INFO: [ app_begin ] --START--
INFO: Run Behavior\ReadHtmlCacheBehavior [ RunTime:0.000350s ]
INFO: Run Behavior\CheckLangBehavior [ RunTime:0.000442s ]
INFO: [ app_begin ] --END-- [ RunTime:0.000840s ]
ERR: syntax error, unexpected 'Trait' (T_TRAIT), expecting identifier (T_STRING) or '{'

[ 2016-06-01T18:31:22+08:00 ] 127.0.0.1 /install.php
INFO: [ app_init ] --START--
INFO: Run Behavior\BuildLiteBehavior [ RunTime:0.000005s ]
INFO: [ app_init ] --END-- [ RunTime:0.000143s ]
INFO: [ app_begin ] --START--
INFO: Run Behavior\ReadHtmlCacheBehavior [ RunTime:0.000179s ]
INFO: Run Behavior\CheckLangBehavior [ RunTime:0.000231s ]
INFO: [ app_begin ] --END-- [ RunTime:0.000432s ]
ERR: syntax error, unexpected 'Trait' (T_TRAIT), expecting identifier (T_STRING) or '{'

[ 2016-06-01T18:32:07+08:00 ] 127.0.0.1 /install.php
INFO: [ app_init ] --START--
INFO: Run Behavior\BuildLiteBehavior [ RunTime:0.000008s ]
INFO: [ app_init ] --END-- [ RunTime:0.000254s ]
INFO: [ app_begin ] --START--
INFO: Run Behavior\ReadHtmlCacheBehavior [ RunTime:0.000335s ]
INFO: Run Behavior\CheckLangBehavior [ RunTime:0.000426s ]
INFO: [ app_begin ] --END-- [ RunTime:0.000803s ]
ERR: syntax error, unexpected 'Trait' (T_TRAIT), expecting identifier (T_STRING) or '{'

[ 2016-06-01T18:32:28+08:00 ] 127.0.0.1 /install.php
INFO: [ app_init ] --START--
INFO: Run Behavior\BuildLiteBehavior [ RunTime:0.000005s ]
INFO: [ app_init ] --END-- [ RunTime:0.000149s ]
INFO: [ app_begin ] --START--
INFO: Run Behavior\ReadHtmlCacheBehavior [ RunTime:0.000187s ]
INFO: Run Behavior\CheckLangBehavior [ RunTime:0.000255s ]
INFO: [ app_begin ] --END-- [ RunTime:0.000468s ]
ERR: syntax error, unexpected 'Trait' (T_TRAIT), expecting identifier (T_STRING) or '{'

[ 2016-06-01T18:32:29+08:00 ] 127.0.0.1 /install.php
INFO: [ app_init ] --START--
INFO: Run Behavior\BuildLiteBehavior [ RunTime:0.000005s ]
INFO: [ app_init ] --END-- [ RunTime:0.000141s ]
INFO: [ app_begin ] --START--
INFO: Run Behavior\ReadHtmlCacheBehavior [ RunTime:0.000204s ]
INFO: Run Behavior\CheckLangBehavior [ RunTime:0.000410s ]
INFO: [ app_begin ] --END-- [ RunTime:0.000647s ]
ERR: syntax error, unexpected 'Trait' (T_TRAIT), expecting identifier (T_STRING) or '{'

[ 2016-06-01T18:32:29+08:00 ] 127.0.0.1 /install.php
INFO: [ app_init ] --START--
INFO: Run Behavior\BuildLiteBehavior [ RunTime:0.000008s ]
INFO: [ app_init ] --END-- [ RunTime:0.000261s ]
INFO: [ app_begin ] --START--
INFO: Run Behavior\ReadHtmlCacheBehavior [ RunTime:0.000344s ]
INFO: Run Behavior\CheckLangBehavior [ RunTime:0.000437s ]
INFO: [ app_begin ] --END-- [ RunTime:0.000829s ]
ERR: syntax error, unexpected 'Trait' (T_TRAIT), expecting identifier (T_STRING) or '{'

[ 2016-06-01T18:32:29+08:00 ] 127.0.0.1 /install.php
INFO: [ app_init ] --START--
INFO: Run Behavior\BuildLiteBehavior [ RunTime:0.000021s ]
INFO: [ app_init ] --END-- [ RunTime:0.000199s ]
INFO: [ app_begin ] --START--
INFO: Run Behavior\ReadHtmlCacheBehavior [ RunTime:0.000189s ]
INFO: Run Behavior\CheckLangBehavior [ RunTime:0.000234s ]
INFO: [ app_begin ] --END-- [ RunTime:0.000447s ]
ERR: syntax error, unexpected 'Trait' (T_TRAIT), expecting identifier (T_STRING) or '{'

[ 2016-06-01T18:32:29+08:00 ] 127.0.0.1 /install.php
INFO: [ app_init ] --START--
INFO: Run Behavior\BuildLiteBehavior [ RunTime:0.000006s ]
INFO: [ app_init ] --END-- [ RunTime:0.000146s ]
INFO: [ app_begin ] --START--
INFO: Run Behavior\ReadHtmlCacheBehavior [ RunTime:0.000180s ]
INFO: Run Behavior\CheckLangBehavior [ RunTime:0.000231s ]
INFO: [ app_begin ] --END-- [ RunTime:0.000435s ]
ERR: syntax error, unexpected 'Trait' (T_TRAIT), expecting identifier (T_STRING) or '{'

[ 2016-06-01T18:32:30+08:00 ] 127.0.0.1 /install.php
INFO: [ app_init ] --START--
INFO: Run Behavior\BuildLiteBehavior [ RunTime:0.000004s ]
INFO: [ app_init ] --END-- [ RunTime:0.000138s ]
INFO: [ app_begin ] --START--
INFO: Run Behavior\ReadHtmlCacheBehavior [ RunTime:0.000178s ]
INFO: Run Behavior\CheckLangBehavior [ RunTime:0.000233s ]
INFO: [ app_begin ] --END-- [ RunTime:0.000433s ]
ERR: syntax error, unexpected 'Trait' (T_TRAIT), expecting identifier (T_STRING) or '{'

[ 2016-06-01T18:32:30+08:00 ] 127.0.0.1 /install.php
INFO: [ app_init ] --START--
INFO: Run Behavior\BuildLiteBehavior [ RunTime:0.000011s ]
INFO: [ app_init ] --END-- [ RunTime:0.000344s ]
INFO: [ app_begin ] --START--
INFO: Run Behavior\ReadHtmlCacheBehavior [ RunTime:0.000281s ]
INFO: Run Behavior\CheckLangBehavior [ RunTime:0.000357s ]
INFO: [ app_begin ] --END-- [ RunTime:0.000676s ]
ERR: syntax error, unexpected 'Trait' (T_TRAIT), expecting identifier (T_STRING) or '{'

[ 2016-06-01T18:32:30+08:00 ] 127.0.0.1 /install.php
INFO: [ app_init ] --START--
INFO: Run Behavior\BuildLiteBehavior [ RunTime:0.000007s ]
INFO: [ app_init ] --END-- [ RunTime:0.000232s ]
INFO: [ app_begin ] --START--
INFO: Run Behavior\ReadHtmlCacheBehavior [ RunTime:0.000251s ]
INFO: Run Behavior\CheckLangBehavior [ RunTime:0.000332s ]
INFO: [ app_begin ] --END-- [ RunTime:0.000615s ]
ERR: syntax error, unexpected 'Trait' (T_TRAIT), expecting identifier (T_STRING) or '{'

[ 2016-06-01T18:32:30+08:00 ] 127.0.0.1 /install.php
INFO: [ app_init ] --START--
INFO: Run Behavior\BuildLiteBehavior [ RunTime:0.000009s ]
INFO: [ app_init ] --END-- [ RunTime:0.000272s ]
INFO: [ app_begin ] --START--
INFO: Run Behavior\ReadHtmlCacheBehavior [ RunTime:0.000360s ]
INFO: Run Behavior\CheckLangBehavior [ RunTime:0.000570s ]
INFO: [ app_begin ] --END-- [ RunTime:0.000994s ]
ERR: syntax error, unexpected 'Trait' (T_TRAIT), expecting identifier (T_STRING) or '{'

[ 2016-06-01T18:32:30+08:00 ] 127.0.0.1 /install.php
INFO: [ app_init ] --START--
INFO: Run Behavior\BuildLiteBehavior [ RunTime:0.000005s ]
INFO: [ app_init ] --END-- [ RunTime:0.000146s ]
INFO: [ app_begin ] --START--
INFO: Run Behavior\ReadHtmlCacheBehavior [ RunTime:0.000188s ]
INFO: Run Behavior\CheckLangBehavior [ RunTime:0.000247s ]
INFO: [ app_begin ] --END-- [ RunTime:0.000461s ]
ERR: syntax error, unexpected 'Trait' (T_TRAIT), expecting identifier (T_STRING) or '{'

[ 2016-06-01T18:35:12+08:00 ] 127.0.0.1 /install.php
INFO: [ app_init ] --START--
INFO: Run Behavior\BuildLiteBehavior [ RunTime:0.000008s ]
INFO: [ app_init ] --END-- [ RunTime:0.000208s ]
INFO: [ app_begin ] --START--
INFO: Run Behavior\ReadHtmlCacheBehavior [ RunTime:0.000263s ]
INFO: Run Behavior\CheckLangBehavior [ RunTime:0.000409s ]
INFO: [ app_begin ] --END-- [ RunTime:0.000727s ]
ERR: syntax error, unexpected 'Trait' (T_TRAIT), expecting identifier (T_STRING) or '{'

[ 2016-06-01T18:35:13+08:00 ] 127.0.0.1 /install.php
INFO: [ app_init ] --START--
INFO: Run Behavior\BuildLiteBehavior [ RunTime:0.000006s ]
INFO: [ app_init ] --END-- [ RunTime:0.000188s ]
INFO: [ app_begin ] --START--
INFO: Run Behavior\ReadHtmlCacheBehavior [ RunTime:0.000236s ]
INFO: Run Behavior\CheckLangBehavior [ RunTime:0.000336s ]
INFO: [ app_begin ] --END-- [ RunTime:0.000625s ]
ERR: syntax error, unexpected 'Trait' (T_TRAIT), expecting identifier (T_STRING) or '{'

[ 2016-06-01T18:35:14+08:00 ] 127.0.0.1 /install.php
INFO: [ app_init ] --START--
INFO: Run Behavior\BuildLiteBehavior [ RunTime:0.000007s ]
INFO: [ app_init ] --END-- [ RunTime:0.000172s ]
INFO: [ app_begin ] --START--
INFO: Run Behavior\ReadHtmlCacheBehavior [ RunTime:0.000248s ]
INFO: Run Behavior\CheckLangBehavior [ RunTime:0.000352s ]
INFO: [ app_begin ] --END-- [ RunTime:0.000630s ]
ERR: syntax error, unexpected 'Trait' (T_TRAIT), expecting identifier (T_STRING) or '{'

[ 2016-06-01T18:35:14+08:00 ] 127.0.0.1 /install.php
INFO: [ app_init ] --START--
INFO: Run Behavior\BuildLiteBehavior [ RunTime:0.000005s ]
INFO: [ app_init ] --END-- [ RunTime:0.000136s ]
INFO: [ app_begin ] --START--
INFO: Run Behavior\ReadHtmlCacheBehavior [ RunTime:0.000181s ]
INFO: Run Behavior\CheckLangBehavior [ RunTime:0.000228s ]
INFO: [ app_begin ] --END-- [ RunTime:0.000433s ]
ERR: syntax error, unexpected 'Trait' (T_TRAIT), expecting identifier (T_STRING) or '{'

[ 2016-06-01T18:35:16+08:00 ] 127.0.0.1 /install.php
INFO: [ app_init ] --START--
INFO: Run Behavior\BuildLiteBehavior [ RunTime:0.000004s ]
INFO: [ app_init ] --END-- [ RunTime:0.000139s ]
INFO: [ app_begin ] --START--
INFO: Run Behavior\ReadHtmlCacheBehavior [ RunTime:0.000175s ]
INFO: Run Behavior\CheckLangBehavior [ RunTime:0.000266s ]
INFO: [ app_begin ] --END-- [ RunTime:0.000463s ]
ERR: syntax error, unexpected 'Trait' (T_TRAIT), expecting identifier (T_STRING) or '{'

[ 2016-06-01T18:35:18+08:00 ] 127.0.0.1 /install.php
INFO: [ app_init ] --START--
INFO: Run Behavior\BuildLiteBehavior [ RunTime:0.000006s ]
INFO: [ app_init ] --END-- [ RunTime:0.000153s ]
INFO: [ app_begin ] --START--
INFO: Run Behavior\ReadHtmlCacheBehavior [ RunTime:0.000206s ]
INFO: Run Behavior\CheckLangBehavior [ RunTime:0.000313s ]
INFO: [ app_begin ] --END-- [ RunTime:0.000544s ]
ERR: syntax error, unexpected 'Trait' (T_TRAIT), expecting identifier (T_STRING) or '{'

[ 2016-06-01T18:35:19+08:00 ] 127.0.0.1 /install.php
INFO: [ app_init ] --START--
INFO: Run Behavior\BuildLiteBehavior [ RunTime:0.000005s ]
INFO: [ app_init ] --END-- [ RunTime:0.000177s ]
INFO: [ app_begin ] --START--
INFO: Run Behavior\ReadHtmlCacheBehavior [ RunTime:0.000208s ]
INFO: Run Behavior\CheckLangBehavior [ RunTime:0.000283s ]
INFO: [ app_begin ] --END-- [ RunTime:0.000514s ]
ERR: syntax error, unexpected 'Trait' (T_TRAIT), expecting identifier (T_STRING) or '{'

[ 2016-06-01T18:35:21+08:00 ] 127.0.0.1 /install.php
INFO: [ app_init ] --START--
INFO: Run Behavior\BuildLiteBehavior [ RunTime:0.000005s ]
INFO: [ app_init ] --END-- [ RunTime:0.000192s ]
INFO: [ app_begin ] --START--
INFO: Run Behavior\ReadHtmlCacheBehavior [ RunTime:0.000202s ]
INFO: Run Behavior\CheckLangBehavior [ RunTime:0.000253s ]
INFO: [ app_begin ] --END-- [ RunTime:0.000480s ]
ERR: syntax error, unexpected 'Trait' (T_TRAIT), expecting identifier (T_STRING) or '{'

[ 2016-06-01T18:35:22+08:00 ] 127.0.0.1 /install.php
INFO: [ app_init ] --START--
INFO: Run Behavior\BuildLiteBehavior [ RunTime:0.000005s ]
INFO: [ app_init ] --END-- [ RunTime:0.000151s ]
INFO: [ app_begin ] --START--
INFO: Run Behavior\ReadHtmlCacheBehavior [ RunTime:0.000204s ]
INFO: Run Behavior\CheckLangBehavior [ RunTime:0.000260s ]
INFO: [ app_begin ] --END-- [ RunTime:0.000490s ]
ERR: syntax error, unexpected 'Trait' (T_TRAIT), expecting identifier (T_STRING) or '{'

[ 2016-06-01T18:35:23+08:00 ] 127.0.0.1 /install.php
INFO: [ app_init ] --START--
INFO: Run Behavior\BuildLiteBehavior [ RunTime:0.000006s ]
INFO: [ app_init ] --END-- [ RunTime:0.000197s ]
INFO: [ app_begin ] --START--
INFO: Run Behavior\ReadHtmlCacheBehavior [ RunTime:0.000185s ]
INFO: Run Behavior\CheckLangBehavior [ RunTime:0.000233s ]
INFO: [ app_begin ] --END-- [ RunTime:0.000445s ]
ERR: syntax error, unexpected 'Trait' (T_TRAIT), expecting identifier (T_STRING) or '{'

[ 2016-06-01T18:35:24+08:00 ] 127.0.0.1 /install.php
INFO: [ app_init ] --START--
INFO: Run Behavior\BuildLiteBehavior [ RunTime:0.000006s ]
INFO: [ app_init ] --END-- [ RunTime:0.000199s ]
INFO: [ app_begin ] --START--
INFO: Run Behavior\ReadHtmlCacheBehavior [ RunTime:0.000257s ]
INFO: Run Behavior\CheckLangBehavior [ RunTime:0.000334s ]
INFO: [ app_begin ] --END-- [ RunTime:0.000624s ]
ERR: syntax error, unexpected 'Trait' (T_TRAIT), expecting identifier (T_STRING) or '{'

[ 2016-06-01T18:35:25+08:00 ] 127.0.0.1 /install.php
INFO: [ app_init ] --START--
INFO: Run Behavior\BuildLiteBehavior [ RunTime:0.000004s ]
INFO: [ app_init ] --END-- [ RunTime:0.000138s ]
INFO: [ app_begin ] --START--
INFO: Run Behavior\ReadHtmlCacheBehavior [ RunTime:0.000211s ]
INFO: Run Behavior\CheckLangBehavior [ RunTime:0.000329s ]
INFO: [ app_begin ] --END-- [ RunTime:0.000565s ]
ERR: syntax error, unexpected 'Trait' (T_TRAIT), expecting identifier (T_STRING) or '{'

[ 2016-06-01T18:38:24+08:00 ] 127.0.0.1 /install.php
INFO: [ app_init ] --START--
INFO: Run Behavior\BuildLiteBehavior [ RunTime:0.000004s ]
INFO: [ app_init ] --END-- [ RunTime:0.000131s ]
INFO: [ app_begin ] --START--
INFO: Run Behavior\ReadHtmlCacheBehavior [ RunTime:0.000177s ]
INFO: Run Behavior\CheckLangBehavior [ RunTime:0.000225s ]
INFO: [ app_begin ] --END-- [ RunTime:0.000425s ]
ERR: syntax error, unexpected 'Trait' (T_TRAIT), expecting identifier (T_STRING) or '{'

[ 2016-06-01T18:39:05+08:00 ] 127.0.0.1 /install.php
INFO: [ app_init ] --START--
INFO: Run Behavior\BuildLiteBehavior [ RunTime:0.000004s ]
INFO: [ app_init ] --END-- [ RunTime:0.000127s ]
INFO: [ app_begin ] --START--
INFO: Run Behavior\ReadHtmlCacheBehavior [ RunTime:0.000174s ]
INFO: Run Behavior\CheckLangBehavior [ RunTime:0.000225s ]
INFO: [ app_begin ] --END-- [ RunTime:0.000420s ]
ERR: syntax error, unexpected 'Trait' (T_TRAIT), expecting identifier (T_STRING) or '{'

[ 2016-06-01T18:39:06+08:00 ] 127.0.0.1 /install.php
INFO: [ app_init ] --START--
INFO: Run Behavior\BuildLiteBehavior [ RunTime:0.000008s ]
INFO: [ app_init ] --END-- [ RunTime:0.000225s ]
INFO: [ app_begin ] --START--
INFO: Run Behavior\ReadHtmlCacheBehavior [ RunTime:0.000313s ]
INFO: Run Behavior\CheckLangBehavior [ RunTime:0.000392s ]
INFO: [ app_begin ] --END-- [ RunTime:0.000748s ]
ERR: syntax error, unexpected 'Trait' (T_TRAIT), expecting identifier (T_STRING) or '{'

[ 2016-06-01T18:39:06+08:00 ] 127.0.0.1 /install.php
INFO: [ app_init ] --START--
INFO: Run Behavior\BuildLiteBehavior [ RunTime:0.000007s ]
INFO: [ app_init ] --END-- [ RunTime:0.000198s ]
INFO: [ app_begin ] --START--
INFO: Run Behavior\ReadHtmlCacheBehavior [ RunTime:0.000272s ]
INFO: Run Behavior\CheckLangBehavior [ RunTime:0.000346s ]
INFO: [ app_begin ] --END-- [ RunTime:0.000652s ]
ERR: syntax error, unexpected 'Trait' (T_TRAIT), expecting identifier (T_STRING) or '{'

[ 2016-06-01T18:39:07+08:00 ] 127.0.0.1 /install.php
INFO: [ app_init ] --START--
INFO: Run Behavior\BuildLiteBehavior [ RunTime:0.000005s ]
INFO: [ app_init ] --END-- [ RunTime:0.000162s ]
INFO: [ app_begin ] --START--
INFO: Run Behavior\ReadHtmlCacheBehavior [ RunTime:0.000184s ]
INFO: Run Behavior\CheckLangBehavior [ RunTime:0.000357s ]
INFO: [ app_begin ] --END-- [ RunTime:0.000566s ]
ERR: syntax error, unexpected 'Trait' (T_TRAIT), expecting identifier (T_STRING) or '{'

[ 2016-06-01T18:39:07+08:00 ] 127.0.0.1 /install.php
INFO: [ app_init ] --START--
INFO: Run Behavior\BuildLiteBehavior [ RunTime:0.000007s ]
INFO: [ app_init ] --END-- [ RunTime:0.000154s ]
INFO: [ app_begin ] --START--
INFO: Run Behavior\ReadHtmlCacheBehavior [ RunTime:0.000191s ]
INFO: Run Behavior\CheckLangBehavior [ RunTime:0.000288s ]
INFO: [ app_begin ] --END-- [ RunTime:0.000506s ]
ERR: syntax error, unexpected 'Trait' (T_TRAIT), expecting identifier (T_STRING) or '{'

[ 2016-06-01T18:39:07+08:00 ] 127.0.0.1 /install.php
INFO: [ app_init ] --START--
INFO: Run Behavior\BuildLiteBehavior [ RunTime:0.000007s ]
INFO: [ app_init ] --END-- [ RunTime:0.000209s ]
INFO: [ app_begin ] --START--
INFO: Run Behavior\ReadHtmlCacheBehavior [ RunTime:0.000243s ]
INFO: Run Behavior\CheckLangBehavior [ RunTime:0.000255s ]
INFO: [ app_begin ] --END-- [ RunTime:0.000526s ]
ERR: syntax error, unexpected 'Trait' (T_TRAIT), expecting identifier (T_STRING) or '{'

[ 2016-06-01T18:39:07+08:00 ] 127.0.0.1 /install.php
INFO: [ app_init ] --START--
INFO: Run Behavior\BuildLiteBehavior [ RunTime:0.000005s ]
INFO: [ app_init ] --END-- [ RunTime:0.000158s ]
INFO: [ app_begin ] --START--
INFO: Run Behavior\ReadHtmlCacheBehavior [ RunTime:0.000212s ]
INFO: Run Behavior\CheckLangBehavior [ RunTime:0.000280s ]
INFO: [ app_begin ] --END-- [ RunTime:0.000527s ]
ERR: syntax error, unexpected 'Trait' (T_TRAIT), expecting identifier (T_STRING) or '{'

[ 2016-06-01T18:39:07+08:00 ] 127.0.0.1 /install.php
INFO: [ app_init ] --START--
INFO: Run Behavior\BuildLiteBehavior [ RunTime:0.000006s ]
INFO: [ app_init ] --END-- [ RunTime:0.000153s ]
INFO: [ app_begin ] --START--
INFO: Run Behavior\ReadHtmlCacheBehavior [ RunTime:0.000206s ]
INFO: Run Behavior\CheckLangBehavior [ RunTime:0.000262s ]
INFO: [ app_begin ] --END-- [ RunTime:0.000495s ]
ERR: syntax error, unexpected 'Trait' (T_TRAIT), expecting identifier (T_STRING) or '{'

[ 2016-06-01T18:39:08+08:00 ] 127.0.0.1 /install.php
INFO: [ app_init ] --START--
INFO: Run Behavior\BuildLiteBehavior [ RunTime:0.000006s ]
INFO: [ app_init ] --END-- [ RunTime:0.000144s ]
INFO: [ app_begin ] --START--
INFO: Run Behavior\ReadHtmlCacheBehavior [ RunTime:0.000205s ]
INFO: Run Behavior\CheckLangBehavior [ RunTime:0.000245s ]
INFO: [ app_begin ] --END-- [ RunTime:0.000487s ]
ERR: syntax error, unexpected 'Trait' (T_TRAIT), expecting identifier (T_STRING) or '{'

[ 2016-06-01T18:39:08+08:00 ] 127.0.0.1 /install.php
INFO: [ app_init ] --START--
INFO: Run Behavior\BuildLiteBehavior [ RunTime:0.000008s ]
INFO: [ app_init ] --END-- [ RunTime:0.000243s ]
INFO: [ app_begin ] --START--
INFO: Run Behavior\ReadHtmlCacheBehavior [ RunTime:0.000335s ]
INFO: Run Behavior\CheckLangBehavior [ RunTime:0.000427s ]
INFO: [ app_begin ] --END-- [ RunTime:0.000807s ]
ERR: syntax error, unexpected 'Trait' (T_TRAIT), expecting identifier (T_STRING) or '{'

[ 2016-06-01T18:39:08+08:00 ] 127.0.0.1 /install.php
INFO: [ app_init ] --START--
INFO: Run Behavior\BuildLiteBehavior [ RunTime:0.000007s ]
INFO: [ app_init ] --END-- [ RunTime:0.000253s ]
INFO: [ app_begin ] --START--
INFO: Run Behavior\ReadHtmlCacheBehavior [ RunTime:0.000217s ]
INFO: Run Behavior\CheckLangBehavior [ RunTime:0.000282s ]
INFO: [ app_begin ] --END-- [ RunTime:0.000527s ]
ERR: syntax error, unexpected 'Trait' (T_TRAIT), expecting identifier (T_STRING) or '{'

[ 2016-06-01T18:39:15+08:00 ] 127.0.0.1 /install.php
INFO: [ app_init ] --START--
INFO: Run Behavior\BuildLiteBehavior [ RunTime:0.000005s ]
INFO: [ app_init ] --END-- [ RunTime:0.000135s ]
INFO: [ app_begin ] --START--
INFO: Run Behavior\ReadHtmlCacheBehavior [ RunTime:0.000180s ]
INFO: Run Behavior\CheckLangBehavior [ RunTime:0.000227s ]
INFO: [ app_begin ] --END-- [ RunTime:0.000431s ]
ERR: syntax error, unexpected 'Trait' (T_TRAIT), expecting identifier (T_STRING) or '{'

[ 2016-06-01T18:39:44+08:00 ] 127.0.0.1 /install.php
INFO: [ app_init ] --START--
INFO: Run Behavior\BuildLiteBehavior [ RunTime:0.000005s ]
INFO: [ app_init ] --END-- [ RunTime:0.000175s ]
INFO: [ app_begin ] --START--
INFO: Run Behavior\ReadHtmlCacheBehavior [ RunTime:0.000388s ]
INFO: Run Behavior\CheckLangBehavior [ RunTime:0.000494s ]
INFO: [ app_begin ] --END-- [ RunTime:0.000930s ]
ERR: syntax error, unexpected 'Trait' (T_TRAIT), expecting identifier (T_STRING) or '{'

[ 2016-06-01T18:39:45+08:00 ] 127.0.0.1 /install.php
INFO: [ app_init ] --START--
INFO: Run Behavior\BuildLiteBehavior [ RunTime:0.000005s ]
INFO: [ app_init ] --END-- [ RunTime:0.000136s ]
INFO: [ app_begin ] --START--
INFO: Run Behavior\ReadHtmlCacheBehavior [ RunTime:0.000180s ]
INFO: Run Behavior\CheckLangBehavior [ RunTime:0.000289s ]
INFO: [ app_begin ] --END-- [ RunTime:0.000492s ]
ERR: syntax error, unexpected 'Trait' (T_TRAIT), expecting identifier (T_STRING) or '{'

[ 2016-06-01T18:39:46+08:00 ] 127.0.0.1 /install.php
INFO: [ app_init ] --START--
INFO: Run Behavior\BuildLiteBehavior [ RunTime:0.000005s ]
INFO: [ app_init ] --END-- [ RunTime:0.000140s ]
INFO: [ app_begin ] --START--
INFO: Run Behavior\ReadHtmlCacheBehavior [ RunTime:0.000185s ]
INFO: Run Behavior\CheckLangBehavior [ RunTime:0.000232s ]
INFO: [ app_begin ] --END-- [ RunTime:0.000442s ]
ERR: syntax error, unexpected 'Trait' (T_TRAIT), expecting identifier (T_STRING) or '{'

[ 2016-06-01T18:39:46+08:00 ] 127.0.0.1 /install.php
INFO: [ app_init ] --START--
INFO: Run Behavior\BuildLiteBehavior [ RunTime:0.000005s ]
INFO: [ app_init ] --END-- [ RunTime:0.000135s ]
INFO: [ app_begin ] --START--
INFO: Run Behavior\ReadHtmlCacheBehavior [ RunTime:0.000180s ]
INFO: Run Behavior\CheckLangBehavior [ RunTime:0.000227s ]
INFO: [ app_begin ] --END-- [ RunTime:0.000430s ]
ERR: syntax error, unexpected 'Trait' (T_TRAIT), expecting identifier (T_STRING) or '{'

[ 2016-06-01T18:39:46+08:00 ] 127.0.0.1 /install.php
INFO: [ app_init ] --START--
INFO: Run Behavior\BuildLiteBehavior [ RunTime:0.000005s ]
INFO: [ app_init ] --END-- [ RunTime:0.000133s ]
INFO: [ app_begin ] --START--
INFO: Run Behavior\ReadHtmlCacheBehavior [ RunTime:0.000179s ]
INFO: Run Behavior\CheckLangBehavior [ RunTime:0.000224s ]
INFO: [ app_begin ] --END-- [ RunTime:0.000427s ]
ERR: syntax error, unexpected 'Trait' (T_TRAIT), expecting identifier (T_STRING) or '{'

[ 2016-06-01T18:39:46+08:00 ] 127.0.0.1 /install.php
INFO: [ app_init ] --START--
INFO: Run Behavior\BuildLiteBehavior [ RunTime:0.000009s ]
INFO: [ app_init ] --END-- [ RunTime:0.000244s ]
INFO: [ app_begin ] --START--
INFO: Run Behavior\ReadHtmlCacheBehavior [ RunTime:0.000335s ]
INFO: Run Behavior\CheckLangBehavior [ RunTime:0.000352s ]
INFO: [ app_begin ] --END-- [ RunTime:0.000725s ]
ERR: syntax error, unexpected 'Trait' (T_TRAIT), expecting identifier (T_STRING) or '{'

[ 2016-06-01T18:39:46+08:00 ] 127.0.0.1 /install.php
INFO: [ app_init ] --START--
INFO: Run Behavior\BuildLiteBehavior [ RunTime:0.000006s ]
INFO: [ app_init ] --END-- [ RunTime:0.000148s ]
INFO: [ app_begin ] --START--
INFO: Run Behavior\ReadHtmlCacheBehavior [ RunTime:0.000200s ]
INFO: Run Behavior\CheckLangBehavior [ RunTime:0.000252s ]
INFO: [ app_begin ] --END-- [ RunTime:0.000480s ]
ERR: syntax error, unexpected 'Trait' (T_TRAIT), expecting identifier (T_STRING) or '{'

[ 2016-06-01T18:39:46+08:00 ] 127.0.0.1 /install.php
INFO: [ app_init ] --START--
INFO: Run Behavior\BuildLiteBehavior [ RunTime:0.000007s ]
INFO: [ app_init ] --END-- [ RunTime:0.000202s ]
INFO: [ app_begin ] --START--
INFO: Run Behavior\ReadHtmlCacheBehavior [ RunTime:0.000208s ]
INFO: Run Behavior\CheckLangBehavior [ RunTime:0.000259s ]
INFO: [ app_begin ] --END-- [ RunTime:0.000497s ]
ERR: syntax error, unexpected 'Trait' (T_TRAIT), expecting identifier (T_STRING) or '{'

[ 2016-06-01T18:39:47+08:00 ] 127.0.0.1 /install.php
INFO: [ app_init ] --START--
INFO: Run Behavior\BuildLiteBehavior [ RunTime:0.000007s ]
INFO: [ app_init ] --END-- [ RunTime:0.000165s ]
INFO: [ app_begin ] --START--
INFO: Run Behavior\ReadHtmlCacheBehavior [ RunTime:0.000195s ]
INFO: Run Behavior\CheckLangBehavior [ RunTime:0.000267s ]
INFO: [ app_begin ] --END-- [ RunTime:0.000489s ]
ERR: syntax error, unexpected 'Trait' (T_TRAIT), expecting identifier (T_STRING) or '{'

[ 2016-06-01T18:39:47+08:00 ] 127.0.0.1 /install.php
INFO: [ app_init ] --START--
INFO: Run Behavior\BuildLiteBehavior [ RunTime:0.000007s ]
INFO: [ app_init ] --END-- [ RunTime:0.000201s ]
INFO: [ app_begin ] --START--
INFO: Run Behavior\ReadHtmlCacheBehavior [ RunTime:0.000202s ]
INFO: Run Behavior\CheckLangBehavior [ RunTime:0.000251s ]
INFO: [ app_begin ] --END-- [ RunTime:0.000482s ]
ERR: syntax error, unexpected 'Trait' (T_TRAIT), expecting identifier (T_STRING) or '{'

[ 2016-06-01T18:39:47+08:00 ] 127.0.0.1 /install.php
INFO: [ app_init ] --START--
INFO: Run Behavior\BuildLiteBehavior [ RunTime:0.000006s ]
INFO: [ app_init ] --END-- [ RunTime:0.000162s ]
INFO: [ app_begin ] --START--
INFO: Run Behavior\ReadHtmlCacheBehavior [ RunTime:0.000296s ]
INFO: Run Behavior\CheckLangBehavior [ RunTime:0.000347s ]
INFO: [ app_begin ] --END-- [ RunTime:0.000680s ]
ERR: syntax error, unexpected 'Trait' (T_TRAIT), expecting identifier (T_STRING) or '{'

[ 2016-06-01T18:39:47+08:00 ] 127.0.0.1 /install.php
INFO: [ app_init ] --START--
INFO: Run Behavior\BuildLiteBehavior [ RunTime:0.000006s ]
INFO: [ app_init ] --END-- [ RunTime:0.000179s ]
INFO: [ app_begin ] --START--
INFO: Run Behavior\ReadHtmlCacheBehavior [ RunTime:0.000247s ]
INFO: Run Behavior\CheckLangBehavior [ RunTime:0.000328s ]
INFO: [ app_begin ] --END-- [ RunTime:0.000606s ]
ERR: syntax error, unexpected 'Trait' (T_TRAIT), expecting identifier (T_STRING) or '{'

[ 2016-06-01T18:39:47+08:00 ] 127.0.0.1 /install.php
INFO: [ app_init ] --START--
INFO: Run Behavior\BuildLiteBehavior [ RunTime:0.000006s ]
INFO: [ app_init ] --END-- [ RunTime:0.000181s ]
INFO: [ app_begin ] --START--
INFO: Run Behavior\ReadHtmlCacheBehavior [ RunTime:0.000237s ]
INFO: Run Behavior\CheckLangBehavior [ RunTime:0.000319s ]
INFO: [ app_begin ] --END-- [ RunTime:0.000590s ]
ERR: syntax error, unexpected 'Trait' (T_TRAIT), expecting identifier (T_STRING) or '{'

[ 2016-06-01T18:39:48+08:00 ] 127.0.0.1 /install.php
INFO: [ app_init ] --START--
INFO: Run Behavior\BuildLiteBehavior [ RunTime:0.000006s ]
INFO: [ app_init ] --END-- [ RunTime:0.000157s ]
INFO: [ app_begin ] --START--
INFO: Run Behavior\ReadHtmlCacheBehavior [ RunTime:0.000406s ]
INFO: Run Behavior\CheckLangBehavior [ RunTime:0.000281s ]
INFO: [ app_begin ] --END-- [ RunTime:0.000746s ]
ERR: syntax error, unexpected 'Trait' (T_TRAIT), expecting identifier (T_STRING) or '{'

[ 2016-06-01T18:39:48+08:00 ] 127.0.0.1 /install.php
INFO: [ app_init ] --START--
INFO: Run Behavior\BuildLiteBehavior [ RunTime:0.000005s ]
INFO: [ app_init ] --END-- [ RunTime:0.000131s ]
INFO: [ app_begin ] --START--
INFO: Run Behavior\ReadHtmlCacheBehavior [ RunTime:0.000176s ]
INFO: Run Behavior\CheckLangBehavior [ RunTime:0.000227s ]
INFO: [ app_begin ] --END-- [ RunTime:0.000426s ]
ERR: syntax error, unexpected 'Trait' (T_TRAIT), expecting identifier (T_STRING) or '{'

[ 2016-06-01T18:39:48+08:00 ] 127.0.0.1 /install.php
INFO: [ app_init ] --START--
INFO: Run Behavior\BuildLiteBehavior [ RunTime:0.000006s ]
INFO: [ app_init ] --END-- [ RunTime:0.000142s ]
INFO: [ app_begin ] --START--
INFO: Run Behavior\ReadHtmlCacheBehavior [ RunTime:0.000190s ]
INFO: Run Behavior\CheckLangBehavior [ RunTime:0.000278s ]
INFO: [ app_begin ] --END-- [ RunTime:0.000496s ]
ERR: syntax error, unexpected 'Trait' (T_TRAIT), expecting identifier (T_STRING) or '{'

[ 2016-06-01T18:39:48+08:00 ] 127.0.0.1 /install.php
INFO: [ app_init ] --START--
INFO: Run Behavior\BuildLiteBehavior [ RunTime:0.000009s ]
INFO: [ app_init ] --END-- [ RunTime:0.000289s ]
INFO: [ app_begin ] --START--
INFO: Run Behavior\ReadHtmlCacheBehavior [ RunTime:0.000355s ]
INFO: Run Behavior\CheckLangBehavior [ RunTime:0.000444s ]
INFO: [ app_begin ] --END-- [ RunTime:0.000845s ]
ERR: syntax error, unexpected 'Trait' (T_TRAIT), expecting identifier (T_STRING) or '{'

[ 2016-06-01T18:39:48+08:00 ] 127.0.0.1 /install.php
INFO: [ app_init ] --START--
INFO: Run Behavior\BuildLiteBehavior [ RunTime:0.000027s ]
INFO: [ app_init ] --END-- [ RunTime:0.000260s ]
INFO: [ app_begin ] --START--
INFO: Run Behavior\ReadHtmlCacheBehavior [ RunTime:0.000187s ]
INFO: Run Behavior\CheckLangBehavior [ RunTime:0.000230s ]
INFO: [ app_begin ] --END-- [ RunTime:0.000441s ]
ERR: syntax error, unexpected 'Trait' (T_TRAIT), expecting identifier (T_STRING) or '{'

[ 2016-06-01T18:39:49+08:00 ] 127.0.0.1 /install.php
INFO: [ app_init ] --START--
INFO: Run Behavior\BuildLiteBehavior [ RunTime:0.000007s ]
INFO: [ app_init ] --END-- [ RunTime:0.000169s ]
INFO: [ app_begin ] --START--
INFO: Run Behavior\ReadHtmlCacheBehavior [ RunTime:0.000307s ]
INFO: Run Behavior\CheckLangBehavior [ RunTime:0.000390s ]
INFO: [ app_begin ] --END-- [ RunTime:0.000752s ]
ERR: syntax error, unexpected 'Trait' (T_TRAIT), expecting identifier (T_STRING) or '{'

[ 2016-06-01T18:39:49+08:00 ] 127.0.0.1 /install.php
INFO: [ app_init ] --START--
INFO: Run Behavior\BuildLiteBehavior [ RunTime:0.000009s ]
INFO: [ app_init ] --END-- [ RunTime:0.000351s ]
INFO: [ app_begin ] --START--
INFO: Run Behavior\ReadHtmlCacheBehavior [ RunTime:0.000359s ]
INFO: Run Behavior\CheckLangBehavior [ RunTime:0.000377s ]
INFO: [ app_begin ] --END-- [ RunTime:0.000776s ]
ERR: syntax error, unexpected 'Trait' (T_TRAIT), expecting identifier (T_STRING) or '{'

[ 2016-06-01T18:39:49+08:00 ] 127.0.0.1 /install.php
INFO: [ app_init ] --START--
INFO: Run Behavior\BuildLiteBehavior [ RunTime:0.000007s ]
INFO: [ app_init ] --END-- [ RunTime:0.000201s ]
INFO: [ app_begin ] --START--
INFO: Run Behavior\ReadHtmlCacheBehavior [ RunTime:0.000205s ]
INFO: Run Behavior\CheckLangBehavior [ RunTime:0.000349s ]
INFO: [ app_begin ] --END-- [ RunTime:0.000596s ]
ERR: syntax error, unexpected 'Trait' (T_TRAIT), expecting identifier (T_STRING) or '{'

[ 2016-06-01T18:39:49+08:00 ] 127.0.0.1 /install.php
INFO: [ app_init ] --START--
INFO: Run Behavior\BuildLiteBehavior [ RunTime:0.000008s ]
INFO: [ app_init ] --END-- [ RunTime:0.000214s ]
INFO: [ app_begin ] --START--
INFO: Run Behavior\ReadHtmlCacheBehavior [ RunTime:0.000305s ]
INFO: Run Behavior\CheckLangBehavior [ RunTime:0.000379s ]
INFO: [ app_begin ] --END-- [ RunTime:0.000726s ]
ERR: syntax error, unexpected 'Trait' (T_TRAIT), expecting identifier (T_STRING) or '{'

[ 2016-06-01T18:39:49+08:00 ] 127.0.0.1 /install.php
INFO: [ app_init ] --START--
INFO: Run Behavior\BuildLiteBehavior [ RunTime:0.000011s ]
INFO: [ app_init ] --END-- [ RunTime:0.000251s ]
INFO: [ app_begin ] --START--
INFO: Run Behavior\ReadHtmlCacheBehavior [ RunTime:0.000199s ]
INFO: Run Behavior\CheckLangBehavior [ RunTime:0.000249s ]
INFO: [ app_begin ] --END-- [ RunTime:0.000475s ]
ERR: syntax error, unexpected 'Trait' (T_TRAIT), expecting identifier (T_STRING) or '{'

[ 2016-06-01T18:39:50+08:00 ] 127.0.0.1 /install.php
INFO: [ app_init ] --START--
INFO: Run Behavior\BuildLiteBehavior [ RunTime:0.000020s ]
INFO: [ app_init ] --END-- [ RunTime:0.000313s ]
INFO: [ app_begin ] --START--
INFO: Run Behavior\ReadHtmlCacheBehavior [ RunTime:0.000195s ]
INFO: Run Behavior\CheckLangBehavior [ RunTime:0.000348s ]
INFO: [ app_begin ] --END-- [ RunTime:0.000589s ]
ERR: syntax error, unexpected 'Trait' (T_TRAIT), expecting identifier (T_STRING) or '{'

[ 2016-06-01T18:40:26+08:00 ] 127.0.0.1 /install.php
INFO: [ app_init ] --START--
INFO: Run Behavior\BuildLiteBehavior [ RunTime:0.000016s ]
INFO: [ app_init ] --END-- [ RunTime:0.000243s ]
INFO: [ app_begin ] --START--
INFO: Run Behavior\ReadHtmlCacheBehavior [ RunTime:0.000231s ]
INFO: Run Behavior\CheckLangBehavior [ RunTime:0.000244s ]
INFO: [ app_begin ] --END-- [ RunTime:0.000515s ]
ERR: syntax error, unexpected 'Trait' (T_TRAIT), expecting identifier (T_STRING) or '{'

[ 2016-06-01T18:40:34+08:00 ] 127.0.0.1 /install.php
INFO: [ app_init ] --START--
INFO: Run Behavior\BuildLiteBehavior [ RunTime:0.000005s ]
INFO: [ app_init ] --END-- [ RunTime:0.000147s ]
INFO: [ app_begin ] --START--
INFO: Run Behavior\ReadHtmlCacheBehavior [ RunTime:0.000178s ]
INFO: Run Behavior\CheckLangBehavior [ RunTime:0.000227s ]
INFO: [ app_begin ] --END-- [ RunTime:0.000428s ]
INFO: [ view_parse ] --START--
INFO: [ template_filter ] --START--
INFO: Run Behavior\ContentReplaceBehavior [ RunTime:0.000023s ]
INFO: [ template_filter ] --END-- [ RunTime:0.000045s ]
INFO: Run Behavior\ParseTemplateBehavior [ RunTime:0.019947s ]
INFO: [ view_parse ] --END-- [ RunTime:0.019973s ]
INFO: [ view_filter ] --START--
INFO: Run Behavior\WriteHtmlCacheBehavior [ RunTime:0.007337s ]
INFO: [ view_filter ] --END-- [ RunTime:0.007360s ]
INFO: [ app_end ] --START--
INFO: Run Behavior\ShowPageTraceBehavior [ RunTime:0.001515s ]
INFO: [ app_end ] --END-- [ RunTime:0.001554s ]

[ 2016-06-01T18:41:12+08:00 ] 127.0.0.1 /install.php
INFO: [ app_init ] --START--
INFO: Run Behavior\BuildLiteBehavior [ RunTime:0.000006s ]
INFO: [ app_init ] --END-- [ RunTime:0.000153s ]
INFO: [ app_begin ] --START--
INFO: Run Behavior\ReadHtmlCacheBehavior [ RunTime:0.000261s ]
INFO: Run Behavior\CheckLangBehavior [ RunTime:0.000240s ]
INFO: [ app_begin ] --END-- [ RunTime:0.000541s ]
ERR: syntax error, unexpected 'Trait' (T_TRAIT), expecting identifier (T_STRING) or '{'

[ 2016-06-01T18:41:13+08:00 ] 127.0.0.1 /install.php
INFO: [ app_init ] --START--
INFO: Run Behavior\BuildLiteBehavior [ RunTime:0.000005s ]
INFO: [ app_init ] --END-- [ RunTime:0.000141s ]
INFO: [ app_begin ] --START--
INFO: Run Behavior\ReadHtmlCacheBehavior [ RunTime:0.000210s ]
INFO: Run Behavior\CheckLangBehavior [ RunTime:0.000252s ]
INFO: [ app_begin ] --END-- [ RunTime:0.000490s ]
ERR: syntax error, unexpected 'Trait' (T_TRAIT), expecting identifier (T_STRING) or '{'

[ 2016-06-01T18:41:32+08:00 ] 127.0.0.1 /install.php
INFO: [ app_init ] --START--
INFO: Run Behavior\BuildLiteBehavior [ RunTime:0.000006s ]
INFO: [ app_init ] --END-- [ RunTime:0.000135s ]
INFO: [ app_begin ] --START--
INFO: Run Behavior\ReadHtmlCacheBehavior [ RunTime:0.000177s ]
INFO: Run Behavior\CheckLangBehavior [ RunTime:0.000309s ]
INFO: [ app_begin ] --END-- [ RunTime:0.000510s ]
ERR: syntax error, unexpected 'Trait' (T_TRAIT), expecting identifier (T_STRING) or '{'

[ 2016-06-01T18:41:33+08:00 ] 127.0.0.1 /install.php
INFO: [ app_init ] --START--
INFO: Run Behavior\BuildLiteBehavior [ RunTime:0.000005s ]
INFO: [ app_init ] --END-- [ RunTime:0.000183s ]
INFO: [ app_begin ] --START--
INFO: Run Behavior\ReadHtmlCacheBehavior [ RunTime:0.000192s ]
INFO: Run Behavior\CheckLangBehavior [ RunTime:0.000238s ]
INFO: [ app_begin ] --END-- [ RunTime:0.000456s ]
ERR: syntax error, unexpected 'Trait' (T_TRAIT), expecting identifier (T_STRING) or '{'

[ 2016-06-01T18:41:33+08:00 ] 127.0.0.1 /install.php
INFO: [ app_init ] --START--
INFO: Run Behavior\BuildLiteBehavior [ RunTime:0.000006s ]
INFO: [ app_init ] --END-- [ RunTime:0.000136s ]
INFO: [ app_begin ] --START--
INFO: Run Behavior\ReadHtmlCacheBehavior [ RunTime:0.000238s ]
INFO: Run Behavior\CheckLangBehavior [ RunTime:0.000301s ]
INFO: [ app_begin ] --END-- [ RunTime:0.000577s ]
ERR: syntax error, unexpected 'Trait' (T_TRAIT), expecting identifier (T_STRING) or '{'

[ 2016-06-01T18:41:33+08:00 ] 127.0.0.1 /install.php
INFO: [ app_init ] --START--
INFO: Run Behavior\BuildLiteBehavior [ RunTime:0.000011s ]
INFO: [ app_init ] --END-- [ RunTime:0.000244s ]
INFO: [ app_begin ] --START--
INFO: Run Behavior\ReadHtmlCacheBehavior [ RunTime:0.000212s ]
INFO: Run Behavior\CheckLangBehavior [ RunTime:0.000231s ]
INFO: [ app_begin ] --END-- [ RunTime:0.000470s ]
ERR: syntax error, unexpected 'Trait' (T_TRAIT), expecting identifier (T_STRING) or '{'

[ 2016-06-01T18:41:45+08:00 ] 127.0.0.1 /install.php
INFO: [ app_init ] --START--
INFO: Run Behavior\BuildLiteBehavior [ RunTime:0.000004s ]
INFO: [ app_init ] --END-- [ RunTime:0.000133s ]
INFO: [ app_begin ] --START--
INFO: Run Behavior\ReadHtmlCacheBehavior [ RunTime:0.000180s ]
INFO: Run Behavior\CheckLangBehavior [ RunTime:0.000270s ]
INFO: [ app_begin ] --END-- [ RunTime:0.000474s ]
ERR: syntax error, unexpected 'Trait' (T_TRAIT), expecting identifier (T_STRING) or '{'

[ 2016-06-01T18:41:45+08:00 ] 127.0.0.1 /install.php
INFO: [ app_init ] --START--
INFO: Run Behavior\BuildLiteBehavior [ RunTime:0.000005s ]
INFO: [ app_init ] --END-- [ RunTime:0.000146s ]
INFO: [ app_begin ] --START--
INFO: Run Behavior\ReadHtmlCacheBehavior [ RunTime:0.000202s ]
INFO: Run Behavior\CheckLangBehavior [ RunTime:0.000228s ]
INFO: [ app_begin ] --END-- [ RunTime:0.000463s ]
ERR: syntax error, unexpected 'Trait' (T_TRAIT), expecting identifier (T_STRING) or '{'

[ 2016-06-01T18:41:46+08:00 ] 127.0.0.1 /install.php
INFO: [ app_init ] --START--
INFO: Run Behavior\BuildLiteBehavior [ RunTime:0.000005s ]
INFO: [ app_init ] --END-- [ RunTime:0.000138s ]
INFO: [ app_begin ] --START--
INFO: Run Behavior\ReadHtmlCacheBehavior [ RunTime:0.000244s ]
INFO: Run Behavior\CheckLangBehavior [ RunTime:0.000299s ]
INFO: [ app_begin ] --END-- [ RunTime:0.000571s ]
ERR: syntax error, unexpected 'Trait' (T_TRAIT), expecting identifier (T_STRING) or '{'

[ 2016-06-01T18:41:46+08:00 ] 127.0.0.1 /install.php
INFO: [ app_init ] --START--
INFO: Run Behavior\BuildLiteBehavior [ RunTime:0.000028s ]
INFO: [ app_init ] --END-- [ RunTime:0.000343s ]
INFO: [ app_begin ] --START--
INFO: Run Behavior\ReadHtmlCacheBehavior [ RunTime:0.000208s ]
INFO: Run Behavior\CheckLangBehavior [ RunTime:0.000246s ]
INFO: [ app_begin ] --END-- [ RunTime:0.000482s ]
ERR: syntax error, unexpected 'Trait' (T_TRAIT), expecting identifier (T_STRING) or '{'

[ 2016-06-01T18:41:46+08:00 ] 127.0.0.1 /install.php
INFO: [ app_init ] --START--
INFO: Run Behavior\BuildLiteBehavior [ RunTime:0.000006s ]
INFO: [ app_init ] --END-- [ RunTime:0.000158s ]
INFO: [ app_begin ] --START--
INFO: Run Behavior\ReadHtmlCacheBehavior [ RunTime:0.000235s ]
INFO: Run Behavior\CheckLangBehavior [ RunTime:0.000260s ]
INFO: [ app_begin ] --END-- [ RunTime:0.000527s ]
ERR: syntax error, unexpected 'Trait' (T_TRAIT), expecting identifier (T_STRING) or '{'

[ 2016-06-01T18:41:46+08:00 ] 127.0.0.1 /install.php
INFO: [ app_init ] --START--
INFO: Run Behavior\BuildLiteBehavior [ RunTime:0.000006s ]
INFO: [ app_init ] --END-- [ RunTime:0.000148s ]
INFO: [ app_begin ] --START--
INFO: Run Behavior\ReadHtmlCacheBehavior [ RunTime:0.000245s ]
INFO: Run Behavior\CheckLangBehavior [ RunTime:0.000289s ]
INFO: [ app_begin ] --END-- [ RunTime:0.000576s ]
ERR: syntax error, unexpected 'Trait' (T_TRAIT), expecting identifier (T_STRING) or '{'

[ 2016-06-01T18:41:46+08:00 ] 127.0.0.1 /install.php
INFO: [ app_init ] --START--
INFO: Run Behavior\BuildLiteBehavior [ RunTime:0.000004s ]
INFO: [ app_init ] --END-- [ RunTime:0.000138s ]
INFO: [ app_begin ] --START--
INFO: Run Behavior\ReadHtmlCacheBehavior [ RunTime:0.000188s ]
INFO: Run Behavior\CheckLangBehavior [ RunTime:0.000239s ]
INFO: [ app_begin ] --END-- [ RunTime:0.000451s ]
ERR: syntax error, unexpected 'Trait' (T_TRAIT), expecting identifier (T_STRING) or '{'

[ 2016-06-01T18:41:47+08:00 ] 127.0.0.1 /install.php
INFO: [ app_init ] --START--
INFO: Run Behavior\BuildLiteBehavior [ RunTime:0.000004s ]
INFO: [ app_init ] --END-- [ RunTime:0.000131s ]
INFO: [ app_begin ] --START--
INFO: Run Behavior\ReadHtmlCacheBehavior [ RunTime:0.000197s ]
INFO: Run Behavior\CheckLangBehavior [ RunTime:0.000225s ]
INFO: [ app_begin ] --END-- [ RunTime:0.000445s ]
ERR: syntax error, unexpected 'Trait' (T_TRAIT), expecting identifier (T_STRING) or '{'

[ 2016-06-01T18:41:47+08:00 ] 127.0.0.1 /install.php
INFO: [ app_init ] --START--
INFO: Run Behavior\BuildLiteBehavior [ RunTime:0.000005s ]
INFO: [ app_init ] --END-- [ RunTime:0.000163s ]
INFO: [ app_begin ] --START--
INFO: Run Behavior\ReadHtmlCacheBehavior [ RunTime:0.000188s ]
INFO: Run Behavior\CheckLangBehavior [ RunTime:0.000241s ]
INFO: [ app_begin ] --END-- [ RunTime:0.000454s ]
ERR: syntax error, unexpected 'Trait' (T_TRAIT), expecting identifier (T_STRING) or '{'

[ 2016-06-01T18:42:07+08:00 ] 127.0.0.1 /install.php
INFO: [ app_init ] --START--
INFO: Run Behavior\BuildLiteBehavior [ RunTime:0.000005s ]
INFO: [ app_init ] --END-- [ RunTime:0.000136s ]
INFO: [ app_begin ] --START--
INFO: Run Behavior\ReadHtmlCacheBehavior [ RunTime:0.000181s ]
INFO: Run Behavior\CheckLangBehavior [ RunTime:0.000254s ]
INFO: [ app_begin ] --END-- [ RunTime:0.000460s ]
ERR: syntax error, unexpected 'Trait' (T_TRAIT), expecting identifier (T_STRING) or '{'

[ 2016-06-01T18:42:08+08:00 ] 127.0.0.1 /install.php
INFO: [ app_init ] --START--
INFO: Run Behavior\BuildLiteBehavior [ RunTime:0.000007s ]
INFO: [ app_init ] --END-- [ RunTime:0.000180s ]
INFO: [ app_begin ] --START--
INFO: Run Behavior\ReadHtmlCacheBehavior [ RunTime:0.000230s ]
INFO: Run Behavior\CheckLangBehavior [ RunTime:0.000281s ]
INFO: [ app_begin ] --END-- [ RunTime:0.000545s ]
ERR: syntax error, unexpected 'Trait' (T_TRAIT), expecting identifier (T_STRING) or '{'

[ 2016-06-01T18:42:08+08:00 ] 127.0.0.1 /install.php
INFO: [ app_init ] --START--
INFO: Run Behavior\BuildLiteBehavior [ RunTime:0.000006s ]
INFO: [ app_init ] --END-- [ RunTime:0.000163s ]
INFO: [ app_begin ] --START--
INFO: Run Behavior\ReadHtmlCacheBehavior [ RunTime:0.000224s ]
INFO: Run Behavior\CheckLangBehavior [ RunTime:0.000288s ]
INFO: [ app_begin ] --END-- [ RunTime:0.000542s ]
ERR: syntax error, unexpected 'Trait' (T_TRAIT), expecting identifier (T_STRING) or '{'

[ 2016-06-01T18:42:08+08:00 ] 127.0.0.1 /install.php
INFO: [ app_init ] --START--
INFO: Run Behavior\BuildLiteBehavior [ RunTime:0.000015s ]
INFO: [ app_init ] --END-- [ RunTime:0.000291s ]
INFO: [ app_begin ] --START--
INFO: Run Behavior\ReadHtmlCacheBehavior [ RunTime:0.000197s ]
INFO: Run Behavior\CheckLangBehavior [ RunTime:0.000251s ]
INFO: [ app_begin ] --END-- [ RunTime:0.000474s ]
ERR: syntax error, unexpected 'Trait' (T_TRAIT), expecting identifier (T_STRING) or '{'

[ 2016-06-01T18:42:08+08:00 ] 127.0.0.1 /install.php
INFO: [ app_init ] --START--
INFO: Run Behavior\BuildLiteBehavior [ RunTime:0.000006s ]
INFO: [ app_init ] --END-- [ RunTime:0.000133s ]
INFO: [ app_begin ] --START--
INFO: Run Behavior\ReadHtmlCacheBehavior [ RunTime:0.000176s ]
INFO: Run Behavior\CheckLangBehavior [ RunTime:0.000227s ]
INFO: [ app_begin ] --END-- [ RunTime:0.000426s ]
ERR: syntax error, unexpected 'Trait' (T_TRAIT), expecting identifier (T_STRING) or '{'

[ 2016-06-01T18:42:08+08:00 ] 127.0.0.1 /install.php
INFO: [ app_init ] --START--
INFO: Run Behavior\BuildLiteBehavior [ RunTime:0.000006s ]
INFO: [ app_init ] --END-- [ RunTime:0.000137s ]
INFO: [ app_begin ] --START--
INFO: Run Behavior\ReadHtmlCacheBehavior [ RunTime:0.000236s ]
INFO: Run Behavior\CheckLangBehavior [ RunTime:0.000282s ]
INFO: [ app_begin ] --END-- [ RunTime:0.000545s ]
ERR: syntax error, unexpected 'Trait' (T_TRAIT), expecting identifier (T_STRING) or '{'

[ 2016-06-01T18:42:09+08:00 ] 127.0.0.1 /install.php
INFO: [ app_init ] --START--
INFO: Run Behavior\BuildLiteBehavior [ RunTime:0.000005s ]
INFO: [ app_init ] --END-- [ RunTime:0.000139s ]
INFO: [ app_begin ] --START--
INFO: Run Behavior\ReadHtmlCacheBehavior [ RunTime:0.000227s ]
INFO: Run Behavior\CheckLangBehavior [ RunTime:0.000269s ]
INFO: [ app_begin ] --END-- [ RunTime:0.000527s ]
ERR: syntax error, unexpected 'Trait' (T_TRAIT), expecting identifier (T_STRING) or '{'

[ 2016-06-01T18:42:09+08:00 ] 127.0.0.1 /install.php
INFO: [ app_init ] --START--
INFO: Run Behavior\BuildLiteBehavior [ RunTime:0.000005s ]
INFO: [ app_init ] --END-- [ RunTime:0.000144s ]
INFO: [ app_begin ] --START--
INFO: Run Behavior\ReadHtmlCacheBehavior [ RunTime:0.000201s ]
INFO: Run Behavior\CheckLangBehavior [ RunTime:0.000250s ]
INFO: [ app_begin ] --END-- [ RunTime:0.000474s ]
ERR: syntax error, unexpected 'Trait' (T_TRAIT), expecting identifier (T_STRING) or '{'

[ 2016-06-01T18:42:09+08:00 ] 127.0.0.1 /install.php
INFO: [ app_init ] --START--
INFO: Run Behavior\BuildLiteBehavior [ RunTime:0.000004s ]
INFO: [ app_init ] --END-- [ RunTime:0.000138s ]
INFO: [ app_begin ] --START--
INFO: Run Behavior\ReadHtmlCacheBehavior [ RunTime:0.000188s ]
INFO: Run Behavior\CheckLangBehavior [ RunTime:0.000242s ]
INFO: [ app_begin ] --END-- [ RunTime:0.000455s ]
ERR: syntax error, unexpected 'Trait' (T_TRAIT), expecting identifier (T_STRING) or '{'

[ 2016-06-01T18:42:37+08:00 ] 127.0.0.1 /install.php
INFO: [ app_init ] --START--
INFO: Run Behavior\BuildLiteBehavior [ RunTime:0.000009s ]
INFO: [ app_init ] --END-- [ RunTime:0.000235s ]
INFO: [ app_begin ] --START--
INFO: Run Behavior\ReadHtmlCacheBehavior [ RunTime:0.000366s ]
INFO: Run Behavior\CheckLangBehavior [ RunTime:0.000422s ]
INFO: [ app_begin ] --END-- [ RunTime:0.000841s ]
ERR: syntax error, unexpected 'Trait' (T_TRAIT), expecting identifier (T_STRING) or '{'

[ 2016-06-01T18:44:29+08:00 ] 127.0.0.1 /install.php
INFO: [ app_init ] --START--
INFO: Run Behavior\BuildLiteBehavior [ RunTime:0.000007s ]
INFO: [ app_init ] --END-- [ RunTime:0.000152s ]
INFO: [ app_begin ] --START--
INFO: Run Behavior\ReadHtmlCacheBehavior [ RunTime:0.000197s ]
INFO: Run Behavior\CheckLangBehavior [ RunTime:0.000347s ]
INFO: [ app_begin ] --END-- [ RunTime:0.000569s ]
INFO: [ view_parse ] --START--
INFO: [ template_filter ] --START--
INFO: Run Behavior\ContentReplaceBehavior [ RunTime:0.000020s ]
INFO: [ template_filter ] --END-- [ RunTime:0.000036s ]
INFO: Run Behavior\ParseTemplateBehavior [ RunTime:0.002873s ]
INFO: [ view_parse ] --END-- [ RunTime:0.002887s ]
INFO: [ view_filter ] --START--
INFO: Run Behavior\WriteHtmlCacheBehavior [ RunTime:0.000073s ]
INFO: [ view_filter ] --END-- [ RunTime:0.000083s ]
INFO: [ app_end ] --START--
INFO: Run Behavior\ShowPageTraceBehavior [ RunTime:0.000209s ]
INFO: [ app_end ] --END-- [ RunTime:0.000219s ]

[ 2016-06-01T18:44:39+08:00 ] 127.0.0.1 /install.php
INFO: [ app_init ] --START--
INFO: Run Behavior\BuildLiteBehavior [ RunTime:0.000004s ]
INFO: [ app_init ] --END-- [ RunTime:0.000128s ]
INFO: [ app_begin ] --START--
INFO: Run Behavior\ReadHtmlCacheBehavior [ RunTime:0.000176s ]
INFO: Run Behavior\CheckLangBehavior [ RunTime:0.000226s ]
INFO: [ app_begin ] --END-- [ RunTime:0.000425s ]
INFO: [ view_parse ] --START--
INFO: [ template_filter ] --START--
INFO: Run Behavior\ContentReplaceBehavior [ RunTime:0.000063s ]
INFO: [ template_filter ] --END-- [ RunTime:0.000147s ]
INFO: Run Behavior\ParseTemplateBehavior [ RunTime:0.003972s ]
INFO: [ view_parse ] --END-- [ RunTime:0.004014s ]
INFO: [ view_filter ] --START--
INFO: Run Behavior\WriteHtmlCacheBehavior [ RunTime:0.000264s ]
INFO: [ view_filter ] --END-- [ RunTime:0.000282s ]
INFO: [ app_end ] --START--
INFO: Run Behavior\ShowPageTraceBehavior [ RunTime:0.000251s ]
INFO: [ app_end ] --END-- [ RunTime:0.000263s ]

[ 2016-06-01T19:10:00+08:00 ] 127.0.0.1 /install.php
INFO: [ app_init ] --START--
INFO: Run Behavior\BuildLiteBehavior [ RunTime:0.000014s ]
INFO: [ app_init ] --END-- [ RunTime:0.000231s ]
INFO: [ app_begin ] --START--
INFO: Run Behavior\ReadHtmlCacheBehavior [ RunTime:0.000215s ]
INFO: Run Behavior\CheckLangBehavior [ RunTime:0.000247s ]
INFO: [ app_begin ] --END-- [ RunTime:0.000490s ]
INFO: [ view_parse ] --START--
INFO: [ template_filter ] --START--
INFO: Run Behavior\ContentReplaceBehavior [ RunTime:0.000021s ]
INFO: [ template_filter ] --END-- [ RunTime:0.000037s ]
INFO: Run Behavior\ParseTemplateBehavior [ RunTime:0.002860s ]
INFO: [ view_parse ] --END-- [ RunTime:0.002889s ]
INFO: [ view_filter ] --START--
INFO: Run Behavior\WriteHtmlCacheBehavior [ RunTime:0.000105s ]
INFO: [ view_filter ] --END-- [ RunTime:0.000115s ]
INFO: [ app_end ] --START--
INFO: Run Behavior\ShowPageTraceBehavior [ RunTime:0.000229s ]
INFO: [ app_end ] --END-- [ RunTime:0.000239s ]

[ 2016-06-01T19:10:24+08:00 ] 127.0.0.1 /install.php/Install/step/step/1
INFO: [ app_init ] --START--
INFO: Run Behavior\BuildLiteBehavior [ RunTime:0.000011s ]
INFO: [ app_init ] --END-- [ RunTime:0.000315s ]
INFO: [ app_begin ] --START--
INFO: Run Behavior\ReadHtmlCacheBehavior [ RunTime:0.000434s ]
INFO: Run Behavior\CheckLangBehavior [ RunTime:0.000544s ]
INFO: [ app_begin ] --END-- [ RunTime:0.001034s ]
NOTIC: [2] Declaration of Install\Controller\InstallController::error($info, $title = '...') should be compatible with Think\Controller::error($message = '', $jumpUrl = '', $ajax = false) /home/wwwroot/thinkphp/Application/Install/Controller/InstallController.class.php  16 .
NOTIC: [8] Use of undefined constant INSTALL_APP_PATH - assumed 'INSTALL_APP_PATH' /home/wwwroot/thinkphp/Application/Common/Check/Check.class.php  70 .
NOTIC: [2] disk_free_space(): No such file or directory /home/wwwroot/thinkphp/Application/Common/Check/Check.class.php  70 .
NOTIC: [8] Use of undefined constant INSTALL_APP_PATH - assumed 'INSTALL_APP_PATH' /home/wwwroot/thinkphp/Application/Install/Common/function.php  70 .
NOTIC: [2] disk_free_space(): No such file or directory /home/wwwroot/thinkphp/Application/Install/Common/function.php  70 .
NOTIC: [8] Use of undefined constant INSTALL_APP_PATH - assumed 'INSTALL_APP_PATH' /home/wwwroot/thinkphp/Application/Install/Common/function.php  98 .
NOTIC: [2] is_dir() expects parameter 1 to be a valid path, array given /home/wwwroot/thinkphp/Application/Install/Common/function.php  99 .
NOTIC: [8] Use of undefined constant INSTALL_APP_PATH - assumed 'INSTALL_APP_PATH' /home/wwwroot/thinkphp/Application/Install/Common/function.php  98 .
NOTIC: [2] is_dir() expects parameter 1 to be a valid path, array given /home/wwwroot/thinkphp/Application/Install/Common/function.php  99 .
NOTIC: [8] Use of undefined constant INSTALL_APP_PATH - assumed 'INSTALL_APP_PATH' /home/wwwroot/thinkphp/Application/Install/Common/function.php  98 .
NOTIC: [2] is_dir() expects parameter 1 to be a valid path, array given /home/wwwroot/thinkphp/Application/Install/Common/function.php  99 .
NOTIC: [8] Use of undefined constant INSTALL_APP_PATH - assumed 'INSTALL_APP_PATH' /home/wwwroot/thinkphp/Application/Install/Common/function.php  98 .
NOTIC: [2] is_dir() expects parameter 1 to be a valid path, array given /home/wwwroot/thinkphp/Application/Install/Common/function.php  99 .
NOTIC: [8] Use of undefined constant INSTALL_APP_PATH - assumed 'INSTALL_APP_PATH' /home/wwwroot/thinkphp/Application/Install/Common/function.php  98 .
NOTIC: [2] is_dir() expects parameter 1 to be a valid path, array given /home/wwwroot/thinkphp/Application/Install/Common/function.php  99 .
NOTIC: [8] Use of undefined constant INSTALL_APP_PATH - assumed 'INSTALL_APP_PATH' /home/wwwroot/thinkphp/Application/Install/Common/function.php  98 .
NOTIC: [2] is_dir() expects parameter 1 to be a valid path, array given /home/wwwroot/thinkphp/Application/Install/Common/function.php  99 .
NOTIC: [8] Use of undefined constant INSTALL_APP_PATH - assumed 'INSTALL_APP_PATH' /home/wwwroot/thinkphp/Application/Install/Common/function.php  98 .
NOTIC: [2] is_dir() expects parameter 1 to be a valid path, array given /home/wwwroot/thinkphp/Application/Install/Common/function.php  99 .
NOTIC: [8] Use of undefined constant INSTALL_APP_PATH - assumed 'INSTALL_APP_PATH' /home/wwwroot/thinkphp/Application/Install/Common/function.php  98 .
NOTIC: [2] is_dir() expects parameter 1 to be a valid path, array given /home/wwwroot/thinkphp/Application/Install/Common/function.php  99 .
NOTIC: [8] Use of undefined constant INSTALL_APP_PATH - assumed 'INSTALL_APP_PATH' /home/wwwroot/thinkphp/Application/Install/Common/function.php  110 .
NOTIC: [8] Use of undefined constant INSTALL_APP_PATH - assumed 'INSTALL_APP_PATH' /home/wwwroot/thinkphp/Application/Install/Common/function.php  117 .
NOTIC: [8] Use of undefined constant INSTALL_APP_PATH - assumed 'INSTALL_APP_PATH' /home/wwwroot/thinkphp/Application/Install/Common/function.php  110 .
NOTIC: [8] Use of undefined constant INSTALL_APP_PATH - assumed 'INSTALL_APP_PATH' /home/wwwroot/thinkphp/Application/Install/Common/function.php  117 .
ERR: :./Application/Install/View/Install/step1.html

[ 2016-06-01T19:10:28+08:00 ] 127.0.0.1 /install.php/Install/step/step/1
INFO: [ app_init ] --START--
INFO: Run Behavior\BuildLiteBehavior [ RunTime:0.000007s ]
INFO: [ app_init ] --END-- [ RunTime:0.000188s ]
INFO: [ app_begin ] --START--
INFO: Run Behavior\ReadHtmlCacheBehavior [ RunTime:0.000255s ]
INFO: Run Behavior\CheckLangBehavior [ RunTime:0.000380s ]
INFO: [ app_begin ] --END-- [ RunTime:0.000671s ]
NOTIC: [2] Declaration of Install\Controller\InstallController::error($info, $title = '...') should be compatible with Think\Controller::error($message = '', $jumpUrl = '', $ajax = false) /home/wwwroot/thinkphp/Application/Install/Controller/InstallController.class.php  16 .
NOTIC: [8] Use of undefined constant INSTALL_APP_PATH - assumed 'INSTALL_APP_PATH' /home/wwwroot/thinkphp/Application/Common/Check/Check.class.php  70 .
NOTIC: [2] disk_free_space(): No such file or directory /home/wwwroot/thinkphp/Application/Common/Check/Check.class.php  70 .
NOTIC: [8] Use of undefined constant INSTALL_APP_PATH - assumed 'INSTALL_APP_PATH' /home/wwwroot/thinkphp/Application/Install/Common/function.php  70 .
NOTIC: [2] disk_free_space(): No such file or directory /home/wwwroot/thinkphp/Application/Install/Common/function.php  70 .
NOTIC: [8] Use of undefined constant INSTALL_APP_PATH - assumed 'INSTALL_APP_PATH' /home/wwwroot/thinkphp/Application/Install/Common/function.php  98 .
NOTIC: [2] is_dir() expects parameter 1 to be a valid path, array given /home/wwwroot/thinkphp/Application/Install/Common/function.php  99 .
NOTIC: [8] Use of undefined constant INSTALL_APP_PATH - assumed 'INSTALL_APP_PATH' /home/wwwroot/thinkphp/Application/Install/Common/function.php  98 .
NOTIC: [2] is_dir() expects parameter 1 to be a valid path, array given /home/wwwroot/thinkphp/Application/Install/Common/function.php  99 .
NOTIC: [8] Use of undefined constant INSTALL_APP_PATH - assumed 'INSTALL_APP_PATH' /home/wwwroot/thinkphp/Application/Install/Common/function.php  98 .
NOTIC: [2] is_dir() expects parameter 1 to be a valid path, array given /home/wwwroot/thinkphp/Application/Install/Common/function.php  99 .
NOTIC: [8] Use of undefined constant INSTALL_APP_PATH - assumed 'INSTALL_APP_PATH' /home/wwwroot/thinkphp/Application/Install/Common/function.php  98 .
NOTIC: [2] is_dir() expects parameter 1 to be a valid path, array given /home/wwwroot/thinkphp/Application/Install/Common/function.php  99 .
NOTIC: [8] Use of undefined constant INSTALL_APP_PATH - assumed 'INSTALL_APP_PATH' /home/wwwroot/thinkphp/Application/Install/Common/function.php  98 .
NOTIC: [2] is_dir() expects parameter 1 to be a valid path, array given /home/wwwroot/thinkphp/Application/Install/Common/function.php  99 .
NOTIC: [8] Use of undefined constant INSTALL_APP_PATH - assumed 'INSTALL_APP_PATH' /home/wwwroot/thinkphp/Application/Install/Common/function.php  98 .
NOTIC: [2] is_dir() expects parameter 1 to be a valid path, array given /home/wwwroot/thinkphp/Application/Install/Common/function.php  99 .
NOTIC: [8] Use of undefined constant INSTALL_APP_PATH - assumed 'INSTALL_APP_PATH' /home/wwwroot/thinkphp/Application/Install/Common/function.php  98 .
NOTIC: [2] is_dir() expects parameter 1 to be a valid path, array given /home/wwwroot/thinkphp/Application/Install/Common/function.php  99 .
NOTIC: [8] Use of undefined constant INSTALL_APP_PATH - assumed 'INSTALL_APP_PATH' /home/wwwroot/thinkphp/Application/Install/Common/function.php  98 .
NOTIC: [2] is_dir() expects parameter 1 to be a valid path, array given /home/wwwroot/thinkphp/Application/Install/Common/function.php  99 .
NOTIC: [8] Use of undefined constant INSTALL_APP_PATH - assumed 'INSTALL_APP_PATH' /home/wwwroot/thinkphp/Application/Install/Common/function.php  110 .
NOTIC: [8] Use of undefined constant INSTALL_APP_PATH - assumed 'INSTALL_APP_PATH' /home/wwwroot/thinkphp/Application/Install/Common/function.php  117 .
NOTIC: [8] Use of undefined constant INSTALL_APP_PATH - assumed 'INSTALL_APP_PATH' /home/wwwroot/thinkphp/Application/Install/Common/function.php  110 .
NOTIC: [8] Use of undefined constant INSTALL_APP_PATH - assumed 'INSTALL_APP_PATH' /home/wwwroot/thinkphp/Application/Install/Common/function.php  117 .
ERR: :./Application/Install/View/Install/step1.html

[ 2016-06-01T19:25:29+08:00 ] 127.0.0.1 /install.php
INFO: [ app_init ] --START--
INFO: Run Behavior\BuildLiteBehavior [ RunTime:0.000005s ]
INFO: [ app_init ] --END-- [ RunTime:0.000134s ]
INFO: [ app_begin ] --START--
INFO: Run Behavior\ReadHtmlCacheBehavior [ RunTime:0.000243s ]
INFO: Run Behavior\CheckLangBehavior [ RunTime:0.000236s ]
INFO: [ app_begin ] --END-- [ RunTime:0.000514s ]
ERR: Think\Controller:themeDisplay

[ 2016-06-01T19:26:11+08:00 ] 127.0.0.1 /install.php
INFO: [ app_init ] --START--
INFO: Run Behavior\BuildLiteBehavior [ RunTime:0.000005s ]
INFO: [ app_init ] --END-- [ RunTime:0.000135s ]
INFO: [ app_begin ] --START--
INFO: Run Behavior\ReadHtmlCacheBehavior [ RunTime:0.000180s ]
INFO: Run Behavior\CheckLangBehavior [ RunTime:0.000228s ]
INFO: [ app_begin ] --END-- [ RunTime:0.000431s ]
INFO: [ view_parse ] --START--
INFO: [ template_filter ] --START--
INFO: Run Behavior\ContentReplaceBehavior [ RunTime:0.000022s ]
INFO: [ template_filter ] --END-- [ RunTime:0.000040s ]
INFO: Run Behavior\ParseTemplateBehavior [ RunTime:0.003090s ]
INFO: [ view_parse ] --END-- [ RunTime:0.003104s ]
INFO: [ view_filter ] --START--
INFO: Run Behavior\WriteHtmlCacheBehavior [ RunTime:0.000079s ]
INFO: [ view_filter ] --END-- [ RunTime:0.000087s ]
INFO: [ app_end ] --START--
INFO: Run Behavior\ShowPageTraceBehavior [ RunTime:0.000227s ]
INFO: [ app_end ] --END-- [ RunTime:0.000241s ]

[ 2016-06-01T20:09:42+08:00 ] 127.0.0.1 /install.php
INFO: [ app_init ] --START--
INFO: Run Behavior\BuildLiteBehavior [ RunTime:0.000006s ]
INFO: [ app_init ] --END-- [ RunTime:0.000155s ]
INFO: [ app_begin ] --START--
INFO: Run Behavior\ReadHtmlCacheBehavior [ RunTime:0.000200s ]
INFO: Run Behavior\CheckLangBehavior [ RunTime:0.000250s ]
INFO: [ app_begin ] --END-- [ RunTime:0.000476s ]
INFO: [ view_parse ] --START--
INFO: [ template_filter ] --START--
INFO: Run Behavior\ContentReplaceBehavior [ RunTime:0.000020s ]
INFO: [ template_filter ] --END-- [ RunTime:0.000035s ]
INFO: Run Behavior\ParseTemplateBehavior [ RunTime:0.003000s ]
INFO: [ view_parse ] --END-- [ RunTime:0.003015s ]
INFO: [ view_filter ] --START--
INFO: Run Behavior\WriteHtmlCacheBehavior [ RunTime:0.000080s ]
INFO: [ view_filter ] --END-- [ RunTime:0.000088s ]
INFO: [ app_end ] --START--
INFO: Run Behavior\ShowPageTraceBehavior [ RunTime:0.000200s ]
INFO: [ app_end ] --END-- [ RunTime:0.000211s ]

[ 2016-06-01T20:09:44+08:00 ] 127.0.0.1 /install.php
INFO: [ app_init ] --START--
INFO: Run Behavior\BuildLiteBehavior [ RunTime:0.000019s ]
INFO: [ app_init ] --END-- [ RunTime:0.000289s ]
INFO: [ app_begin ] --START--
INFO: Run Behavior\ReadHtmlCacheBehavior [ RunTime:0.000197s ]
INFO: Run Behavior\CheckLangBehavior [ RunTime:0.000244s ]
INFO: [ app_begin ] --END-- [ RunTime:0.000466s ]
INFO: [ view_parse ] --START--
INFO: [ template_filter ] --START--
INFO: Run Behavior\ContentReplaceBehavior [ RunTime:0.000022s ]
INFO: [ template_filter ] --END-- [ RunTime:0.000044s ]
INFO: Run Behavior\ParseTemplateBehavior [ RunTime:0.003285s ]
INFO: [ view_parse ] --END-- [ RunTime:0.003300s ]
INFO: [ view_filter ] --START--
INFO: Run Behavior\WriteHtmlCacheBehavior [ RunTime:0.000083s ]
INFO: [ view_filter ] --END-- [ RunTime:0.000091s ]
INFO: [ app_end ] --START--
INFO: Run Behavior\ShowPageTraceBehavior [ RunTime:0.000213s ]
INFO: [ app_end ] --END-- [ RunTime:0.000223s ]

[ 2016-06-01T20:13:25+08:00 ] 127.0.0.1 /install.php
INFO: [ app_init ] --START--
INFO: Run Behavior\BuildLiteBehavior [ RunTime:0.000006s ]
INFO: [ app_init ] --END-- [ RunTime:0.000142s ]
INFO: [ app_begin ] --START--
INFO: Run Behavior\ReadHtmlCacheBehavior [ RunTime:0.000192s ]
INFO: Run Behavior\CheckLangBehavior [ RunTime:0.000238s ]
INFO: [ app_begin ] --END-- [ RunTime:0.000453s ]
ERR: syntax error, unexpected ';', expecting ',' or ')'

[ 2016-06-01T20:15:18+08:00 ] 127.0.0.1 /install.php
INFO: [ app_init ] --START--
INFO: Run Behavior\BuildLiteBehavior [ RunTime:0.000005s ]
INFO: [ app_init ] --END-- [ RunTime:0.000134s ]
INFO: [ app_begin ] --START--
INFO: Run Behavior\ReadHtmlCacheBehavior [ RunTime:0.000178s ]
INFO: Run Behavior\CheckLangBehavior [ RunTime:0.000225s ]
INFO: [ app_begin ] --END-- [ RunTime:0.000427s ]
INFO: [ view_parse ] --START--
INFO: [ template_filter ] --START--
INFO: Run Behavior\ContentReplaceBehavior [ RunTime:0.000034s ]
INFO: [ template_filter ] --END-- [ RunTime:0.000062s ]
INFO: Run Behavior\ParseTemplateBehavior [ RunTime:0.002982s ]
INFO: [ view_parse ] --END-- [ RunTime:0.002995s ]
INFO: [ view_filter ] --START--
INFO: Run Behavior\WriteHtmlCacheBehavior [ RunTime:0.000082s ]
INFO: [ view_filter ] --END-- [ RunTime:0.000090s ]
INFO: [ app_end ] --START--
INFO: Run Behavior\ShowPageTraceBehavior [ RunTime:0.000263s ]
INFO: [ app_end ] --END-- [ RunTime:0.000272s ]

[ 2016-06-01T20:15:32+08:00 ] 127.0.0.1 /install.php
INFO: [ app_init ] --START--
INFO: Run Behavior\BuildLiteBehavior [ RunTime:0.000004s ]
INFO: [ app_init ] --END-- [ RunTime:0.000129s ]
INFO: [ app_begin ] --START--
INFO: Run Behavior\ReadHtmlCacheBehavior [ RunTime:0.000173s ]
INFO: Run Behavior\CheckLangBehavior [ RunTime:0.000273s ]
INFO: [ app_begin ] --END-- [ RunTime:0.000470s ]
INFO: [ view_parse ] --START--
INFO: [ template_filter ] --START--
INFO: Run Behavior\ContentReplaceBehavior [ RunTime:0.000026s ]
INFO: [ template_filter ] --END-- [ RunTime:0.000061s ]
INFO: Run Behavior\ParseTemplateBehavior [ RunTime:0.004147s ]
INFO: [ view_parse ] --END-- [ RunTime:0.004164s ]
INFO: [ view_filter ] --START--
INFO: Run Behavior\WriteHtmlCacheBehavior [ RunTime:0.000091s ]
INFO: [ view_filter ] --END-- [ RunTime:0.000111s ]
INFO: [ app_end ] --START--
INFO: Run Behavior\ShowPageTraceBehavior [ RunTime:0.000320s ]
INFO: [ app_end ] --END-- [ RunTime:0.000332s ]

[ 2016-06-01T20:15:33+08:00 ] 127.0.0.1 /install.php
INFO: [ app_init ] --START--
INFO: Run Behavior\BuildLiteBehavior [ RunTime:0.000006s ]
INFO: [ app_init ] --END-- [ RunTime:0.000184s ]
INFO: [ app_begin ] --START--
INFO: Run Behavior\ReadHtmlCacheBehavior [ RunTime:0.000251s ]
INFO: Run Behavior\CheckLangBehavior [ RunTime:0.000326s ]
INFO: [ app_begin ] --END-- [ RunTime:0.000610s ]
INFO: [ view_parse ] --START--
INFO: [ template_filter ] --START--
INFO: Run Behavior\ContentReplaceBehavior [ RunTime:0.000027s ]
INFO: [ template_filter ] --END-- [ RunTime:0.000046s ]
INFO: Run Behavior\ParseTemplateBehavior [ RunTime:0.003789s ]
INFO: [ view_parse ] --END-- [ RunTime:0.003808s ]
INFO: [ view_filter ] --START--
INFO: Run Behavior\WriteHtmlCacheBehavior [ RunTime:0.000104s ]
INFO: [ view_filter ] --END-- [ RunTime:0.000116s ]
INFO: [ app_end ] --START--
INFO: Run Behavior\ShowPageTraceBehavior [ RunTime:0.000275s ]
INFO: [ app_end ] --END-- [ RunTime:0.000288s ]

[ 2016-06-01T20:15:33+08:00 ] 127.0.0.1 /install.php
INFO: [ app_init ] --START--
INFO: Run Behavior\BuildLiteBehavior [ RunTime:0.000035s ]
INFO: [ app_init ] --END-- [ RunTime:0.000407s ]
INFO: [ app_begin ] --START--
INFO: Run Behavior\ReadHtmlCacheBehavior [ RunTime:0.000360s ]
INFO: Run Behavior\CheckLangBehavior [ RunTime:0.000464s ]
INFO: [ app_begin ] --END-- [ RunTime:0.000874s ]
INFO: [ view_parse ] --START--
INFO: [ template_filter ] --START--
INFO: Run Behavior\ContentReplaceBehavior [ RunTime:0.000022s ]
INFO: [ template_filter ] --END-- [ RunTime:0.000066s ]
INFO: Run Behavior\ParseTemplateBehavior [ RunTime:0.003078s ]
INFO: [ view_parse ] --END-- [ RunTime:0.003101s ]
INFO: [ view_filter ] --START--
INFO: Run Behavior\WriteHtmlCacheBehavior [ RunTime:0.000238s ]
INFO: [ view_filter ] --END-- [ RunTime:0.000251s ]
INFO: [ app_end ] --START--
INFO: Run Behavior\ShowPageTraceBehavior [ RunTime:0.000296s ]
INFO: [ app_end ] --END-- [ RunTime:0.000307s ]

[ 2016-06-01T20:15:34+08:00 ] 127.0.0.1 /install.php
INFO: [ app_init ] --START--
INFO: Run Behavior\BuildLiteBehavior [ RunTime:0.000004s ]
INFO: [ app_init ] --END-- [ RunTime:0.000134s ]
INFO: [ app_begin ] --START--
INFO: Run Behavior\ReadHtmlCacheBehavior [ RunTime:0.000192s ]
INFO: Run Behavior\CheckLangBehavior [ RunTime:0.000235s ]
INFO: [ app_begin ] --END-- [ RunTime:0.000450s ]
INFO: [ view_parse ] --START--
INFO: [ template_filter ] --START--
INFO: Run Behavior\ContentReplaceBehavior [ RunTime:0.000020s ]
INFO: [ template_filter ] --END-- [ RunTime:0.000034s ]
INFO: Run Behavior\ParseTemplateBehavior [ RunTime:0.002781s ]
INFO: [ view_parse ] --END-- [ RunTime:0.002796s ]
INFO: [ view_filter ] --START--
INFO: Run Behavior\WriteHtmlCacheBehavior [ RunTime:0.000089s ]
INFO: [ view_filter ] --END-- [ RunTime:0.000098s ]
INFO: [ app_end ] --START--
INFO: Run Behavior\ShowPageTraceBehavior [ RunTime:0.000221s ]
INFO: [ app_end ] --END-- [ RunTime:0.000232s ]

[ 2016-06-01T20:15:42+08:00 ] 127.0.0.1 /install.php
INFO: [ app_init ] --START--
INFO: Run Behavior\BuildLiteBehavior [ RunTime:0.000004s ]
INFO: [ app_init ] --END-- [ RunTime:0.000136s ]
INFO: [ app_begin ] --START--
INFO: Run Behavior\ReadHtmlCacheBehavior [ RunTime:0.000185s ]
INFO: Run Behavior\CheckLangBehavior [ RunTime:0.000245s ]
INFO: [ app_begin ] --END-- [ RunTime:0.000464s ]
INFO: [ view_parse ] --START--
INFO: [ template_filter ] --START--
INFO: Run Behavior\ContentReplaceBehavior [ RunTime:0.000030s ]
INFO: [ template_filter ] --END-- [ RunTime:0.000048s ]
INFO: Run Behavior\ParseTemplateBehavior [ RunTime:0.002870s ]
INFO: [ view_parse ] --END-- [ RunTime:0.002884s ]
INFO: [ view_filter ] --START--
INFO: Run Behavior\WriteHtmlCacheBehavior [ RunTime:0.000076s ]
INFO: [ view_filter ] --END-- [ RunTime:0.000085s ]
INFO: [ app_end ] --START--
INFO: Run Behavior\ShowPageTraceBehavior [ RunTime:0.000203s ]
INFO: [ app_end ] --END-- [ RunTime:0.000213s ]

[ 2016-06-01T20:15:43+08:00 ] 127.0.0.1 /install.php
INFO: [ app_init ] --START--
INFO: Run Behavior\BuildLiteBehavior [ RunTime:0.000008s ]
INFO: [ app_init ] --END-- [ RunTime:0.000171s ]
INFO: [ app_begin ] --START--
INFO: Run Behavior\ReadHtmlCacheBehavior [ RunTime:0.000230s ]
INFO: Run Behavior\CheckLangBehavior [ RunTime:0.000309s ]
INFO: [ app_begin ] --END-- [ RunTime:0.000578s ]
INFO: [ view_parse ] --START--
INFO: [ template_filter ] --START--
INFO: Run Behavior\ContentReplaceBehavior [ RunTime:0.000036s ]
INFO: [ template_filter ] --END-- [ RunTime:0.000057s ]
INFO: Run Behavior\ParseTemplateBehavior [ RunTime:0.003129s ]
INFO: [ view_parse ] --END-- [ RunTime:0.003146s ]
INFO: [ view_filter ] --START--
INFO: Run Behavior\WriteHtmlCacheBehavior [ RunTime:0.000080s ]
INFO: [ view_filter ] --END-- [ RunTime:0.000089s ]
INFO: [ app_end ] --START--
INFO: Run Behavior\ShowPageTraceBehavior [ RunTime:0.000289s ]
INFO: [ app_end ] --END-- [ RunTime:0.000301s ]

[ 2016-06-01T20:15:43+08:00 ] 127.0.0.1 /install.php
INFO: [ app_init ] --START--
INFO: Run Behavior\BuildLiteBehavior [ RunTime:0.000005s ]
INFO: [ app_init ] --END-- [ RunTime:0.000134s ]
INFO: [ app_begin ] --START--
INFO: Run Behavior\ReadHtmlCacheBehavior [ RunTime:0.000179s ]
INFO: Run Behavior\CheckLangBehavior [ RunTime:0.000229s ]
INFO: [ app_begin ] --END-- [ RunTime:0.000430s ]
INFO: [ view_parse ] --START--
INFO: [ template_filter ] --START--
INFO: Run Behavior\ContentReplaceBehavior [ RunTime:0.000019s ]
INFO: [ template_filter ] --END-- [ RunTime:0.000033s ]
INFO: Run Behavior\ParseTemplateBehavior [ RunTime:0.002693s ]
INFO: [ view_parse ] --END-- [ RunTime:0.002706s ]
INFO: [ view_filter ] --START--
INFO: Run Behavior\WriteHtmlCacheBehavior [ RunTime:0.000116s ]
INFO: [ view_filter ] --END-- [ RunTime:0.000125s ]
INFO: [ app_end ] --START--
INFO: Run Behavior\ShowPageTraceBehavior [ RunTime:0.000222s ]
INFO: [ app_end ] --END-- [ RunTime:0.000233s ]

[ 2016-06-01T20:15:44+08:00 ] 127.0.0.1 /install.php
INFO: [ app_init ] --START--
INFO: Run Behavior\BuildLiteBehavior [ RunTime:0.000004s ]
INFO: [ app_init ] --END-- [ RunTime:0.000136s ]
INFO: [ app_begin ] --START--
INFO: Run Behavior\ReadHtmlCacheBehavior [ RunTime:0.000184s ]
INFO: Run Behavior\CheckLangBehavior [ RunTime:0.000237s ]
INFO: [ app_begin ] --END-- [ RunTime:0.000445s ]
INFO: [ view_parse ] --START--
INFO: [ template_filter ] --START--
INFO: Run Behavior\ContentReplaceBehavior [ RunTime:0.000026s ]
INFO: [ template_filter ] --END-- [ RunTime:0.000047s ]
INFO: Run Behavior\ParseTemplateBehavior [ RunTime:0.002955s ]
INFO: [ view_parse ] --END-- [ RunTime:0.002969s ]
INFO: [ view_filter ] --START--
INFO: Run Behavior\WriteHtmlCacheBehavior [ RunTime:0.000105s ]
INFO: [ view_filter ] --END-- [ RunTime:0.000116s ]
INFO: [ app_end ] --START--
INFO: Run Behavior\ShowPageTraceBehavior [ RunTime:0.000236s ]
INFO: [ app_end ] --END-- [ RunTime:0.000249s ]

[ 2016-06-01T20:15:54+08:00 ] 127.0.0.1 /install.php
INFO: [ app_init ] --START--
INFO: Run Behavior\BuildLiteBehavior [ RunTime:0.000005s ]
INFO: [ app_init ] --END-- [ RunTime:0.000135s ]
INFO: [ app_begin ] --START--
INFO: Run Behavior\ReadHtmlCacheBehavior [ RunTime:0.000179s ]
INFO: Run Behavior\CheckLangBehavior [ RunTime:0.000260s ]
INFO: [ app_begin ] --END-- [ RunTime:0.000461s ]
INFO: [ view_parse ] --START--
INFO: [ template_filter ] --START--
INFO: Run Behavior\ContentReplaceBehavior [ RunTime:0.000024s ]
INFO: [ template_filter ] --END-- [ RunTime:0.000049s ]
INFO: Run Behavior\ParseTemplateBehavior [ RunTime:0.003137s ]
INFO: [ view_parse ] --END-- [ RunTime:0.003151s ]
INFO: [ view_filter ] --START--
INFO: Run Behavior\WriteHtmlCacheBehavior [ RunTime:0.000216s ]
INFO: [ view_filter ] --END-- [ RunTime:0.000227s ]
INFO: [ app_end ] --START--
INFO: Run Behavior\ShowPageTraceBehavior [ RunTime:0.000230s ]
INFO: [ app_end ] --END-- [ RunTime:0.000241s ]

[ 2016-06-01T20:15:54+08:00 ] 127.0.0.1 /install.php
INFO: [ app_init ] --START--
INFO: Run Behavior\BuildLiteBehavior [ RunTime:0.000006s ]
INFO: [ app_init ] --END-- [ RunTime:0.000167s ]
INFO: [ app_begin ] --START--
INFO: Run Behavior\ReadHtmlCacheBehavior [ RunTime:0.000230s ]
INFO: Run Behavior\CheckLangBehavior [ RunTime:0.000294s ]
INFO: [ app_begin ] --END-- [ RunTime:0.000552s ]
INFO: [ view_parse ] --START--
INFO: [ template_filter ] --START--
INFO: Run Behavior\ContentReplaceBehavior [ RunTime:0.000026s ]
INFO: [ template_filter ] --END-- [ RunTime:0.000052s ]
INFO: Run Behavior\ParseTemplateBehavior [ RunTime:0.004159s ]
INFO: [ view_parse ] --END-- [ RunTime:0.004178s ]
INFO: [ view_filter ] --START--
INFO: Run Behavior\WriteHtmlCacheBehavior [ RunTime:0.000099s ]
INFO: [ view_filter ] --END-- [ RunTime:0.000110s ]
INFO: [ app_end ] --START--
INFO: Run Behavior\ShowPageTraceBehavior [ RunTime:0.000274s ]
INFO: [ app_end ] --END-- [ RunTime:0.000288s ]

[ 2016-06-01T20:15:55+08:00 ] 127.0.0.1 /install.php
INFO: [ app_init ] --START--
INFO: Run Behavior\BuildLiteBehavior [ RunTime:0.000019s ]
INFO: [ app_init ] --END-- [ RunTime:0.000278s ]
INFO: [ app_begin ] --START--
INFO: Run Behavior\ReadHtmlCacheBehavior [ RunTime:0.000341s ]
INFO: Run Behavior\CheckLangBehavior [ RunTime:0.000428s ]
INFO: [ app_begin ] --END-- [ RunTime:0.000814s ]
INFO: [ view_parse ] --START--
INFO: [ template_filter ] --START--
INFO: Run Behavior\ContentReplaceBehavior [ RunTime:0.000020s ]
INFO: [ template_filter ] --END-- [ RunTime:0.000035s ]
INFO: Run Behavior\ParseTemplateBehavior [ RunTime:0.002752s ]
INFO: [ view_parse ] --END-- [ RunTime:0.002767s ]
INFO: [ view_filter ] --START--
INFO: Run Behavior\WriteHtmlCacheBehavior [ RunTime:0.000075s ]
INFO: [ view_filter ] --END-- [ RunTime:0.000084s ]
INFO: [ app_end ] --START--
INFO: Run Behavior\ShowPageTraceBehavior [ RunTime:0.000303s ]
INFO: [ app_end ] --END-- [ RunTime:0.000324s ]

[ 2016-06-01T20:15:56+08:00 ] 127.0.0.1 /install.php
INFO: [ app_init ] --START--
INFO: Run Behavior\BuildLiteBehavior [ RunTime:0.000004s ]
INFO: [ app_init ] --END-- [ RunTime:0.000141s ]
INFO: [ app_begin ] --START--
INFO: Run Behavior\ReadHtmlCacheBehavior [ RunTime:0.000185s ]
INFO: Run Behavior\CheckLangBehavior [ RunTime:0.000233s ]
INFO: [ app_begin ] --END-- [ RunTime:0.000442s ]
INFO: [ view_parse ] --START--
INFO: [ template_filter ] --START--
INFO: Run Behavior\ContentReplaceBehavior [ RunTime:0.000017s ]
INFO: [ template_filter ] --END-- [ RunTime:0.000032s ]
INFO: Run Behavior\ParseTemplateBehavior [ RunTime:0.002735s ]
INFO: [ view_parse ] --END-- [ RunTime:0.002750s ]
INFO: [ view_filter ] --START--
INFO: Run Behavior\WriteHtmlCacheBehavior [ RunTime:0.000074s ]
INFO: [ view_filter ] --END-- [ RunTime:0.000082s ]
INFO: [ app_end ] --START--
INFO: Run Behavior\ShowPageTraceBehavior [ RunTime:0.000208s ]
INFO: [ app_end ] --END-- [ RunTime:0.000219s ]

[ 2016-06-01T20:15:56+08:00 ] 127.0.0.1 /install.php
INFO: [ app_init ] --START--
INFO: Run Behavior\BuildLiteBehavior [ RunTime:0.000005s ]
INFO: [ app_init ] --END-- [ RunTime:0.000177s ]
INFO: [ app_begin ] --START--
INFO: Run Behavior\ReadHtmlCacheBehavior [ RunTime:0.000199s ]
INFO: Run Behavior\CheckLangBehavior [ RunTime:0.000273s ]
INFO: [ app_begin ] --END-- [ RunTime:0.000495s ]
INFO: [ view_parse ] --START--
INFO: [ template_filter ] --START--
INFO: Run Behavior\ContentReplaceBehavior [ RunTime:0.000020s ]
INFO: [ template_filter ] --END-- [ RunTime:0.000040s ]
INFO: Run Behavior\ParseTemplateBehavior [ RunTime:0.003420s ]
INFO: [ view_parse ] --END-- [ RunTime:0.003436s ]
INFO: [ view_filter ] --START--
INFO: Run Behavior\WriteHtmlCacheBehavior [ RunTime:0.000075s ]
INFO: [ view_filter ] --END-- [ RunTime:0.000083s ]
INFO: [ app_end ] --START--
INFO: Run Behavior\ShowPageTraceBehavior [ RunTime:0.000224s ]
INFO: [ app_end ] --END-- [ RunTime:0.000234s ]

[ 2016-06-01T20:16:29+08:00 ] 127.0.0.1 /install.php
INFO: [ app_init ] --START--
INFO: Run Behavior\BuildLiteBehavior [ RunTime:0.000004s ]
INFO: [ app_init ] --END-- [ RunTime:0.000134s ]
INFO: [ app_begin ] --START--
INFO: Run Behavior\ReadHtmlCacheBehavior [ RunTime:0.000258s ]
INFO: Run Behavior\CheckLangBehavior [ RunTime:0.000227s ]
INFO: [ app_begin ] --END-- [ RunTime:0.000508s ]
INFO: [ view_parse ] --START--
INFO: [ template_filter ] --START--
INFO: Run Behavior\ContentReplaceBehavior [ RunTime:0.000017s ]
INFO: [ template_filter ] --END-- [ RunTime:0.000033s ]
INFO: Run Behavior\ParseTemplateBehavior [ RunTime:0.002864s ]
INFO: [ view_parse ] --END-- [ RunTime:0.002878s ]
INFO: [ view_filter ] --START--
INFO: Run Behavior\WriteHtmlCacheBehavior [ RunTime:0.000097s ]
INFO: [ view_filter ] --END-- [ RunTime:0.000114s ]
INFO: [ app_end ] --START--
INFO: Run Behavior\ShowPageTraceBehavior [ RunTime:0.000267s ]
INFO: [ app_end ] --END-- [ RunTime:0.000277s ]

[ 2016-06-01T20:16:29+08:00 ] 127.0.0.1 /install.php
INFO: [ app_init ] --START--
INFO: Run Behavior\BuildLiteBehavior [ RunTime:0.000008s ]
INFO: [ app_init ] --END-- [ RunTime:0.000250s ]
INFO: [ app_begin ] --START--
INFO: Run Behavior\ReadHtmlCacheBehavior [ RunTime:0.000341s ]
INFO: Run Behavior\CheckLangBehavior [ RunTime:0.000443s ]
INFO: [ app_begin ] --END-- [ RunTime:0.000828s ]
INFO: [ view_parse ] --START--
INFO: [ template_filter ] --START--
INFO: Run Behavior\ContentReplaceBehavior [ RunTime:0.000024s ]
INFO: [ template_filter ] --END-- [ RunTime:0.000048s ]
INFO: Run Behavior\ParseTemplateBehavior [ RunTime:0.003801s ]
INFO: [ view_parse ] --END-- [ RunTime:0.003817s ]
INFO: [ view_filter ] --START--
INFO: Run Behavior\WriteHtmlCacheBehavior [ RunTime:0.000086s ]
INFO: [ view_filter ] --END-- [ RunTime:0.000096s ]
INFO: [ app_end ] --START--
INFO: Run Behavior\ShowPageTraceBehavior [ RunTime:0.000229s ]
INFO: [ app_end ] --END-- [ RunTime:0.000241s ]

[ 2016-06-01T20:16:29+08:00 ] 127.0.0.1 /install.php
INFO: [ app_init ] --START--
INFO: Run Behavior\BuildLiteBehavior [ RunTime:0.000006s ]
INFO: [ app_init ] --END-- [ RunTime:0.000184s ]
INFO: [ app_begin ] --START--
INFO: Run Behavior\ReadHtmlCacheBehavior [ RunTime:0.000250s ]
INFO: Run Behavior\CheckLangBehavior [ RunTime:0.000318s ]
INFO: [ app_begin ] --END-- [ RunTime:0.000600s ]
INFO: [ view_parse ] --START--
INFO: [ template_filter ] --START--
INFO: Run Behavior\ContentReplaceBehavior [ RunTime:0.000023s ]
INFO: [ template_filter ] --END-- [ RunTime:0.000046s ]
INFO: Run Behavior\ParseTemplateBehavior [ RunTime:0.003517s ]
INFO: [ view_parse ] --END-- [ RunTime:0.003534s ]
INFO: [ view_filter ] --START--
INFO: Run Behavior\WriteHtmlCacheBehavior [ RunTime:0.000081s ]
INFO: [ view_filter ] --END-- [ RunTime:0.000091s ]
INFO: [ app_end ] --START--
INFO: Run Behavior\ShowPageTraceBehavior [ RunTime:0.000252s ]
INFO: [ app_end ] --END-- [ RunTime:0.000264s ]

[ 2016-06-01T20:16:30+08:00 ] 127.0.0.1 /install.php
INFO: [ app_init ] --START--
INFO: Run Behavior\BuildLiteBehavior [ RunTime:0.000006s ]
INFO: [ app_init ] --END-- [ RunTime:0.000153s ]
INFO: [ app_begin ] --START--
INFO: Run Behavior\ReadHtmlCacheBehavior [ RunTime:0.000189s ]
INFO: Run Behavior\CheckLangBehavior [ RunTime:0.000243s ]
INFO: [ app_begin ] --END-- [ RunTime:0.000458s ]
INFO: [ view_parse ] --START--
INFO: [ template_filter ] --START--
INFO: Run Behavior\ContentReplaceBehavior [ RunTime:0.000021s ]
INFO: [ template_filter ] --END-- [ RunTime:0.000038s ]
INFO: Run Behavior\ParseTemplateBehavior [ RunTime:0.003245s ]
INFO: [ view_parse ] --END-- [ RunTime:0.003260s ]
INFO: [ view_filter ] --START--
INFO: Run Behavior\WriteHtmlCacheBehavior [ RunTime:0.000077s ]
INFO: [ view_filter ] --END-- [ RunTime:0.000087s ]
INFO: [ app_end ] --START--
INFO: Run Behavior\ShowPageTraceBehavior [ RunTime:0.000206s ]
INFO: [ app_end ] --END-- [ RunTime:0.000216s ]

[ 2016-06-01T20:16:30+08:00 ] 127.0.0.1 /install.php
INFO: [ app_init ] --START--
INFO: Run Behavior\BuildLiteBehavior [ RunTime:0.000008s ]
INFO: [ app_init ] --END-- [ RunTime:0.000242s ]
INFO: [ app_begin ] --START--
INFO: Run Behavior\ReadHtmlCacheBehavior [ RunTime:0.000329s ]
INFO: Run Behavior\CheckLangBehavior [ RunTime:0.000425s ]
INFO: [ app_begin ] --END-- [ RunTime:0.000796s ]
INFO: [ view_parse ] --START--
INFO: [ template_filter ] --START--
INFO: Run Behavior\ContentReplaceBehavior [ RunTime:0.000033s ]
INFO: [ template_filter ] --END-- [ RunTime:0.000064s ]
INFO: Run Behavior\ParseTemplateBehavior [ RunTime:0.005308s ]
INFO: [ view_parse ] --END-- [ RunTime:0.005332s ]
INFO: [ view_filter ] --START--
INFO: Run Behavior\WriteHtmlCacheBehavior [ RunTime:0.000132s ]
INFO: [ view_filter ] --END-- [ RunTime:0.000147s ]
INFO: [ app_end ] --START--
INFO: Run Behavior\ShowPageTraceBehavior [ RunTime:0.000349s ]
INFO: [ app_end ] --END-- [ RunTime:0.000366s ]

[ 2016-06-01T20:16:30+08:00 ] 127.0.0.1 /install.php
INFO: [ app_init ] --START--
INFO: Run Behavior\BuildLiteBehavior [ RunTime:0.000005s ]
INFO: [ app_init ] --END-- [ RunTime:0.000132s ]
INFO: [ app_begin ] --START--
INFO: Run Behavior\ReadHtmlCacheBehavior [ RunTime:0.000177s ]
INFO: Run Behavior\CheckLangBehavior [ RunTime:0.000227s ]
INFO: [ app_begin ] --END-- [ RunTime:0.000427s ]
INFO: [ view_parse ] --START--
INFO: [ template_filter ] --START--
INFO: Run Behavior\ContentReplaceBehavior [ RunTime:0.000019s ]
INFO: [ template_filter ] --END-- [ RunTime:0.000037s ]
INFO: Run Behavior\ParseTemplateBehavior [ RunTime:0.002212s ]
INFO: [ view_parse ] --END-- [ RunTime:0.002227s ]
INFO: [ view_filter ] --START--
INFO: Run Behavior\WriteHtmlCacheBehavior [ RunTime:0.000084s ]
INFO: [ view_filter ] --END-- [ RunTime:0.000092s ]
INFO: [ app_end ] --START--
INFO: Run Behavior\ShowPageTraceBehavior [ RunTime:0.000232s ]
INFO: [ app_end ] --END-- [ RunTime:0.000243s ]

[ 2016-06-01T20:16:45+08:00 ] 127.0.0.1 /install.php
INFO: [ app_init ] --START--
INFO: Run Behavior\BuildLiteBehavior [ RunTime:0.000006s ]
INFO: [ app_init ] --END-- [ RunTime:0.000147s ]
INFO: [ app_begin ] --START--
INFO: Run Behavior\ReadHtmlCacheBehavior [ RunTime:0.000180s ]
INFO: Run Behavior\CheckLangBehavior [ RunTime:0.000301s ]
INFO: [ app_begin ] --END-- [ RunTime:0.000504s ]
INFO: [ view_parse ] --START--
INFO: [ template_filter ] --START--
INFO: Run Behavior\ContentReplaceBehavior [ RunTime:0.000018s ]
INFO: [ template_filter ] --END-- [ RunTime:0.000036s ]
INFO: Run Behavior\ParseTemplateBehavior [ RunTime:0.002472s ]
INFO: [ view_parse ] --END-- [ RunTime:0.002488s ]
INFO: [ view_filter ] --START--
INFO: Run Behavior\WriteHtmlCacheBehavior [ RunTime:0.000078s ]
INFO: [ view_filter ] --END-- [ RunTime:0.000087s ]
INFO: [ app_end ] --START--
INFO: Run Behavior\ShowPageTraceBehavior [ RunTime:0.000208s ]
INFO: [ app_end ] --END-- [ RunTime:0.000219s ]

[ 2016-06-01T20:16:45+08:00 ] 127.0.0.1 /install.php
INFO: [ app_init ] --START--
INFO: Run Behavior\BuildLiteBehavior [ RunTime:0.000005s ]
INFO: [ app_init ] --END-- [ RunTime:0.000147s ]
INFO: [ app_begin ] --START--
INFO: Run Behavior\ReadHtmlCacheBehavior [ RunTime:0.000200s ]
INFO: Run Behavior\CheckLangBehavior [ RunTime:0.000249s ]
INFO: [ app_begin ] --END-- [ RunTime:0.000474s ]
INFO: [ view_parse ] --START--
INFO: [ template_filter ] --START--
INFO: Run Behavior\ContentReplaceBehavior [ RunTime:0.000019s ]
INFO: [ template_filter ] --END-- [ RunTime:0.000038s ]
INFO: Run Behavior\ParseTemplateBehavior [ RunTime:0.002345s ]
INFO: [ view_parse ] --END-- [ RunTime:0.002363s ]
INFO: [ view_filter ] --START--
INFO: Run Behavior\WriteHtmlCacheBehavior [ RunTime:0.000082s ]
INFO: [ view_filter ] --END-- [ RunTime:0.000091s ]
INFO: [ app_end ] --START--
INFO: Run Behavior\ShowPageTraceBehavior [ RunTime:0.000218s ]
INFO: [ app_end ] --END-- [ RunTime:0.000228s ]

[ 2016-06-01T20:16:58+08:00 ] 127.0.0.1 /install.php
INFO: [ app_init ] --START--
INFO: Run Behavior\BuildLiteBehavior [ RunTime:0.000004s ]
INFO: [ app_init ] --END-- [ RunTime:0.000167s ]
INFO: [ app_begin ] --START--
INFO: Run Behavior\ReadHtmlCacheBehavior [ RunTime:0.000208s ]
INFO: Run Behavior\CheckLangBehavior [ RunTime:0.000247s ]
INFO: [ app_begin ] --END-- [ RunTime:0.000482s ]
INFO: [ view_parse ] --START--
INFO: [ template_filter ] --START--
INFO: Run Behavior\ContentReplaceBehavior [ RunTime:0.000024s ]
INFO: [ template_filter ] --END-- [ RunTime:0.000047s ]
INFO: Run Behavior\ParseTemplateBehavior [ RunTime:0.003501s ]
INFO: [ view_parse ] --END-- [ RunTime:0.003536s ]
INFO: [ view_filter ] --START--
INFO: Run Behavior\WriteHtmlCacheBehavior [ RunTime:0.000191s ]
INFO: [ view_filter ] --END-- [ RunTime:0.000203s ]
INFO: [ app_end ] --START--
INFO: Run Behavior\ShowPageTraceBehavior [ RunTime:0.000448s ]
INFO: [ app_end ] --END-- [ RunTime:0.000461s ]

[ 2016-06-01T20:17:19+08:00 ] 127.0.0.1 /install.php
INFO: [ app_init ] --START--
INFO: Run Behavior\BuildLiteBehavior [ RunTime:0.000008s ]
INFO: [ app_init ] --END-- [ RunTime:0.000185s ]
INFO: [ app_begin ] --START--
INFO: Run Behavior\ReadHtmlCacheBehavior [ RunTime:0.000220s ]
INFO: Run Behavior\CheckLangBehavior [ RunTime:0.000227s ]
INFO: [ app_begin ] --END-- [ RunTime:0.000473s ]
NOTIC: [2] Missing argument 2 for Base\Controller\BaseController::createResponse(), called in /home/wwwroot/thinkphp/Application/Install/Controller/IndexController.class.php on line 19 and defined /home/wwwroot/thinkphp/Application/Common/Traits/FunctionTrait.class.php  38 .

[ 2016-06-01T20:17:27+08:00 ] 127.0.0.1 /install.php
INFO: [ app_init ] --START--
INFO: Run Behavior\BuildLiteBehavior [ RunTime:0.000008s ]
INFO: [ app_init ] --END-- [ RunTime:0.000222s ]
INFO: [ app_begin ] --START--
INFO: Run Behavior\ReadHtmlCacheBehavior [ RunTime:0.000316s ]
INFO: Run Behavior\CheckLangBehavior [ RunTime:0.000385s ]
INFO: [ app_begin ] --END-- [ RunTime:0.000740s ]
NOTIC: [2] Missing argument 2 for Base\Controller\BaseController::createResponse(), called in /home/wwwroot/thinkphp/Application/Install/Controller/IndexController.class.php on line 19 and defined /home/wwwroot/thinkphp/Application/Common/Traits/FunctionTrait.class.php  38 .
NOTIC: [8] Undefined variable: message /home/wwwroot/thinkphp/Application/Common/Traits/FunctionTrait.class.php  45 .
INFO: [ view_parse ] --START--
INFO: [ template_filter ] --START--
INFO: Run Behavior\ContentReplaceBehavior [ RunTime:0.000019s ]
INFO: [ template_filter ] --END-- [ RunTime:0.000040s ]
INFO: Run Behavior\ParseTemplateBehavior [ RunTime:0.003166s ]
INFO: [ view_parse ] --END-- [ RunTime:0.003184s ]
INFO: [ view_filter ] --START--
INFO: Run Behavior\WriteHtmlCacheBehavior [ RunTime:0.000090s ]
INFO: [ view_filter ] --END-- [ RunTime:0.000101s ]
INFO: [ view_parse ] --START--
INFO: [ template_filter ] --START--
INFO: Run Behavior\ContentReplaceBehavior [ RunTime:0.000014s ]
INFO: [ template_filter ] --END-- [ RunTime:-0.000853s ]
INFO: Run Behavior\ParseTemplateBehavior [ RunTime:0.000657s ]
INFO: [ view_parse ] --END-- [ RunTime:-0.000158s ]
INFO: [ view_filter ] --START--
INFO: Run Behavior\WriteHtmlCacheBehavior [ RunTime:0.000003s ]
INFO: [ view_filter ] --END-- [ RunTime:-0.000724s ]
INFO: [ app_end ] --START--
INFO: Run Behavior\ShowPageTraceBehavior [ RunTime:0.000249s ]
INFO: [ app_end ] --END-- [ RunTime:0.000261s ]

[ 2016-06-01T20:17:42+08:00 ] 127.0.0.1 /install.php
INFO: [ app_init ] --START--
INFO: Run Behavior\BuildLiteBehavior [ RunTime:0.000006s ]
INFO: [ app_init ] --END-- [ RunTime:0.000190s ]
INFO: [ app_begin ] --START--
INFO: Run Behavior\ReadHtmlCacheBehavior [ RunTime:0.000209s ]
INFO: Run Behavior\CheckLangBehavior [ RunTime:0.000244s ]
INFO: [ app_begin ] --END-- [ RunTime:0.000479s ]
NOTIC: [2] Missing argument 2 for Base\Controller\BaseController::createResponse(), called in /home/wwwroot/thinkphp/Application/Install/Controller/IndexController.class.php on line 19 and defined /home/wwwroot/thinkphp/Application/Common/Traits/FunctionTrait.class.php  38 .
NOTIC: [8] Undefined variable: message /home/wwwroot/thinkphp/Application/Common/Traits/FunctionTrait.class.php  45 .
ERR: :./Application/Home/View/Default/message.html

[ 2016-06-01T20:18:32+08:00 ] 127.0.0.1 /install.php
INFO: [ app_init ] --START--
INFO: Run Behavior\BuildLiteBehavior [ RunTime:0.000018s ]
INFO: [ app_init ] --END-- [ RunTime:0.000286s ]
INFO: [ app_begin ] --START--
INFO: Run Behavior\ReadHtmlCacheBehavior [ RunTime:0.000195s ]
INFO: Run Behavior\CheckLangBehavior [ RunTime:0.000248s ]
INFO: [ app_begin ] --END-- [ RunTime:0.000470s ]
INFO: [ view_parse ] --START--
INFO: [ template_filter ] --START--
INFO: Run Behavior\ContentReplaceBehavior [ RunTime:0.000021s ]
INFO: [ template_filter ] --END-- [ RunTime:0.000040s ]
INFO: Run Behavior\ParseTemplateBehavior [ RunTime:0.003592s ]
INFO: [ view_parse ] --END-- [ RunTime:0.003608s ]
INFO: [ view_filter ] --START--
INFO: Run Behavior\WriteHtmlCacheBehavior [ RunTime:0.000076s ]
INFO: [ view_filter ] --END-- [ RunTime:0.000085s ]
INFO: [ app_end ] --START--
INFO: Run Behavior\ShowPageTraceBehavior [ RunTime:0.000202s ]
INFO: [ app_end ] --END-- [ RunTime:0.000212s ]

