[ 2016-06-14T09:40:03+08:00 ] 127.0.0.1 /install.php
INFO: [ app_init ] --START--
INFO: Run Behavior\BuildLiteBehavior [ RunTime:0.000006s ]
INFO: [ app_init ] --END-- [ RunTime:0.000197s ]
INFO: [ app_begin ] --START--
INFO: Run Behavior\ReadHtmlCacheBehavior [ RunTime:0.000192s ]
INFO: Run Behavior\CheckLangBehavior [ RunTime:0.000254s ]
INFO: [ app_begin ] --END-- [ RunTime:0.000470s ]
INFO: [ view_parse ] --START--
INFO: [ template_filter ] --START--
INFO: Run Behavior\ContentReplaceBehavior [ RunTime:0.000033s ]
INFO: [ template_filter ] --END-- [ RunTime:0.000046s ]
INFO: Run Behavior\ParseTemplateBehavior [ RunTime:0.003581s ]
INFO: [ view_parse ] --END-- [ RunTime:0.003595s ]
INFO: [ view_filter ] --START--
INFO: Run Behavior\WriteHtmlCacheBehavior [ RunTime:0.000114s ]
INFO: [ view_filter ] --END-- [ RunTime:0.000123s ]
INFO: [ app_end ] --START--
INFO: Run Behavior\ShowPageTraceBehavior [ RunTime:0.000231s ]
INFO: [ app_end ] --END-- [ RunTime:0.000240s ]

[ 2016-06-14T09:40:05+08:00 ] 127.0.0.1 /install.php/Install/step/step/1
INFO: [ app_init ] --START--
INFO: Run Behavior\BuildLiteBehavior [ RunTime:0.000005s ]
INFO: [ app_init ] --END-- [ RunTime:0.000147s ]
INFO: [ app_begin ] --START--
INFO: Run Behavior\ReadHtmlCacheBehavior [ RunTime:0.000274s ]
INFO: Run Behavior\CheckLangBehavior [ RunTime:0.000259s ]
INFO: [ app_begin ] --END-- [ RunTime:0.000561s ]
NOTIC: [2] Declaration of Install\Controller\InstallController::error($info, $title = 'ÂæàÈÅóÊÜæÔ...') should be compatible with Think\Controller::error($message = '', $jumpUrl = '', $ajax = false) /home/wwwroot/thinkphp/Application/Install/Controller/InstallController.class.php Á¨¨ 16 Ë°å.
NOTIC: [8] Use of undefined constant INSTALL_APP_PATH - assumed 'INSTALL_APP_PATH' /home/wwwroot/thinkphp/Application/Install/Common/function.php Á¨¨ 98 Ë°å.
NOTIC: [2] is_dir() expects parameter 1 to be a valid path, array given /home/wwwroot/thinkphp/Application/Install/Common/function.php Á¨¨ 99 Ë°å.
NOTIC: [8] Use of undefined constant INSTALL_APP_PATH - assumed 'INSTALL_APP_PATH' /home/wwwroot/thinkphp/Application/Install/Common/function.php Á¨¨ 98 Ë°å.
NOTIC: [2] is_dir() expects parameter 1 to be a valid path, array given /home/wwwroot/thinkphp/Application/Install/Common/function.php Á¨¨ 99 Ë°å.
NOTIC: [8] Use of undefined constant INSTALL_APP_PATH - assumed 'INSTALL_APP_PATH' /home/wwwroot/thinkphp/Application/Install/Common/function.php Á¨¨ 98 Ë°å.
NOTIC: [2] is_dir() expects parameter 1 to be a valid path, array given /home/wwwroot/thinkphp/Application/Install/Common/function.php Á¨¨ 99 Ë°å.
NOTIC: [8] Use of undefined constant INSTALL_APP_PATH - assumed 'INSTALL_APP_PATH' /home/wwwroot/thinkphp/Application/Install/Common/function.php Á¨¨ 98 Ë°å.
NOTIC: [2] is_dir() expects parameter 1 to be a valid path, array given /home/wwwroot/thinkphp/Application/Install/Common/function.php Á¨¨ 99 Ë°å.
NOTIC: [8] Use of undefined constant INSTALL_APP_PATH - assumed 'INSTALL_APP_PATH' /home/wwwroot/thinkphp/Application/Install/Common/function.php Á¨¨ 98 Ë°å.
NOTIC: [2] is_dir() expects parameter 1 to be a valid path, array given /home/wwwroot/thinkphp/Application/Install/Common/function.php Á¨¨ 99 Ë°å.
NOTIC: [8] Use of undefined constant INSTALL_APP_PATH - assumed 'INSTALL_APP_PATH' /home/wwwroot/thinkphp/Application/Install/Common/function.php Á¨¨ 98 Ë°å.
NOTIC: [2] is_dir() expects parameter 1 to be a valid path, array given /home/wwwroot/thinkphp/Application/Install/Common/function.php Á¨¨ 99 Ë°å.
NOTIC: [8] Use of undefined constant INSTALL_APP_PATH - assumed 'INSTALL_APP_PATH' /home/wwwroot/thinkphp/Application/Install/Common/function.php Á¨¨ 98 Ë°å.
NOTIC: [2] is_dir() expects parameter 1 to be a valid path, array given /home/wwwroot/thinkphp/Application/Install/Common/function.php Á¨¨ 99 Ë°å.
NOTIC: [8] Use of undefined constant INSTALL_APP_PATH - assumed 'INSTALL_APP_PATH' /home/wwwroot/thinkphp/Application/Install/Common/function.php Á¨¨ 98 Ë°å.
NOTIC: [2] is_dir() expects parameter 1 to be a valid path, array given /home/wwwroot/thinkphp/Application/Install/Common/function.php Á¨¨ 99 Ë°å.
NOTIC: [8] Use of undefined constant INSTALL_APP_PATH - assumed 'INSTALL_APP_PATH' /home/wwwroot/thinkphp/Application/Install/Common/function.php Á¨¨ 110 Ë°å.
NOTIC: [8] Use of undefined constant INSTALL_APP_PATH - assumed 'INSTALL_APP_PATH' /home/wwwroot/thinkphp/Application/Install/Common/function.php Á¨¨ 117 Ë°å.
NOTIC: [8] Use of undefined constant INSTALL_APP_PATH - assumed 'INSTALL_APP_PATH' /home/wwwroot/thinkphp/Application/Install/Common/function.php Á¨¨ 110 Ë°å.
NOTIC: [8] Use of undefined constant INSTALL_APP_PATH - assumed 'INSTALL_APP_PATH' /home/wwwroot/thinkphp/Application/Install/Common/function.php Á¨¨ 117 Ë°å.
INFO: [ view_parse ] --START--
INFO: [ template_filter ] --START--
INFO: Run Behavior\ContentReplaceBehavior [ RunTime:0.000044s ]
INFO: [ template_filter ] --END-- [ RunTime:0.000066s ]
INFO: Run Behavior\ParseTemplateBehavior [ RunTime:0.022037s ]
INFO: [ view_parse ] --END-- [ RunTime:0.022084s ]
INFO: [ view_filter ] --START--
INFO: Run Behavior\WriteHtmlCacheBehavior [ RunTime:0.000127s ]
INFO: [ view_filter ] --END-- [ RunTime:0.000154s ]
INFO: [ app_end ] --START--
INFO: Run Behavior\ShowPageTraceBehavior [ RunTime:0.000545s ]
INFO: [ app_end ] --END-- [ RunTime:0.000568s ]

