[ 2016-06-13T19:18:28+08:00 ] 127.0.0.1 /install.php
INFO: [ app_init ] --START--
INFO: Run Behavior\BuildLiteBehavior [ RunTime:0.000021s ]
INFO: [ app_init ] --END-- [ RunTime:0.000335s ]
INFO: [ app_begin ] --START--
INFO: Run Behavior\ReadHtmlCacheBehavior [ RunTime:0.000240s ]
INFO: Run Behavior\CheckLangBehavior [ RunTime:0.000274s ]
INFO: [ app_begin ] --END-- [ RunTime:0.000552s ]
INFO: [ view_parse ] --START--
INFO: [ template_filter ] --START--
INFO: Run Behavior\ContentReplaceBehavior [ RunTime:0.000033s ]
INFO: [ template_filter ] --END-- [ RunTime:0.000053s ]
INFO: Run Behavior\ParseTemplateBehavior [ RunTime:0.003638s ]
INFO: [ view_parse ] --END-- [ RunTime:0.003656s ]
INFO: [ view_filter ] --START--
INFO: Run Behavior\WriteHtmlCacheBehavior [ RunTime:0.000141s ]
INFO: [ view_filter ] --END-- [ RunTime:0.000150s ]
INFO: [ app_end ] --START--
INFO: Run Behavior\ShowPageTraceBehavior [ RunTime:0.000224s ]
INFO: [ app_end ] --END-- [ RunTime:0.000235s ]

[ 2016-06-13T19:18:29+08:00 ] 127.0.0.1 /install.php/Install/step/step/1
INFO: [ app_init ] --START--
INFO: Run Behavior\BuildLiteBehavior [ RunTime:0.000005s ]
INFO: [ app_init ] --END-- [ RunTime:0.000233s ]
INFO: [ app_begin ] --START--
INFO: Run Behavior\ReadHtmlCacheBehavior [ RunTime:0.000330s ]
INFO: Run Behavior\CheckLangBehavior [ RunTime:0.000231s ]
INFO: [ app_begin ] --END-- [ RunTime:0.000600s ]
NOTIC: [2] Declaration of Install\Controller\InstallController::error($info, $title = 'ÂæàÈÅóÊÜæÔ...') should be compatible with Think\Controller::error($message = '', $jumpUrl = '', $ajax = false) /home/wwwroot/thinkphp/Application/Install/Controller/InstallController.class.php Á¨¨ 16 Ë°å.
NOTIC: [8] Use of undefined constant INSTALL_APP_PATH - assumed 'INSTALL_APP_PATH' /home/wwwroot/thinkphp/Application/Install/Common/function.php Á¨¨ 98 Ë°å.
NOTIC: [2] is_dir() expects parameter 1 to be a valid path, array given /home/wwwroot/thinkphp/Application/Install/Common/function.php Á¨¨ 99 Ë°å.
NOTIC: [8] Use of undefined constant INSTALL_APP_PATH - assumed 'INSTALL_APP_PATH' /home/wwwroot/thinkphp/Application/Install/Common/function.php Á¨¨ 98 Ë°å.
NOTIC: [2] is_dir() expects parameter 1 to be a valid path, array given /home/wwwroot/thinkphp/Application/Install/Common/function.php Á¨¨ 99 Ë°å.
NOTIC: [8] Use of undefined constant INSTALL_APP_PATH - assumed 'INSTALL_APP_PATH' /home/wwwroot/thinkphp/Application/Install/Common/function.php Á¨¨ 98 Ë°å.
NOTIC: [2] is_dir() expects parameter 1 to be a valid path, array given /home/wwwroot/thinkphp/Application/Install/Common/function.php Á¨¨ 99 Ë°å.
NOTIC: [8] Use of undefined constant INSTALL_APP_PATH - assumed 'INSTALL_APP_PATH' /home/wwwroot/thinkphp/Application/Install/Common/function.php Á¨¨ 98 Ë°å.
NOTIC: [2] is_dir() expects parameter 1 to be a valid path, array given /home/wwwroot/thinkphp/Application/Install/Common/function.php Á¨¨ 99 Ë°å.
NOTIC: [8] Use of undefined constant INSTALL_APP_PATH - assumed 'INSTALL_APP_PATH' /home/wwwroot/thinkphp/Application/Install/Common/function.php Á¨¨ 98 Ë°å.
NOTIC: [2] is_dir() expects parameter 1 to be a valid path, array given /home/wwwroot/thinkphp/Application/Install/Common/function.php Á¨¨ 99 Ë°å.
NOTIC: [8] Use of undefined constant INSTALL_APP_PATH - assumed 'INSTALL_APP_PATH' /home/wwwroot/thinkphp/Application/Install/Common/function.php Á¨¨ 98 Ë°å.
NOTIC: [2] is_dir() expects parameter 1 to be a valid path, array given /home/wwwroot/thinkphp/Application/Install/Common/function.php Á¨¨ 99 Ë°å.
NOTIC: [8] Use of undefined constant INSTALL_APP_PATH - assumed 'INSTALL_APP_PATH' /home/wwwroot/thinkphp/Application/Install/Common/function.php Á¨¨ 98 Ë°å.
NOTIC: [2] is_dir() expects parameter 1 to be a valid path, array given /home/wwwroot/thinkphp/Application/Install/Common/function.php Á¨¨ 99 Ë°å.
NOTIC: [8] Use of undefined constant INSTALL_APP_PATH - assumed 'INSTALL_APP_PATH' /home/wwwroot/thinkphp/Application/Install/Common/function.php Á¨¨ 98 Ë°å.
NOTIC: [2] is_dir() expects parameter 1 to be a valid path, array given /home/wwwroot/thinkphp/Application/Install/Common/function.php Á¨¨ 99 Ë°å.
NOTIC: [8] Use of undefined constant INSTALL_APP_PATH - assumed 'INSTALL_APP_PATH' /home/wwwroot/thinkphp/Application/Install/Common/function.php Á¨¨ 110 Ë°å.
NOTIC: [8] Use of undefined constant INSTALL_APP_PATH - assumed 'INSTALL_APP_PATH' /home/wwwroot/thinkphp/Application/Install/Common/function.php Á¨¨ 117 Ë°å.
NOTIC: [8] Use of undefined constant INSTALL_APP_PATH - assumed 'INSTALL_APP_PATH' /home/wwwroot/thinkphp/Application/Install/Common/function.php Á¨¨ 110 Ë°å.
NOTIC: [8] Use of undefined constant INSTALL_APP_PATH - assumed 'INSTALL_APP_PATH' /home/wwwroot/thinkphp/Application/Install/Common/function.php Á¨¨ 117 Ë°å.
INFO: [ view_parse ] --START--
INFO: [ template_filter ] --START--
INFO: Run Behavior\ContentReplaceBehavior [ RunTime:0.000046s ]
INFO: [ template_filter ] --END-- [ RunTime:0.000067s ]
INFO: Run Behavior\ParseTemplateBehavior [ RunTime:0.004529s ]
INFO: [ view_parse ] --END-- [ RunTime:0.004542s ]
INFO: [ view_filter ] --START--
INFO: Run Behavior\WriteHtmlCacheBehavior [ RunTime:0.000077s ]
INFO: [ view_filter ] --END-- [ RunTime:0.000086s ]
INFO: [ app_end ] --START--
INFO: Run Behavior\ShowPageTraceBehavior [ RunTime:0.000203s ]
INFO: [ app_end ] --END-- [ RunTime:0.000213s ]

[ 2016-06-13T19:25:37+08:00 ] 127.0.0.1 /install.php/Install/step/step/1
INFO: [ app_init ] --START--
INFO: Run Behavior\BuildLiteBehavior [ RunTime:0.000009s ]
INFO: [ app_init ] --END-- [ RunTime:0.000206s ]
INFO: [ app_begin ] --START--
INFO: Run Behavior\ReadHtmlCacheBehavior [ RunTime:0.000243s ]
INFO: Run Behavior\CheckLangBehavior [ RunTime:0.000325s ]
INFO: [ app_begin ] --END-- [ RunTime:0.000609s ]
NOTIC: [2] Declaration of Install\Controller\InstallController::error($info, $title = 'ÂæàÈÅóÊÜæÔ...') should be compatible with Think\Controller::error($message = '', $jumpUrl = '', $ajax = false) /home/wwwroot/thinkphp/Application/Install/Controller/InstallController.class.php Á¨¨ 16 Ë°å.
NOTIC: [8] Use of undefined constant INSTALL_APP_PATH - assumed 'INSTALL_APP_PATH' /home/wwwroot/thinkphp/Application/Install/Common/function.php Á¨¨ 98 Ë°å.
NOTIC: [2] is_dir() expects parameter 1 to be a valid path, array given /home/wwwroot/thinkphp/Application/Install/Common/function.php Á¨¨ 99 Ë°å.
NOTIC: [8] Use of undefined constant INSTALL_APP_PATH - assumed 'INSTALL_APP_PATH' /home/wwwroot/thinkphp/Application/Install/Common/function.php Á¨¨ 98 Ë°å.
NOTIC: [2] is_dir() expects parameter 1 to be a valid path, array given /home/wwwroot/thinkphp/Application/Install/Common/function.php Á¨¨ 99 Ë°å.
NOTIC: [8] Use of undefined constant INSTALL_APP_PATH - assumed 'INSTALL_APP_PATH' /home/wwwroot/thinkphp/Application/Install/Common/function.php Á¨¨ 98 Ë°å.
NOTIC: [2] is_dir() expects parameter 1 to be a valid path, array given /home/wwwroot/thinkphp/Application/Install/Common/function.php Á¨¨ 99 Ë°å.
NOTIC: [8] Use of undefined constant INSTALL_APP_PATH - assumed 'INSTALL_APP_PATH' /home/wwwroot/thinkphp/Application/Install/Common/function.php Á¨¨ 98 Ë°å.
NOTIC: [2] is_dir() expects parameter 1 to be a valid path, array given /home/wwwroot/thinkphp/Application/Install/Common/function.php Á¨¨ 99 Ë°å.
NOTIC: [8] Use of undefined constant INSTALL_APP_PATH - assumed 'INSTALL_APP_PATH' /home/wwwroot/thinkphp/Application/Install/Common/function.php Á¨¨ 98 Ë°å.
NOTIC: [2] is_dir() expects parameter 1 to be a valid path, array given /home/wwwroot/thinkphp/Application/Install/Common/function.php Á¨¨ 99 Ë°å.
NOTIC: [8] Use of undefined constant INSTALL_APP_PATH - assumed 'INSTALL_APP_PATH' /home/wwwroot/thinkphp/Application/Install/Common/function.php Á¨¨ 98 Ë°å.
NOTIC: [2] is_dir() expects parameter 1 to be a valid path, array given /home/wwwroot/thinkphp/Application/Install/Common/function.php Á¨¨ 99 Ë°å.
NOTIC: [8] Use of undefined constant INSTALL_APP_PATH - assumed 'INSTALL_APP_PATH' /home/wwwroot/thinkphp/Application/Install/Common/function.php Á¨¨ 98 Ë°å.
NOTIC: [2] is_dir() expects parameter 1 to be a valid path, array given /home/wwwroot/thinkphp/Application/Install/Common/function.php Á¨¨ 99 Ë°å.
NOTIC: [8] Use of undefined constant INSTALL_APP_PATH - assumed 'INSTALL_APP_PATH' /home/wwwroot/thinkphp/Application/Install/Common/function.php Á¨¨ 98 Ë°å.
NOTIC: [2] is_dir() expects parameter 1 to be a valid path, array given /home/wwwroot/thinkphp/Application/Install/Common/function.php Á¨¨ 99 Ë°å.
NOTIC: [8] Use of undefined constant INSTALL_APP_PATH - assumed 'INSTALL_APP_PATH' /home/wwwroot/thinkphp/Application/Install/Common/function.php Á¨¨ 110 Ë°å.
NOTIC: [8] Use of undefined constant INSTALL_APP_PATH - assumed 'INSTALL_APP_PATH' /home/wwwroot/thinkphp/Application/Install/Common/function.php Á¨¨ 117 Ë°å.
NOTIC: [8] Use of undefined constant INSTALL_APP_PATH - assumed 'INSTALL_APP_PATH' /home/wwwroot/thinkphp/Application/Install/Common/function.php Á¨¨ 110 Ë°å.
NOTIC: [8] Use of undefined constant INSTALL_APP_PATH - assumed 'INSTALL_APP_PATH' /home/wwwroot/thinkphp/Application/Install/Common/function.php Á¨¨ 117 Ë°å.
INFO: [ view_parse ] --START--
INFO: [ template_filter ] --START--
INFO: Run Behavior\ContentReplaceBehavior [ RunTime:0.000054s ]
INFO: [ template_filter ] --END-- [ RunTime:0.000076s ]
INFO: Run Behavior\ParseTemplateBehavior [ RunTime:0.005257s ]
INFO: [ view_parse ] --END-- [ RunTime:0.005281s ]
INFO: [ view_filter ] --START--
INFO: Run Behavior\WriteHtmlCacheBehavior [ RunTime:0.000123s ]
INFO: [ view_filter ] --END-- [ RunTime:0.000134s ]
INFO: [ app_end ] --START--
INFO: Run Behavior\ShowPageTraceBehavior [ RunTime:0.000246s ]
INFO: [ app_end ] --END-- [ RunTime:0.000258s ]

[ 2016-06-13T19:26:13+08:00 ] 127.0.0.1 /install.php
INFO: [ app_init ] --START--
INFO: Run Behavior\BuildLiteBehavior [ RunTime:0.000007s ]
INFO: [ app_init ] --END-- [ RunTime:0.000177s ]
INFO: [ app_begin ] --START--
INFO: Run Behavior\ReadHtmlCacheBehavior [ RunTime:0.000215s ]
INFO: Run Behavior\CheckLangBehavior [ RunTime:0.000358s ]
INFO: [ app_begin ] --END-- [ RunTime:0.000596s ]
INFO: [ view_parse ] --START--
INFO: [ template_filter ] --START--
INFO: Run Behavior\ContentReplaceBehavior [ RunTime:0.000031s ]
INFO: [ template_filter ] --END-- [ RunTime:0.000048s ]
INFO: Run Behavior\ParseTemplateBehavior [ RunTime:0.004041s ]
INFO: [ view_parse ] --END-- [ RunTime:0.004063s ]
INFO: [ view_filter ] --START--
INFO: Run Behavior\WriteHtmlCacheBehavior [ RunTime:0.000075s ]
INFO: [ view_filter ] --END-- [ RunTime:0.000083s ]
INFO: [ app_end ] --START--
INFO: Run Behavior\ShowPageTraceBehavior [ RunTime:0.000197s ]
INFO: [ app_end ] --END-- [ RunTime:0.000208s ]

