[ 2016-06-21T09:14:04+08:00 ] 127.0.0.1 /install.php
INFO: [ app_init ] --START--
INFO: Run Behavior\BuildLiteBehavior [ RunTime:0.000005s ]
INFO: [ app_init ] --END-- [ RunTime:0.000030s ]
INFO: [ app_begin ] --START--
INFO: Run Behavior\ReadHtmlCacheBehavior [ RunTime:0.000422s ]
INFO: Run Behavior\CheckLangBehavior [ RunTime:0.000288s ]
INFO: [ app_begin ] --END-- [ RunTime:0.000737s ]
INFO: [ view_parse ] --START--
INFO: [ template_filter ] --START--
INFO: Run Behavior\ContentReplaceBehavior [ RunTime:0.000032s ]
INFO: [ template_filter ] --END-- [ RunTime:0.000052s ]
INFO: Run Behavior\ParseTemplateBehavior [ RunTime:0.023033s ]
INFO: [ view_parse ] --END-- [ RunTime:0.023050s ]
INFO: [ view_filter ] --START--
INFO: Run Behavior\WriteHtmlCacheBehavior [ RunTime:0.000248s ]
INFO: [ view_filter ] --END-- [ RunTime:0.000257s ]
INFO: [ app_end ] --START--
INFO: Run Behavior\ShowPageTraceBehavior [ RunTime:0.000374s ]
INFO: [ app_end ] --END-- [ RunTime:0.000387s ]

[ 2016-06-21T09:14:12+08:00 ] 127.0.0.1 /install.php
INFO: [ app_init ] --START--
INFO: Run Behavior\BuildLiteBehavior [ RunTime:0.000008s ]
INFO: [ app_init ] --END-- [ RunTime:0.000043s ]
INFO: [ app_begin ] --START--
INFO: Run Behavior\ReadHtmlCacheBehavior [ RunTime:0.000291s ]
INFO: Run Behavior\CheckLangBehavior [ RunTime:0.000177s ]
INFO: [ app_begin ] --END-- [ RunTime:0.000502s ]
INFO: [ view_parse ] --START--
INFO: [ template_filter ] --START--
INFO: Run Behavior\ContentReplaceBehavior [ RunTime:0.000030s ]
INFO: [ template_filter ] --END-- [ RunTime:0.000043s ]
INFO: Run Behavior\ParseTemplateBehavior [ RunTime:0.003222s ]
INFO: [ view_parse ] --END-- [ RunTime:0.003235s ]
INFO: [ view_filter ] --START--
INFO: Run Behavior\WriteHtmlCacheBehavior [ RunTime:0.000093s ]
INFO: [ view_filter ] --END-- [ RunTime:0.000111s ]
INFO: [ app_end ] --START--
INFO: Run Behavior\ShowPageTraceBehavior [ RunTime:0.000209s ]
INFO: [ app_end ] --END-- [ RunTime:0.000218s ]

[ 2016-06-21T09:14:50+08:00 ] 127.0.0.1 /install.php/Install/step/step/1.html
INFO: [ app_init ] --START--
INFO: Run Behavior\BuildLiteBehavior [ RunTime:0.000006s ]
INFO: [ app_init ] --END-- [ RunTime:0.000032s ]
INFO: [ app_begin ] --START--
INFO: Run Behavior\ReadHtmlCacheBehavior [ RunTime:0.000199s ]
INFO: Run Behavior\CheckLangBehavior [ RunTime:0.000121s ]
INFO: [ app_begin ] --END-- [ RunTime:0.000343s ]
INFO: [ view_parse ] --START--
INFO: [ template_filter ] --START--
INFO: Run Behavior\ContentReplaceBehavior [ RunTime:0.000042s ]
INFO: [ template_filter ] --END-- [ RunTime:0.000072s ]
INFO: Run Behavior\ParseTemplateBehavior [ RunTime:0.014472s ]
INFO: [ view_parse ] --END-- [ RunTime:0.014531s ]
INFO: [ view_filter ] --START--
INFO: Run Behavior\WriteHtmlCacheBehavior [ RunTime:0.000112s ]
INFO: [ view_filter ] --END-- [ RunTime:0.000122s ]
INFO: [ app_end ] --START--
INFO: Run Behavior\ShowPageTraceBehavior [ RunTime:0.000238s ]
INFO: [ app_end ] --END-- [ RunTime:0.000251s ]

[ 2016-06-21T09:16:22+08:00 ] 127.0.0.1 /install.php
INFO: [ app_init ] --START--
INFO: Run Behavior\BuildLiteBehavior [ RunTime:0.000006s ]
INFO: [ app_init ] --END-- [ RunTime:0.000220s ]
INFO: [ app_begin ] --START--
INFO: Run Behavior\ReadHtmlCacheBehavior [ RunTime:0.000249s ]
INFO: Run Behavior\CheckLangBehavior [ RunTime:0.017061s ]
INFO: [ app_begin ] --END-- [ RunTime:0.017393s ]
INFO: [ view_parse ] --START--
INFO: [ template_filter ] --START--
INFO: Run Behavior\ContentReplaceBehavior [ RunTime:0.000031s ]
INFO: [ template_filter ] --END-- [ RunTime:0.000047s ]
INFO: Run Behavior\ParseTemplateBehavior [ RunTime:0.003398s ]
INFO: [ view_parse ] --END-- [ RunTime:0.003413s ]
INFO: [ view_filter ] --START--
INFO: Run Behavior\WriteHtmlCacheBehavior [ RunTime:0.000075s ]
INFO: [ view_filter ] --END-- [ RunTime:0.000083s ]
INFO: [ app_end ] --START--
INFO: Run Behavior\ShowPageTraceBehavior [ RunTime:0.000217s ]
INFO: [ app_end ] --END-- [ RunTime:0.000228s ]

[ 2016-06-21T09:17:10+08:00 ] 127.0.0.1 /install.php
INFO: [ app_init ] --START--
INFO: Run Behavior\BuildLiteBehavior [ RunTime:0.000008s ]
INFO: [ app_init ] --END-- [ RunTime:0.000230s ]
INFO: [ app_begin ] --START--
INFO: Run Behavior\ReadHtmlCacheBehavior [ RunTime:0.000235s ]
INFO: Run Behavior\CheckLangBehavior [ RunTime:0.000260s ]
INFO: [ app_begin ] --END-- [ RunTime:0.000545s ]
INFO: [ view_parse ] --START--
INFO: [ template_filter ] --START--
INFO: Run Behavior\ContentReplaceBehavior [ RunTime:0.000033s ]
INFO: [ template_filter ] --END-- [ RunTime:0.000051s ]
INFO: Run Behavior\ParseTemplateBehavior [ RunTime:0.003417s ]
INFO: [ view_parse ] --END-- [ RunTime:0.003433s ]
INFO: [ view_filter ] --START--
INFO: Run Behavior\WriteHtmlCacheBehavior [ RunTime:0.000077s ]
INFO: [ view_filter ] --END-- [ RunTime:0.000087s ]
INFO: [ app_end ] --START--
INFO: Run Behavior\ShowPageTraceBehavior [ RunTime:0.000211s ]
INFO: [ app_end ] --END-- [ RunTime:0.000220s ]

[ 2016-06-21T09:17:11+08:00 ] 127.0.0.1 /install.php
INFO: [ app_init ] --START--
INFO: Run Behavior\BuildLiteBehavior [ RunTime:0.000023s ]
INFO: [ app_init ] --END-- [ RunTime:0.000350s ]
INFO: [ app_begin ] --START--
INFO: Run Behavior\ReadHtmlCacheBehavior [ RunTime:0.000191s ]
INFO: Run Behavior\CheckLangBehavior [ RunTime:0.000237s ]
INFO: [ app_begin ] --END-- [ RunTime:0.000450s ]
INFO: [ view_parse ] --START--
INFO: [ template_filter ] --START--
INFO: Run Behavior\ContentReplaceBehavior [ RunTime:0.000031s ]
INFO: [ template_filter ] --END-- [ RunTime:0.000044s ]
INFO: Run Behavior\ParseTemplateBehavior [ RunTime:0.003255s ]
INFO: [ view_parse ] --END-- [ RunTime:0.003268s ]
INFO: [ view_filter ] --START--
INFO: Run Behavior\WriteHtmlCacheBehavior [ RunTime:0.000074s ]
INFO: [ view_filter ] --END-- [ RunTime:0.000083s ]
INFO: [ app_end ] --START--
INFO: Run Behavior\ShowPageTraceBehavior [ RunTime:0.000193s ]
INFO: [ app_end ] --END-- [ RunTime:0.000204s ]

[ 2016-06-21T09:17:35+08:00 ] 127.0.0.1 /install.php/Install/step/step/1
INFO: [ app_init ] --START--
INFO: Run Behavior\BuildLiteBehavior [ RunTime:0.000004s ]
INFO: [ app_init ] --END-- [ RunTime:0.000132s ]
INFO: [ app_begin ] --START--
INFO: Run Behavior\ReadHtmlCacheBehavior [ RunTime:0.000191s ]
INFO: Run Behavior\CheckLangBehavior [ RunTime:0.000239s ]
INFO: [ app_begin ] --END-- [ RunTime:0.000453s ]
INFO: [ view_parse ] --START--
INFO: [ template_filter ] --START--
INFO: Run Behavior\ContentReplaceBehavior [ RunTime:0.000046s ]
INFO: [ template_filter ] --END-- [ RunTime:0.000092s ]
INFO: Run Behavior\ParseTemplateBehavior [ RunTime:0.004565s ]
INFO: [ view_parse ] --END-- [ RunTime:0.004581s ]
INFO: [ view_filter ] --START--
INFO: Run Behavior\WriteHtmlCacheBehavior [ RunTime:0.000164s ]
INFO: [ view_filter ] --END-- [ RunTime:0.000173s ]
INFO: [ app_end ] --START--
INFO: Run Behavior\ShowPageTraceBehavior [ RunTime:0.000410s ]
INFO: [ app_end ] --END-- [ RunTime:0.000432s ]

[ 2016-06-21T09:17:52+08:00 ] 127.0.0.1 /install.php/Install/step/step/2
INFO: [ app_init ] --START--
INFO: Run Behavior\BuildLiteBehavior [ RunTime:0.000006s ]
INFO: [ app_init ] --END-- [ RunTime:0.000164s ]
INFO: [ app_begin ] --START--
INFO: Run Behavior\ReadHtmlCacheBehavior [ RunTime:0.000218s ]
INFO: Run Behavior\CheckLangBehavior [ RunTime:0.000261s ]
INFO: [ app_begin ] --END-- [ RunTime:0.000509s ]
NOTIC: [8] Undefined index: db_port /home/wwwroot/thinkphp/ThinkPHP/Library/Think/Db.class.php 第 67 行.
NOTIC: [8] Undefined index: db_name /home/wwwroot/thinkphp/ThinkPHP/Library/Think/Db.class.php 第 68 行.
SQL: CREATE DATABASE IF NOT EXISTS `aa` DEFAULT CHARACTER SET utf8 [ RunTime:0.0502s ]
NOTIC: [2] Missing argument 1 for Common\Model\Memory\RedisModel::__construct(), called in /home/wwwroot/thinkphp/Application/Install/Controller/InstallController.class.php on line 87 and defined /home/wwwroot/thinkphp/Application/Common/Model/Memory/RedisModel.class.php 第 36 行.
NOTIC: [2] Missing argument 2 for Common\Model\Memory\RedisModel::__construct(), called in /home/wwwroot/thinkphp/Application/Install/Controller/InstallController.class.php on line 87 and defined /home/wwwroot/thinkphp/Application/Common/Model/Memory/RedisModel.class.php 第 36 行.
NOTIC: [2] Missing argument 3 for Common\Model\Memory\RedisModel::__construct(), called in /home/wwwroot/thinkphp/Application/Install/Controller/InstallController.class.php on line 87 and defined /home/wwwroot/thinkphp/Application/Common/Model/Memory/RedisModel.class.php 第 36 行.
NOTIC: [2] Missing argument 4 for Common\Model\Memory\RedisModel::__construct(), called in /home/wwwroot/thinkphp/Application/Install/Controller/InstallController.class.php on line 87 and defined /home/wwwroot/thinkphp/Application/Common/Model/Memory/RedisModel.class.php 第 36 行.
NOTIC: [8] Undefined variable: host /home/wwwroot/thinkphp/Application/Common/Model/Memory/RedisModel.class.php 第 38 行.
NOTIC: [8] Undefined variable: port /home/wwwroot/thinkphp/Application/Common/Model/Memory/RedisModel.class.php 第 39 行.
NOTIC: [8] Undefined variable: timeout /home/wwwroot/thinkphp/Application/Common/Model/Memory/RedisModel.class.php 第 40 行.
NOTIC: [8] Undefined variable: auth /home/wwwroot/thinkphp/Application/Common/Model/Memory/RedisModel.class.php 第 43 行.
NOTIC: [2] Missing argument 1 for Common\Model\Memory\RedisModel::__construct(), called in /home/wwwroot/thinkphp/Application/Common/Model/Memory/RedisModel.class.php on line 56 and defined /home/wwwroot/thinkphp/Application/Common/Model/Memory/RedisModel.class.php 第 36 行.
NOTIC: [2] Missing argument 2 for Common\Model\Memory\RedisModel::__construct(), called in /home/wwwroot/thinkphp/Application/Common/Model/Memory/RedisModel.class.php on line 56 and defined /home/wwwroot/thinkphp/Application/Common/Model/Memory/RedisModel.class.php 第 36 行.
NOTIC: [2] Missing argument 3 for Common\Model\Memory\RedisModel::__construct(), called in /home/wwwroot/thinkphp/Application/Common/Model/Memory/RedisModel.class.php on line 56 and defined /home/wwwroot/thinkphp/Application/Common/Model/Memory/RedisModel.class.php 第 36 行.
NOTIC: [2] Missing argument 4 for Common\Model\Memory\RedisModel::__construct(), called in /home/wwwroot/thinkphp/Application/Common/Model/Memory/RedisModel.class.php on line 56 and defined /home/wwwroot/thinkphp/Application/Common/Model/Memory/RedisModel.class.php 第 36 行.
NOTIC: [8] Undefined variable: host /home/wwwroot/thinkphp/Application/Common/Model/Memory/RedisModel.class.php 第 38 行.
NOTIC: [8] Undefined variable: port /home/wwwroot/thinkphp/Application/Common/Model/Memory/RedisModel.class.php 第 39 行.
NOTIC: [8] Undefined variable: timeout /home/wwwroot/thinkphp/Application/Common/Model/Memory/RedisModel.class.php 第 40 行.
NOTIC: [8] Undefined variable: auth /home/wwwroot/thinkphp/Application/Common/Model/Memory/RedisModel.class.php 第 43 行.
INFO: [ view_parse ] --START--
INFO: [ template_filter ] --START--
INFO: Run Behavior\ContentReplaceBehavior [ RunTime:0.000074s ]
INFO: [ template_filter ] --END-- [ RunTime:0.000140s ]
INFO: Run Behavior\ParseTemplateBehavior [ RunTime:0.005181s ]
INFO: [ view_parse ] --END-- [ RunTime:0.005199s ]
INFO: [ view_filter ] --START--
INFO: Run Behavior\WriteHtmlCacheBehavior [ RunTime:0.000109s ]
INFO: [ view_filter ] --END-- [ RunTime:0.000119s ]
INFO: [ app_end ] --START--
INFO: Run Behavior\ShowPageTraceBehavior [ RunTime:0.000232s ]
INFO: [ app_end ] --END-- [ RunTime:0.000244s ]

[ 2016-06-21T09:18:51+08:00 ] 127.0.0.1 /install.php/Install/step/step/3
INFO: [ app_init ] --START--
INFO: Run Behavior\BuildLiteBehavior [ RunTime:0.000006s ]
INFO: [ app_init ] --END-- [ RunTime:0.000175s ]
INFO: [ app_begin ] --START--
INFO: Run Behavior\ReadHtmlCacheBehavior [ RunTime:0.000243s ]
INFO: Run Behavior\CheckLangBehavior [ RunTime:0.000306s ]
INFO: [ app_begin ] --END-- [ RunTime:0.000586s ]
NOTIC: [8] Undefined index: db_port /home/wwwroot/thinkphp/ThinkPHP/Library/Think/Db.class.php 第 67 行.
NOTIC: [8] Undefined index: db_name /home/wwwroot/thinkphp/ThinkPHP/Library/Think/Db.class.php 第 68 行.
SQL: /*

Navicat MySQL Data Transfer



Source Server         : 本地

Source Server Version : 50711

Source Host           : localhost:3306

Source Database       : data



Target Server Type    : MYSQL

Target Server Version : 50711

File Encoding         : 65001



Date: 2016-06-20 15:28:01

*/



SET FOREIGN_KEY_CHECKS=0 [ RunTime:0.0001s ]
ERR: 1046:No database selected
 [ SQL语句 ] : -- ----------------------------

-- Table structure for `site`

-- ----------------------------

DROP TABLE IF EXISTS `site`
NOTIC: [2] print_r() expects at least 1 parameter, 0 given /home/wwwroot/thinkphp/Application/Install/Controller/InstallController.class.php 第 141 行.
INFO: [ app_end ] --START--
INFO: Run Behavior\ShowPageTraceBehavior [ RunTime:0.000416s ]
INFO: [ app_end ] --END-- [ RunTime:0.000453s ]

[ 2016-06-21T09:18:56+08:00 ] 127.0.0.1 /install.php/Index/complete
INFO: [ app_init ] --START--
INFO: Run Behavior\BuildLiteBehavior [ RunTime:0.000004s ]
INFO: [ app_init ] --END-- [ RunTime:0.000132s ]
INFO: [ app_begin ] --START--
INFO: Run Behavior\ReadHtmlCacheBehavior [ RunTime:0.000180s ]
INFO: Run Behavior\CheckLangBehavior [ RunTime:0.000231s ]
INFO: [ app_begin ] --END-- [ RunTime:0.000435s ]
INFO: [ view_parse ] --START--
NOTIC: [2] file_get_contents(./Application/Install/View/Public/base.html): failed to open stream: No such file or directory /home/wwwroot/thinkphp/ThinkPHP/Library/Think/Template.class.php 第 698 行.
INFO: [ template_filter ] --START--
INFO: Run Behavior\ContentReplaceBehavior [ RunTime:0.000014s ]
INFO: [ template_filter ] --END-- [ RunTime:0.000031s ]
INFO: Run Behavior\ParseTemplateBehavior [ RunTime:0.015627s ]
INFO: [ view_parse ] --END-- [ RunTime:0.015640s ]
INFO: [ view_filter ] --START--
INFO: Run Behavior\WriteHtmlCacheBehavior [ RunTime:0.000076s ]
INFO: [ view_filter ] --END-- [ RunTime:0.000084s ]
INFO: [ app_end ] --START--
INFO: Run Behavior\ShowPageTraceBehavior [ RunTime:0.000220s ]
INFO: [ app_end ] --END-- [ RunTime:0.000231s ]

[ 2016-06-21T09:19:49+08:00 ] 127.0.0.1 /install.php/Install/step/step/2
INFO: [ app_init ] --START--
INFO: Run Behavior\BuildLiteBehavior [ RunTime:0.000005s ]
INFO: [ app_init ] --END-- [ RunTime:0.000142s ]
INFO: [ app_begin ] --START--
INFO: Run Behavior\ReadHtmlCacheBehavior [ RunTime:0.000184s ]
INFO: Run Behavior\CheckLangBehavior [ RunTime:0.000234s ]
INFO: [ app_begin ] --END-- [ RunTime:0.000441s ]
NOTIC: [8] Undefined index: db_port /home/wwwroot/thinkphp/ThinkPHP/Library/Think/Db.class.php 第 67 行.
NOTIC: [8] Undefined index: db_name /home/wwwroot/thinkphp/ThinkPHP/Library/Think/Db.class.php 第 68 行.
SQL: CREATE DATABASE IF NOT EXISTS `aa` DEFAULT CHARACTER SET utf8 [ RunTime:0.0289s ]
NOTIC: [2] Missing argument 1 for Common\Model\Memory\RedisModel::__construct(), called in /home/wwwroot/thinkphp/Application/Install/Controller/InstallController.class.php on line 87 and defined /home/wwwroot/thinkphp/Application/Common/Model/Memory/RedisModel.class.php 第 36 行.
NOTIC: [2] Missing argument 2 for Common\Model\Memory\RedisModel::__construct(), called in /home/wwwroot/thinkphp/Application/Install/Controller/InstallController.class.php on line 87 and defined /home/wwwroot/thinkphp/Application/Common/Model/Memory/RedisModel.class.php 第 36 行.
NOTIC: [2] Missing argument 3 for Common\Model\Memory\RedisModel::__construct(), called in /home/wwwroot/thinkphp/Application/Install/Controller/InstallController.class.php on line 87 and defined /home/wwwroot/thinkphp/Application/Common/Model/Memory/RedisModel.class.php 第 36 行.
NOTIC: [2] Missing argument 4 for Common\Model\Memory\RedisModel::__construct(), called in /home/wwwroot/thinkphp/Application/Install/Controller/InstallController.class.php on line 87 and defined /home/wwwroot/thinkphp/Application/Common/Model/Memory/RedisModel.class.php 第 36 行.
NOTIC: [8] Undefined variable: host /home/wwwroot/thinkphp/Application/Common/Model/Memory/RedisModel.class.php 第 38 行.
NOTIC: [8] Undefined variable: port /home/wwwroot/thinkphp/Application/Common/Model/Memory/RedisModel.class.php 第 39 行.
NOTIC: [8] Undefined variable: timeout /home/wwwroot/thinkphp/Application/Common/Model/Memory/RedisModel.class.php 第 40 行.
NOTIC: [8] Undefined variable: auth /home/wwwroot/thinkphp/Application/Common/Model/Memory/RedisModel.class.php 第 43 行.
NOTIC: [2] Missing argument 1 for Common\Model\Memory\RedisModel::__construct(), called in /home/wwwroot/thinkphp/Application/Common/Model/Memory/RedisModel.class.php on line 56 and defined /home/wwwroot/thinkphp/Application/Common/Model/Memory/RedisModel.class.php 第 36 行.
NOTIC: [2] Missing argument 2 for Common\Model\Memory\RedisModel::__construct(), called in /home/wwwroot/thinkphp/Application/Common/Model/Memory/RedisModel.class.php on line 56 and defined /home/wwwroot/thinkphp/Application/Common/Model/Memory/RedisModel.class.php 第 36 行.
NOTIC: [2] Missing argument 3 for Common\Model\Memory\RedisModel::__construct(), called in /home/wwwroot/thinkphp/Application/Common/Model/Memory/RedisModel.class.php on line 56 and defined /home/wwwroot/thinkphp/Application/Common/Model/Memory/RedisModel.class.php 第 36 行.
NOTIC: [2] Missing argument 4 for Common\Model\Memory\RedisModel::__construct(), called in /home/wwwroot/thinkphp/Application/Common/Model/Memory/RedisModel.class.php on line 56 and defined /home/wwwroot/thinkphp/Application/Common/Model/Memory/RedisModel.class.php 第 36 行.
NOTIC: [8] Undefined variable: host /home/wwwroot/thinkphp/Application/Common/Model/Memory/RedisModel.class.php 第 38 行.
NOTIC: [8] Undefined variable: port /home/wwwroot/thinkphp/Application/Common/Model/Memory/RedisModel.class.php 第 39 行.
NOTIC: [8] Undefined variable: timeout /home/wwwroot/thinkphp/Application/Common/Model/Memory/RedisModel.class.php 第 40 行.
NOTIC: [8] Undefined variable: auth /home/wwwroot/thinkphp/Application/Common/Model/Memory/RedisModel.class.php 第 43 行.
INFO: [ view_parse ] --START--
INFO: [ template_filter ] --START--
INFO: Run Behavior\ContentReplaceBehavior [ RunTime:0.000038s ]
INFO: [ template_filter ] --END-- [ RunTime:0.000060s ]
INFO: Run Behavior\ParseTemplateBehavior [ RunTime:0.005240s ]
INFO: [ view_parse ] --END-- [ RunTime:0.005255s ]
INFO: [ view_filter ] --START--
INFO: Run Behavior\WriteHtmlCacheBehavior [ RunTime:0.000077s ]
INFO: [ view_filter ] --END-- [ RunTime:0.000086s ]
INFO: [ app_end ] --START--
INFO: Run Behavior\ShowPageTraceBehavior [ RunTime:0.000209s ]
INFO: [ app_end ] --END-- [ RunTime:0.000221s ]

[ 2016-06-21T09:19:52+08:00 ] 127.0.0.1 /install.php/Install/step/step/2
INFO: [ app_init ] --START--
INFO: Run Behavior\BuildLiteBehavior [ RunTime:0.000006s ]
INFO: [ app_init ] --END-- [ RunTime:0.000193s ]
INFO: [ app_begin ] --START--
INFO: Run Behavior\ReadHtmlCacheBehavior [ RunTime:0.000219s ]
INFO: Run Behavior\CheckLangBehavior [ RunTime:0.000252s ]
INFO: [ app_begin ] --END-- [ RunTime:0.000499s ]
NOTIC: [8] Undefined index: db_port /home/wwwroot/thinkphp/ThinkPHP/Library/Think/Db.class.php 第 67 行.
NOTIC: [8] Undefined index: db_name /home/wwwroot/thinkphp/ThinkPHP/Library/Think/Db.class.php 第 68 行.
SQL: CREATE DATABASE IF NOT EXISTS `aa` DEFAULT CHARACTER SET utf8 [ RunTime:0.0317s ]
NOTIC: [2] Missing argument 1 for Common\Model\Memory\RedisModel::__construct(), called in /home/wwwroot/thinkphp/Application/Install/Controller/InstallController.class.php on line 87 and defined /home/wwwroot/thinkphp/Application/Common/Model/Memory/RedisModel.class.php 第 36 行.
NOTIC: [2] Missing argument 2 for Common\Model\Memory\RedisModel::__construct(), called in /home/wwwroot/thinkphp/Application/Install/Controller/InstallController.class.php on line 87 and defined /home/wwwroot/thinkphp/Application/Common/Model/Memory/RedisModel.class.php 第 36 行.
NOTIC: [2] Missing argument 3 for Common\Model\Memory\RedisModel::__construct(), called in /home/wwwroot/thinkphp/Application/Install/Controller/InstallController.class.php on line 87 and defined /home/wwwroot/thinkphp/Application/Common/Model/Memory/RedisModel.class.php 第 36 行.
NOTIC: [2] Missing argument 4 for Common\Model\Memory\RedisModel::__construct(), called in /home/wwwroot/thinkphp/Application/Install/Controller/InstallController.class.php on line 87 and defined /home/wwwroot/thinkphp/Application/Common/Model/Memory/RedisModel.class.php 第 36 行.
NOTIC: [8] Undefined variable: host /home/wwwroot/thinkphp/Application/Common/Model/Memory/RedisModel.class.php 第 38 行.
NOTIC: [8] Undefined variable: port /home/wwwroot/thinkphp/Application/Common/Model/Memory/RedisModel.class.php 第 39 行.
NOTIC: [8] Undefined variable: timeout /home/wwwroot/thinkphp/Application/Common/Model/Memory/RedisModel.class.php 第 40 行.
NOTIC: [8] Undefined variable: auth /home/wwwroot/thinkphp/Application/Common/Model/Memory/RedisModel.class.php 第 43 行.
NOTIC: [2] Missing argument 1 for Common\Model\Memory\RedisModel::__construct(), called in /home/wwwroot/thinkphp/Application/Common/Model/Memory/RedisModel.class.php on line 56 and defined /home/wwwroot/thinkphp/Application/Common/Model/Memory/RedisModel.class.php 第 36 行.
NOTIC: [2] Missing argument 2 for Common\Model\Memory\RedisModel::__construct(), called in /home/wwwroot/thinkphp/Application/Common/Model/Memory/RedisModel.class.php on line 56 and defined /home/wwwroot/thinkphp/Application/Common/Model/Memory/RedisModel.class.php 第 36 行.
NOTIC: [2] Missing argument 3 for Common\Model\Memory\RedisModel::__construct(), called in /home/wwwroot/thinkphp/Application/Common/Model/Memory/RedisModel.class.php on line 56 and defined /home/wwwroot/thinkphp/Application/Common/Model/Memory/RedisModel.class.php 第 36 行.
NOTIC: [2] Missing argument 4 for Common\Model\Memory\RedisModel::__construct(), called in /home/wwwroot/thinkphp/Application/Common/Model/Memory/RedisModel.class.php on line 56 and defined /home/wwwroot/thinkphp/Application/Common/Model/Memory/RedisModel.class.php 第 36 行.
NOTIC: [8] Undefined variable: host /home/wwwroot/thinkphp/Application/Common/Model/Memory/RedisModel.class.php 第 38 行.
NOTIC: [8] Undefined variable: port /home/wwwroot/thinkphp/Application/Common/Model/Memory/RedisModel.class.php 第 39 行.
NOTIC: [8] Undefined variable: timeout /home/wwwroot/thinkphp/Application/Common/Model/Memory/RedisModel.class.php 第 40 行.
NOTIC: [8] Undefined variable: auth /home/wwwroot/thinkphp/Application/Common/Model/Memory/RedisModel.class.php 第 43 行.
INFO: [ view_parse ] --START--
INFO: [ template_filter ] --START--
INFO: Run Behavior\ContentReplaceBehavior [ RunTime:0.000039s ]
INFO: [ template_filter ] --END-- [ RunTime:0.000063s ]
INFO: Run Behavior\ParseTemplateBehavior [ RunTime:0.005852s ]
INFO: [ view_parse ] --END-- [ RunTime:0.005868s ]
INFO: [ view_filter ] --START--
INFO: Run Behavior\WriteHtmlCacheBehavior [ RunTime:0.000079s ]
INFO: [ view_filter ] --END-- [ RunTime:0.000088s ]
INFO: [ app_end ] --START--
INFO: Run Behavior\ShowPageTraceBehavior [ RunTime:0.000215s ]
INFO: [ app_end ] --END-- [ RunTime:0.000227s ]

[ 2016-06-21T09:20:15+08:00 ] 127.0.0.1 /install.php/Install/step/step/3
INFO: [ app_init ] --START--
INFO: Run Behavior\BuildLiteBehavior [ RunTime:0.000020s ]
INFO: [ app_init ] --END-- [ RunTime:0.000552s ]
INFO: [ app_begin ] --START--
INFO: Run Behavior\ReadHtmlCacheBehavior [ RunTime:0.000234s ]
INFO: Run Behavior\CheckLangBehavior [ RunTime:0.000262s ]
INFO: [ app_begin ] --END-- [ RunTime:0.000530s ]
NOTIC: [8] Undefined index: db_port /home/wwwroot/thinkphp/ThinkPHP/Library/Think/Db.class.php 第 67 行.
NOTIC: [8] Undefined index: db_name /home/wwwroot/thinkphp/ThinkPHP/Library/Think/Db.class.php 第 68 行.
SQL: /*

Navicat MySQL Data Transfer



Source Server         : 本地

Source Server Version : 50711

Source Host           : localhost:3306

Source Database       : data



Target Server Type    : MYSQL

Target Server Version : 50711

File Encoding         : 65001



Date: 2016-06-20 15:28:01

*/



SET FOREIGN_KEY_CHECKS=0 [ RunTime:0.0001s ]
ERR: 1046:No database selected
 [ SQL语句 ] : -- ----------------------------

-- Table structure for `site`

-- ----------------------------

DROP TABLE IF EXISTS `site`
INFO: [ app_end ] --START--
INFO: Run Behavior\ShowPageTraceBehavior [ RunTime:0.000267s ]
INFO: [ app_end ] --END-- [ RunTime:0.000285s ]

[ 2016-06-21T09:20:20+08:00 ] 127.0.0.1 /install.php/Index/complete
INFO: [ app_init ] --START--
INFO: Run Behavior\BuildLiteBehavior [ RunTime:0.000006s ]
INFO: [ app_init ] --END-- [ RunTime:0.000231s ]
INFO: [ app_begin ] --START--
INFO: Run Behavior\ReadHtmlCacheBehavior [ RunTime:0.000193s ]
INFO: Run Behavior\CheckLangBehavior [ RunTime:0.000236s ]
INFO: [ app_begin ] --END-- [ RunTime:0.000452s ]
INFO: [ view_parse ] --START--
NOTIC: [2] file_get_contents(./Application/Install/View/Public/base.html): failed to open stream: No such file or directory /home/wwwroot/thinkphp/ThinkPHP/Library/Think/Template.class.php 第 698 行.
INFO: [ template_filter ] --START--
INFO: Run Behavior\ContentReplaceBehavior [ RunTime:0.000013s ]
INFO: [ template_filter ] --END-- [ RunTime:0.000027s ]
INFO: Run Behavior\ParseTemplateBehavior [ RunTime:0.002464s ]
INFO: [ view_parse ] --END-- [ RunTime:0.002477s ]
INFO: [ view_filter ] --START--
INFO: Run Behavior\WriteHtmlCacheBehavior [ RunTime:0.000074s ]
INFO: [ view_filter ] --END-- [ RunTime:0.000082s ]
INFO: [ app_end ] --START--
INFO: Run Behavior\ShowPageTraceBehavior [ RunTime:0.000206s ]
INFO: [ app_end ] --END-- [ RunTime:0.000216s ]

[ 2016-06-21T09:20:34+08:00 ] 127.0.0.1 /install.php/Install/step/step/3
INFO: [ app_init ] --START--
INFO: Run Behavior\BuildLiteBehavior [ RunTime:0.000005s ]
INFO: [ app_init ] --END-- [ RunTime:0.000151s ]
INFO: [ app_begin ] --START--
INFO: Run Behavior\ReadHtmlCacheBehavior [ RunTime:0.000201s ]
INFO: Run Behavior\CheckLangBehavior [ RunTime:0.000290s ]
INFO: [ app_begin ] --END-- [ RunTime:0.000518s ]
NOTIC: [8] Undefined index: db_port /home/wwwroot/thinkphp/ThinkPHP/Library/Think/Db.class.php 第 67 行.
NOTIC: [8] Undefined index: db_name /home/wwwroot/thinkphp/ThinkPHP/Library/Think/Db.class.php 第 68 行.
SQL: /*

Navicat MySQL Data Transfer



Source Server         : 本地

Source Server Version : 50711

Source Host           : localhost:3306

Source Database       : data



Target Server Type    : MYSQL

Target Server Version : 50711

File Encoding         : 65001



Date: 2016-06-20 15:28:01

*/



SET FOREIGN_KEY_CHECKS=0 [ RunTime:0.0000s ]
ERR: 1046:No database selected
 [ SQL语句 ] : -- ----------------------------

-- Table structure for `site`

-- ----------------------------

DROP TABLE IF EXISTS `site`
INFO: [ app_end ] --START--
INFO: Run Behavior\ShowPageTraceBehavior [ RunTime:0.000229s ]
INFO: [ app_end ] --END-- [ RunTime:0.000245s ]

[ 2016-06-21T09:20:41+08:00 ] 127.0.0.1 /install.php/Install/step/step/3
INFO: [ app_init ] --START--
INFO: Run Behavior\BuildLiteBehavior [ RunTime:0.000006s ]
INFO: [ app_init ] --END-- [ RunTime:0.000171s ]
INFO: [ app_begin ] --START--
INFO: Run Behavior\ReadHtmlCacheBehavior [ RunTime:0.000206s ]
INFO: Run Behavior\CheckLangBehavior [ RunTime:0.000253s ]
INFO: [ app_begin ] --END-- [ RunTime:0.000485s ]
NOTIC: [8] Undefined index: db_port /home/wwwroot/thinkphp/ThinkPHP/Library/Think/Db.class.php 第 67 行.
NOTIC: [8] Undefined index: db_name /home/wwwroot/thinkphp/ThinkPHP/Library/Think/Db.class.php 第 68 行.
SQL: /*

Navicat MySQL Data Transfer



Source Server         : 本地

Source Server Version : 50711

Source Host           : localhost:3306

Source Database       : data



Target Server Type    : MYSQL

Target Server Version : 50711

File Encoding         : 65001



Date: 2016-06-20 15:28:01

*/



SET FOREIGN_KEY_CHECKS=0 [ RunTime:0.0001s ]
ERR: 1046:No database selected
 [ SQL语句 ] : -- ----------------------------

-- Table structure for `site`

-- ----------------------------

DROP TABLE IF EXISTS `site`
INFO: [ app_end ] --START--
INFO: Run Behavior\ShowPageTraceBehavior [ RunTime:0.000207s ]
INFO: [ app_end ] --END-- [ RunTime:0.000223s ]

[ 2016-06-21T09:21:09+08:00 ] 127.0.0.1 /install.php/Install/step/step/3
INFO: [ app_init ] --START--
INFO: Run Behavior\BuildLiteBehavior [ RunTime:0.000005s ]
INFO: [ app_init ] --END-- [ RunTime:0.000144s ]
INFO: [ app_begin ] --START--
INFO: Run Behavior\ReadHtmlCacheBehavior [ RunTime:0.000214s ]
INFO: Run Behavior\CheckLangBehavior [ RunTime:0.000266s ]
INFO: [ app_begin ] --END-- [ RunTime:0.000519s ]
NOTIC: [8] Undefined index: db_port /home/wwwroot/thinkphp/ThinkPHP/Library/Think/Db.class.php 第 67 行.
NOTIC: [8] Undefined index: db_name /home/wwwroot/thinkphp/ThinkPHP/Library/Think/Db.class.php 第 68 行.
SQL: /*

Navicat MySQL Data Transfer



Source Server         : 本地

Source Server Version : 50711

Source Host           : localhost:3306

Source Database       : data



Target Server Type    : MYSQL

Target Server Version : 50711

File Encoding         : 65001



Date: 2016-06-20 15:28:01

*/



SET FOREIGN_KEY_CHECKS=0 [ RunTime:0.0001s ]
ERR: 1046:No database selected
 [ SQL语句 ] : -- ----------------------------

-- Table structure for `site`

-- ----------------------------

DROP TABLE IF EXISTS `site`
INFO: [ app_end ] --START--
INFO: Run Behavior\ShowPageTraceBehavior [ RunTime:0.000214s ]
INFO: [ app_end ] --END-- [ RunTime:0.000229s ]

[ 2016-06-21T09:21:59+08:00 ] 127.0.0.1 /install.php/Install/step/step/3
INFO: [ app_init ] --START--
INFO: Run Behavior\BuildLiteBehavior [ RunTime:0.000005s ]
INFO: [ app_init ] --END-- [ RunTime:0.000164s ]
INFO: [ app_begin ] --START--
INFO: Run Behavior\ReadHtmlCacheBehavior [ RunTime:0.000237s ]
INFO: Run Behavior\CheckLangBehavior [ RunTime:0.000316s ]
INFO: [ app_begin ] --END-- [ RunTime:0.000593s ]
NOTIC: [8] Undefined index: db_port /home/wwwroot/thinkphp/ThinkPHP/Library/Think/Db.class.php 第 67 行.
NOTIC: [8] Undefined index: db_name /home/wwwroot/thinkphp/ThinkPHP/Library/Think/Db.class.php 第 68 行.
SQL: /*

Navicat MySQL Data Transfer



Source Server         : 本地

Source Server Version : 50711

Source Host           : localhost:3306

Source Database       : data



Target Server Type    : MYSQL

Target Server Version : 50711

File Encoding         : 65001



Date: 2016-06-20 15:28:01

*/



SET FOREIGN_KEY_CHECKS=0 [ RunTime:0.0001s ]
ERR: 1046:No database selected
 [ SQL语句 ] : -- ----------------------------

-- Table structure for `site`

-- ----------------------------

DROP TABLE IF EXISTS `site`
INFO: [ app_end ] --START--
INFO: Run Behavior\ShowPageTraceBehavior [ RunTime:0.000306s ]
INFO: [ app_end ] --END-- [ RunTime:0.000322s ]

[ 2016-06-21T09:25:23+08:00 ] 127.0.0.1 /install.php/Install/step/step/2
INFO: [ app_init ] --START--
INFO: Run Behavior\BuildLiteBehavior [ RunTime:0.000006s ]
INFO: [ app_init ] --END-- [ RunTime:0.000205s ]
INFO: [ app_begin ] --START--
INFO: Run Behavior\ReadHtmlCacheBehavior [ RunTime:0.000203s ]
INFO: Run Behavior\CheckLangBehavior [ RunTime:0.000292s ]
INFO: [ app_begin ] --END-- [ RunTime:0.000519s ]
NOTIC: [8] Undefined index: db_port /home/wwwroot/thinkphp/ThinkPHP/Library/Think/Db.class.php 第 67 行.
NOTIC: [8] Undefined index: db_name /home/wwwroot/thinkphp/ThinkPHP/Library/Think/Db.class.php 第 68 行.
SQL: CREATE DATABASE IF NOT EXISTS `aa` DEFAULT CHARACTER SET utf8 [ RunTime:0.0315s ]
NOTIC: [2] Missing argument 1 for Common\Model\Memory\RedisModel::__construct(), called in /home/wwwroot/thinkphp/Application/Install/Controller/InstallController.class.php on line 87 and defined /home/wwwroot/thinkphp/Application/Common/Model/Memory/RedisModel.class.php 第 36 行.
NOTIC: [2] Missing argument 2 for Common\Model\Memory\RedisModel::__construct(), called in /home/wwwroot/thinkphp/Application/Install/Controller/InstallController.class.php on line 87 and defined /home/wwwroot/thinkphp/Application/Common/Model/Memory/RedisModel.class.php 第 36 行.
NOTIC: [2] Missing argument 3 for Common\Model\Memory\RedisModel::__construct(), called in /home/wwwroot/thinkphp/Application/Install/Controller/InstallController.class.php on line 87 and defined /home/wwwroot/thinkphp/Application/Common/Model/Memory/RedisModel.class.php 第 36 行.
NOTIC: [2] Missing argument 4 for Common\Model\Memory\RedisModel::__construct(), called in /home/wwwroot/thinkphp/Application/Install/Controller/InstallController.class.php on line 87 and defined /home/wwwroot/thinkphp/Application/Common/Model/Memory/RedisModel.class.php 第 36 行.
NOTIC: [8] Undefined variable: host /home/wwwroot/thinkphp/Application/Common/Model/Memory/RedisModel.class.php 第 38 行.
NOTIC: [8] Undefined variable: port /home/wwwroot/thinkphp/Application/Common/Model/Memory/RedisModel.class.php 第 39 行.
NOTIC: [8] Undefined variable: timeout /home/wwwroot/thinkphp/Application/Common/Model/Memory/RedisModel.class.php 第 40 行.
NOTIC: [8] Undefined variable: auth /home/wwwroot/thinkphp/Application/Common/Model/Memory/RedisModel.class.php 第 43 行.
NOTIC: [2] Missing argument 1 for Common\Model\Memory\RedisModel::__construct(), called in /home/wwwroot/thinkphp/Application/Common/Model/Memory/RedisModel.class.php on line 56 and defined /home/wwwroot/thinkphp/Application/Common/Model/Memory/RedisModel.class.php 第 36 行.
NOTIC: [2] Missing argument 2 for Common\Model\Memory\RedisModel::__construct(), called in /home/wwwroot/thinkphp/Application/Common/Model/Memory/RedisModel.class.php on line 56 and defined /home/wwwroot/thinkphp/Application/Common/Model/Memory/RedisModel.class.php 第 36 行.
NOTIC: [2] Missing argument 3 for Common\Model\Memory\RedisModel::__construct(), called in /home/wwwroot/thinkphp/Application/Common/Model/Memory/RedisModel.class.php on line 56 and defined /home/wwwroot/thinkphp/Application/Common/Model/Memory/RedisModel.class.php 第 36 行.
NOTIC: [2] Missing argument 4 for Common\Model\Memory\RedisModel::__construct(), called in /home/wwwroot/thinkphp/Application/Common/Model/Memory/RedisModel.class.php on line 56 and defined /home/wwwroot/thinkphp/Application/Common/Model/Memory/RedisModel.class.php 第 36 行.
NOTIC: [8] Undefined variable: host /home/wwwroot/thinkphp/Application/Common/Model/Memory/RedisModel.class.php 第 38 行.
NOTIC: [8] Undefined variable: port /home/wwwroot/thinkphp/Application/Common/Model/Memory/RedisModel.class.php 第 39 行.
NOTIC: [8] Undefined variable: timeout /home/wwwroot/thinkphp/Application/Common/Model/Memory/RedisModel.class.php 第 40 行.
NOTIC: [8] Undefined variable: auth /home/wwwroot/thinkphp/Application/Common/Model/Memory/RedisModel.class.php 第 43 行.
INFO: [ view_parse ] --START--
INFO: [ template_filter ] --START--
INFO: Run Behavior\ContentReplaceBehavior [ RunTime:0.000039s ]
INFO: [ template_filter ] --END-- [ RunTime:0.000062s ]
INFO: Run Behavior\ParseTemplateBehavior [ RunTime:0.004348s ]
INFO: [ view_parse ] --END-- [ RunTime:0.004362s ]
INFO: [ view_filter ] --START--
INFO: Run Behavior\WriteHtmlCacheBehavior [ RunTime:0.000081s ]
INFO: [ view_filter ] --END-- [ RunTime:0.000091s ]
INFO: [ app_end ] --START--
INFO: Run Behavior\ShowPageTraceBehavior [ RunTime:0.000227s ]
INFO: [ app_end ] --END-- [ RunTime:0.000240s ]

[ 2016-06-21T09:25:29+08:00 ] 127.0.0.1 /install.php/Install/step/step/3
INFO: [ app_init ] --START--
INFO: Run Behavior\BuildLiteBehavior [ RunTime:0.000005s ]
INFO: [ app_init ] --END-- [ RunTime:0.000205s ]
INFO: [ app_begin ] --START--
INFO: Run Behavior\ReadHtmlCacheBehavior [ RunTime:0.000269s ]
INFO: Run Behavior\CheckLangBehavior [ RunTime:0.000260s ]
INFO: [ app_begin ] --END-- [ RunTime:0.000554s ]
NOTIC: [8] Undefined index: db_port /home/wwwroot/thinkphp/ThinkPHP/Library/Think/Db.class.php 第 67 行.
SQL: /*

Navicat MySQL Data Transfer



Source Server         : 本地

Source Server Version : 50711

Source Host           : localhost:3306

Source Database       : data



Target Server Type    : MYSQL

Target Server Version : 50711

File Encoding         : 65001



Date: 2016-06-20 15:28:01

*/



SET FOREIGN_KEY_CHECKS=0 [ RunTime:0.0001s ]
SQL: -- ----------------------------

-- Table structure for `site`

-- ----------------------------

DROP TABLE IF EXISTS `site` [ RunTime:0.0502s ]
SQL: CREATE TABLE `site` (

  `id` tinyint(1) unsigned NOT NULL AUTO_INCREMENT COMMENT '主键',

  `siteCode` char(15) NOT NULL COMMENT '站点识别码',

  `domain` char(50) NOT NULL COMMENT '域名',

  `theme` char(50) NOT NULL DEFAULT 'default' COMMENT '模板',

  `email` char(50) NOT NULL COMMENT '管理员邮箱',

  `sitekey` char(255) NOT NULL DEFAULT '' COMMENT '关键字',

  `siteintro` char(255) NOT NULL DEFAULT '' COMMENT '简介',

  `adminCenter` tinyint(1) NOT NULL DEFAULT '0' COMMENT '是否为中心站',

  `siteLogo` char(255) NOT NULL DEFAULT '' COMMENT '站点logo',

  `industryId` char(50) NOT NULL COMMENT '行业',

  PRIMARY KEY (`id`)

) ENGINE=MyISAM DEFAULT CHARSET=utf8 ROW_FORMAT=DYNAMIC COMMENT='系站点设置表' [ RunTime:0.0820s ]
SQL: -- ----------------------------

-- Records of site

-- ----------------------------



-- ----------------------------

-- Table structure for `system`

-- ----------------------------

DROP TABLE IF EXISTS `system` [ RunTime:0.0251s ]
SQL: CREATE TABLE `system` (

  `id` int(11) unsigned NOT NULL AUTO_INCREMENT COMMENT '主键',

  `siteName` char(60) NOT NULL DEFAULT '' COMMENT '行为唯一标识',

  `email` char(50) NOT NULL DEFAULT '' COMMENT '站点邮箱管理员邮箱',

  `siteKey` char(255) NOT NULL DEFAULT '' COMMENT '网站关键字',

  `siteDes` char(255) NOT NULL DEFAULT '' COMMENT '网站简介',

  `listNum` int(2) NOT NULL DEFAULT '12' COMMENT '里表页显示数量',

  `plTime` int(10) NOT NULL DEFAULT '0' COMMENT '评论间隔时间，单位秒',

  `loginKeyOk` tinyint(1) NOT NULL DEFAULT '1' COMMENT '是否开启会员登陆验证码1为开启,0为关闭',

  `loginNum` tinyint(1) NOT NULL DEFAULT '0' COMMENT '账户登录次数限制',

  `addNewsOk` tinyint(1) NOT NULL DEFAULT '0' COMMENT '是否开启投稿功能0为开启，1为关闭',

  `registerOk` tinyint(1) NOT NULL DEFAULT '0' COMMENT '是否开启会员注册0为开启，1为关闭',

  `registerStart` tinyint(1) NOT NULL DEFAULT '0' COMMENT '是否开启会员注册0为审核，1为直接通过',

  `smallTextLen` tinyint(3) NOT NULL DEFAULT '100' COMMENT '信息简介截取字数',

  `keyBgColor` char(7) NOT NULL DEFAULT '#FF0000' COMMENT '验证码文字颜色',

  `keyFontColor` char(7) NOT NULL DEFAULT '#FF0000' COMMENT '验证码文字颜色',

  `keyDistColor` char(7) NOT NULL DEFAULT '#FF0000' COMMENT '验证码干扰颜色',

  `plOk` tinyint(1) NOT NULL DEFAULT '1' COMMENT '是否开启评论1为开启，0为关闭',

  `plKeyOk` tinyint(1) NOT NULL DEFAULT '1' COMMENT '是否开启评论验证码1为开启，0为关闭',

  `plNum` tinyint(4) NOT NULL DEFAULT '8' COMMENT '评论列表每页显示数量',

  `gbOk` tinyint(1) NOT NULL DEFAULT '1' COMMENT '是否开启留言1为开启，0为关闭',

  `gbKeyOk` tinyint(1) NOT NULL DEFAULT '1' COMMENT '是否开启留言验证码1为开启，0为关闭',

  `gbNum` tinyint(4) NOT NULL DEFAULT '8' COMMENT '留言列表每页显示数量',

  `theme` char(50) NOT NULL DEFAULT 'Default' COMMENT '模板',

  `logo` char(255) NOT NULL DEFAULT '' COMMENT 'logo',

  PRIMARY KEY (`id`)

) ENGINE=MyISAM DEFAULT CHARSET=utf8 ROW_FORMAT=DYNAMIC COMMENT='系统总设置' [ RunTime:0.0588s ]
SQL: -- ----------------------------

-- Records of system

-- ----------------------------



-- ----------------------------

-- Table structure for `system_opetion`

-- ----------------------------

DROP TABLE IF EXISTS `system_opetion` [ RunTime:0.0335s ]
SQL: CREATE TABLE `system_opetion` (

  `id` tinyint(1) unsigned NOT NULL AUTO_INCREMENT COMMENT '主键',

  `key` char(15) NOT NULL COMMENT '键名',

  `value` char(255) NOT NULL COMMENT '值',

  PRIMARY KEY (`id`)

) ENGINE=MyISAM DEFAULT CHARSET=utf8 ROW_FORMAT=DYNAMIC COMMENT='系统扩展表' [ RunTime:0.0586s ]
SQL: -- ----------------------------

-- Records of system_opetion

-- ----------------------------



-- ----------------------------

-- Table structure for `theme`

-- ----------------------------

DROP TABLE IF EXISTS `theme` [ RunTime:0.0333s ]
SQL: CREATE TABLE `theme` (

  `id` tinyint(1) unsigned NOT NULL AUTO_INCREMENT COMMENT '主键',

  `themeName` char(50) NOT NULL COMMENT '模板名',

  `themeSetting` longblob NOT NULL COMMENT '模板设置',

  PRIMARY KEY (`id`)

) ENGINE=MyISAM DEFAULT CHARSET=utf8 ROW_FORMAT=DYNAMIC COMMENT='模板设置表' [ RunTime:0.0588s ]
SQL: -- ----------------------------

-- Records of theme

-- ---------------------------- [ RunTime:0.0001s ]
INFO: [ app_end ] --START--
INFO: Run Behavior\ShowPageTraceBehavior [ RunTime:0.000292s ]
INFO: [ app_end ] --END-- [ RunTime:0.000307s ]

[ 2016-06-21T09:26:37+08:00 ] 127.0.0.1 /install.php/Install/step/step/3
INFO: [ app_init ] --START--
INFO: Run Behavior\BuildLiteBehavior [ RunTime:0.000006s ]
INFO: [ app_init ] --END-- [ RunTime:0.000171s ]
INFO: [ app_begin ] --START--
INFO: Run Behavior\ReadHtmlCacheBehavior [ RunTime:0.000233s ]
INFO: Run Behavior\CheckLangBehavior [ RunTime:0.000427s ]
INFO: [ app_begin ] --END-- [ RunTime:0.000687s ]
NOTIC: [8] Undefined index: db_port /home/wwwroot/thinkphp/ThinkPHP/Library/Think/Db.class.php 第 67 行.
SQL: /*
Navicat MySQL Data Transfer

Source Server         : 本地
Source Server Version : 50711
Source Host           : localhost:3306
Source Database       : tk

Target Server Type    : MYSQL
Target Server Version : 50711
File Encoding         : 65001

Date: 2016-06-20 16:08:23
*/

SET FOREIGN_KEY_CHECKS=0 [ RunTime:0.0001s ]
SQL: -- ----------------------------
-- Table structure for `site`
-- ----------------------------
DROP TABLE IF EXISTS `site` [ RunTime:0.1030s ]
SQL: CREATE TABLE `site` (
  `id` tinyint(1) unsigned NOT NULL AUTO_INCREMENT COMMENT '主键',
  `siteCode` char(15) NOT NULL COMMENT '站点识别码',
  `domain` char(50) NOT NULL COMMENT '域名',
  `theme` char(50) NOT NULL DEFAULT 'default' COMMENT '模板',
  `email` char(50) NOT NULL COMMENT '管理员邮箱',
  `sitekey` char(255) NOT NULL DEFAULT '' COMMENT '关键字',
  `siteintro` char(255) NOT NULL DEFAULT '' COMMENT '简介',
  `adminCenter` tinyint(1) NOT NULL DEFAULT '0' COMMENT '是否为中心站',
  `siteLogo` char(255) NOT NULL DEFAULT '' COMMENT '站点logo',
  `industryId` char(50) NOT NULL COMMENT '行业',
  PRIMARY KEY (`id`)
) ENGINE=MyISAM DEFAULT CHARSET=utf8 ROW_FORMAT=DYNAMIC COMMENT='系站点设置表' [ RunTime:0.0964s ]
SQL: -- ----------------------------
-- Records of site
-- ----------------------------

-- ----------------------------
-- Table structure for `site_meta`
-- ----------------------------
DROP TABLE IF EXISTS `site_meta` [ RunTime:0.0423s ]
SQL: CREATE TABLE `site_meta` (
  `id` tinyint(1) unsigned NOT NULL AUTO_INCREMENT COMMENT '主键',
  `siteId` tinyint(1) unsigned NOT NULL COMMENT '站点id',
  `siteCode` char(15) NOT NULL COMMENT '站点识别码',
  `key` char(15) NOT NULL COMMENT '键名',
  `value` char(255) NOT NULL DEFAULT '' COMMENT '值',
  PRIMARY KEY (`id`)
) ENGINE=MyISAM DEFAULT CHARSET=utf8 ROW_FORMAT=DYNAMIC COMMENT='系站点设置扩展表' [ RunTime:0.0581s ]
SQL: -- ----------------------------
-- Records of site_meta
-- ----------------------------

-- ----------------------------
-- Table structure for `system`
-- ----------------------------
DROP TABLE IF EXISTS `system` [ RunTime:0.0336s ]
SQL: CREATE TABLE `system` (
  `id` int(11) unsigned NOT NULL AUTO_INCREMENT COMMENT '主键',
  `siteName` char(60) NOT NULL DEFAULT '' COMMENT '行为唯一标识',
  `email` char(50) NOT NULL DEFAULT '' COMMENT '站点邮箱管理员邮箱',
  `siteKey` char(255) NOT NULL DEFAULT '' COMMENT '网站关键字',
  `siteDes` char(255) NOT NULL DEFAULT '' COMMENT '网站简介',
  `listNum` int(2) NOT NULL DEFAULT '12' COMMENT '里表页显示数量',
  `plTime` int(10) NOT NULL DEFAULT '0' COMMENT '评论间隔时间，单位秒',
  `loginKeyOk` tinyint(1) NOT NULL DEFAULT '1' COMMENT '是否开启会员登陆验证码1为开启,0为关闭',
  `loginNum` tinyint(1) NOT NULL DEFAULT '0' COMMENT '账户登录次数限制',
  `addNewsOk` tinyint(1) NOT NULL DEFAULT '0' COMMENT '是否开启投稿功能0为开启，1为关闭',
  `registerOk` tinyint(1) NOT NULL DEFAULT '0' COMMENT '是否开启会员注册0为开启，1为关闭',
  `registerStart` tinyint(1) NOT NULL DEFAULT '0' COMMENT '是否开启会员注册0为审核，1为直接通过',
  `smallTextLen` tinyint(3) NOT NULL DEFAULT '100' COMMENT '信息简介截取字数',
  `keyBgColor` char(7) NOT NULL DEFAULT '#FF0000' COMMENT '验证码文字颜色',
  `keyFontColor` char(7) NOT NULL DEFAULT '#FF0000' COMMENT '验证码文字颜色',
  `keyDistColor` char(7) NOT NULL DEFAULT '#FF0000' COMMENT '验证码干扰颜色',
  `plOk` tinyint(1) NOT NULL DEFAULT '1' COMMENT '是否开启评论1为开启，0为关闭',
  `plKeyOk` tinyint(1) NOT NULL DEFAULT '1' COMMENT '是否开启评论验证码1为开启，0为关闭',
  `plNum` tinyint(4) NOT NULL DEFAULT '8' COMMENT '评论列表每页显示数量',
  `gbOk` tinyint(1) NOT NULL DEFAULT '1' COMMENT '是否开启留言1为开启，0为关闭',
  `gbKeyOk` tinyint(1) NOT NULL DEFAULT '1' COMMENT '是否开启留言验证码1为开启，0为关闭',
  `gbNum` tinyint(4) NOT NULL DEFAULT '8' COMMENT '留言列表每页显示数量',
  `theme` char(50) NOT NULL DEFAULT 'Default' COMMENT '模板',
  `logo` char(255) NOT NULL DEFAULT '' COMMENT 'logo',
  PRIMARY KEY (`id`)
) ENGINE=MyISAM DEFAULT CHARSET=utf8 ROW_FORMAT=DYNAMIC COMMENT='系统总设置' [ RunTime:0.0594s ]
SQL: -- ----------------------------
-- Records of system
-- ----------------------------

-- ----------------------------
-- Table structure for `system_opetion`
-- ----------------------------
DROP TABLE IF EXISTS `system_opetion` [ RunTime:0.0254s ]
SQL: CREATE TABLE `system_opetion` (
  `id` tinyint(1) unsigned NOT NULL AUTO_INCREMENT COMMENT '主键',
  `key` char(15) NOT NULL COMMENT '键名',
  `value` char(255) NOT NULL COMMENT '值',
  PRIMARY KEY (`id`)
) ENGINE=MyISAM DEFAULT CHARSET=utf8 ROW_FORMAT=DYNAMIC COMMENT='系统扩展表' [ RunTime:0.0503s ]
SQL: -- ----------------------------
-- Records of system_opetion
-- ----------------------------

-- ----------------------------
-- Table structure for `theme`
-- ----------------------------
DROP TABLE IF EXISTS `theme` [ RunTime:0.0252s ]
SQL: CREATE TABLE `theme` (
  `id` tinyint(1) unsigned NOT NULL AUTO_INCREMENT COMMENT '主键',
  `themeName` char(50) NOT NULL COMMENT '模板名',
  `themeSetting` longblob NOT NULL COMMENT '模板设置',
  PRIMARY KEY (`id`)
) ENGINE=MyISAM DEFAULT CHARSET=utf8 ROW_FORMAT=DYNAMIC COMMENT='模板设置表' [ RunTime:0.0505s ]
SQL: -- ----------------------------
-- Records of theme
-- ----------------------------

-- ----------------------------
-- Table structure for `user`
-- ----------------------------
DROP TABLE IF EXISTS `user` [ RunTime:0.0252s ]
SQL: CREATE TABLE `user` (
  `id` tinyint(1) unsigned NOT NULL AUTO_INCREMENT COMMENT '主键',
  `siteCode` char(15) NOT NULL COMMENT '站点识别码，这里作为注册来源',
  `userName` char(30) NOT NULL COMMENT '用户名',
  `passName` char(32) NOT NULL COMMENT '用户密码',
  `niceName` char(50) NOT NULL DEFAULT '' COMMENT '昵称',
  `status` tinyint(1) NOT NULL DEFAULT '0' COMMENT '状态',
  `email` char(180) NOT NULL DEFAULT '' COMMENT '邮箱',
  `emailStatus` tinyint(1) NOT NULL DEFAULT '0' COMMENT '邮箱状态',
  `mobile` char(32) NOT NULL DEFAULT '' COMMENT '手机',
  `mobileStatus` tinyint(1) NOT NULL DEFAULT '0' COMMENT '手机状态',
  `avartar` char(255) NOT NULL DEFAULT '' COMMENT '头像',
  `regdate` int(10) NOT NULL DEFAULT '0' COMMENT '注册时间',
  `newPlNum` smallint(6) unsigned NOT NULL DEFAULT '0' COMMENT '新评论数量',
  `newGbNum` smallint(6) unsigned NOT NULL DEFAULT '0' COMMENT '新留言数目',
  `roles` varchar(255) NOT NULL DEFAULT '' COMMENT '用户角色',
  `point` int(11) NOT NULL DEFAULT '0' COMMENT '积分',
  `coin` int(11) NOT NULL DEFAULT '0' COMMENT '金币',
  `money` int(11) NOT NULL DEFAULT '0' COMMENT '钱',
  `lockTime` int(10) NOT NULL DEFAULT '0' COMMENT '帐号锁定期限',
  `passErrorNum` tinyint(1) NOT NULL DEFAULT '0' COMMENT '帐号密码错误次数',
  PRIMARY KEY (`id`)
) ENGINE=InnoDB AUTO_INCREMENT=616 DEFAULT CHARSET=utf8 ROW_FORMAT=COMPACT COMMENT='用户表' [ RunTime:0.3177s ]
SQL: -- ----------------------------
-- Records of user
-- ----------------------------

-- ----------------------------
-- Table structure for `user_meta`
-- ----------------------------
DROP TABLE IF EXISTS `user_meta` [ RunTime:0.0250s ]
SQL: CREATE TABLE `user_meta` (
  `id` tinyint(1) unsigned NOT NULL AUTO_INCREMENT COMMENT '主键',
  `uId` tinyint(1) unsigned NOT NULL COMMENT '用户id',
  `siteCode` char(15) NOT NULL COMMENT '站点识别码',
  `key` char(15) NOT NULL COMMENT '键名',
  `value` char(255) NOT NULL DEFAULT '' COMMENT '值',
  PRIMARY KEY (`id`)
) ENGINE=InnoDB AUTO_INCREMENT=616 DEFAULT CHARSET=utf8 ROW_FORMAT=COMPACT COMMENT='用户扩展表' [ RunTime:0.2846s ]
SQL: -- ----------------------------
-- Records of user_meta
-- ---------------------------- [ RunTime:0.0001s ]
INFO: [ app_end ] --START--
INFO: Run Behavior\ShowPageTraceBehavior [ RunTime:0.000286s ]
INFO: [ app_end ] --END-- [ RunTime:0.000300s ]

[ 2016-06-21T09:28:11+08:00 ] 127.0.0.1 /install.php/Install/step/step/3
INFO: [ app_init ] --START--
INFO: Run Behavior\BuildLiteBehavior [ RunTime:0.000004s ]
INFO: [ app_init ] --END-- [ RunTime:0.000136s ]
INFO: [ app_begin ] --START--
INFO: Run Behavior\ReadHtmlCacheBehavior [ RunTime:0.000183s ]
INFO: Run Behavior\CheckLangBehavior [ RunTime:0.000232s ]
INFO: [ app_begin ] --END-- [ RunTime:0.000438s ]
NOTIC: [8] Undefined index: db_port /home/wwwroot/thinkphp/ThinkPHP/Library/Think/Db.class.php 第 67 行.
SQL: /*
Navicat MySQL Data Transfer

Source Server         : 本地
Source Server Version : 50711
Source Host           : localhost:3306
Source Database       : tk

Target Server Type    : MYSQL
Target Server Version : 50711
File Encoding         : 65001

Date: 2016-06-20 16:08:23
*/

SET FOREIGN_KEY_CHECKS=0 [ RunTime:0.0001s ]
SQL: -- ----------------------------
-- Table structure for `site`
-- ----------------------------
DROP TABLE IF EXISTS `site` [ RunTime:0.0330s ]
SQL: CREATE TABLE `site` (
  `id` tinyint(1) unsigned NOT NULL AUTO_INCREMENT COMMENT '主键',
  `siteCode` char(15) NOT NULL COMMENT '站点识别码',
  `domain` char(50) NOT NULL COMMENT '域名',
  `theme` char(50) NOT NULL DEFAULT 'default' COMMENT '模板',
  `email` char(50) NOT NULL COMMENT '管理员邮箱',
  `sitekey` char(255) NOT NULL DEFAULT '' COMMENT '关键字',
  `siteintro` char(255) NOT NULL DEFAULT '' COMMENT '简介',
  `adminCenter` tinyint(1) NOT NULL DEFAULT '0' COMMENT '是否为中心站',
  `siteLogo` char(255) NOT NULL DEFAULT '' COMMENT '站点logo',
  `industryId` char(50) NOT NULL COMMENT '行业',
  PRIMARY KEY (`id`)
) ENGINE=MyISAM DEFAULT CHARSET=utf8 ROW_FORMAT=DYNAMIC COMMENT='系站点设置表' [ RunTime:0.0587s ]
SQL: -- ----------------------------
-- Records of site
-- ----------------------------

-- ----------------------------
-- Table structure for `site_meta`
-- ----------------------------
DROP TABLE IF EXISTS `site_meta` [ RunTime:0.0336s ]
SQL: CREATE TABLE `site_meta` (
  `id` tinyint(1) unsigned NOT NULL AUTO_INCREMENT COMMENT '主键',
  `siteId` tinyint(1) unsigned NOT NULL COMMENT '站点id',
  `siteCode` char(15) NOT NULL COMMENT '站点识别码',
  `key` char(15) NOT NULL COMMENT '键名',
  `value` char(255) NOT NULL DEFAULT '' COMMENT '值',
  PRIMARY KEY (`id`)
) ENGINE=MyISAM DEFAULT CHARSET=utf8 ROW_FORMAT=DYNAMIC COMMENT='系站点设置扩展表' [ RunTime:0.0526s ]
SQL: -- ----------------------------
-- Records of site_meta
-- ----------------------------

-- ----------------------------
-- Table structure for `system`
-- ----------------------------
DROP TABLE IF EXISTS `system` [ RunTime:0.0254s ]
SQL: CREATE TABLE `system` (
  `id` int(11) unsigned NOT NULL AUTO_INCREMENT COMMENT '主键',
  `siteName` char(60) NOT NULL DEFAULT '' COMMENT '行为唯一标识',
  `email` char(50) NOT NULL DEFAULT '' COMMENT '站点邮箱管理员邮箱',
  `siteKey` char(255) NOT NULL DEFAULT '' COMMENT '网站关键字',
  `siteDes` char(255) NOT NULL DEFAULT '' COMMENT '网站简介',
  `listNum` int(2) NOT NULL DEFAULT '12' COMMENT '里表页显示数量',
  `plTime` int(10) NOT NULL DEFAULT '0' COMMENT '评论间隔时间，单位秒',
  `loginKeyOk` tinyint(1) NOT NULL DEFAULT '1' COMMENT '是否开启会员登陆验证码1为开启,0为关闭',
  `loginNum` tinyint(1) NOT NULL DEFAULT '0' COMMENT '账户登录次数限制',
  `addNewsOk` tinyint(1) NOT NULL DEFAULT '0' COMMENT '是否开启投稿功能0为开启，1为关闭',
  `registerOk` tinyint(1) NOT NULL DEFAULT '0' COMMENT '是否开启会员注册0为开启，1为关闭',
  `registerStart` tinyint(1) NOT NULL DEFAULT '0' COMMENT '是否开启会员注册0为审核，1为直接通过',
  `smallTextLen` tinyint(3) NOT NULL DEFAULT '100' COMMENT '信息简介截取字数',
  `keyBgColor` char(7) NOT NULL DEFAULT '#FF0000' COMMENT '验证码文字颜色',
  `keyFontColor` char(7) NOT NULL DEFAULT '#FF0000' COMMENT '验证码文字颜色',
  `keyDistColor` char(7) NOT NULL DEFAULT '#FF0000' COMMENT '验证码干扰颜色',
  `plOk` tinyint(1) NOT NULL DEFAULT '1' COMMENT '是否开启评论1为开启，0为关闭',
  `plKeyOk` tinyint(1) NOT NULL DEFAULT '1' COMMENT '是否开启评论验证码1为开启，0为关闭',
  `plNum` tinyint(4) NOT NULL DEFAULT '8' COMMENT '评论列表每页显示数量',
  `gbOk` tinyint(1) NOT NULL DEFAULT '1' COMMENT '是否开启留言1为开启，0为关闭',
  `gbKeyOk` tinyint(1) NOT NULL DEFAULT '1' COMMENT '是否开启留言验证码1为开启，0为关闭',
  `gbNum` tinyint(4) NOT NULL DEFAULT '8' COMMENT '留言列表每页显示数量',
  `theme` char(50) NOT NULL DEFAULT 'Default' COMMENT '模板',
  `logo` char(255) NOT NULL DEFAULT '' COMMENT 'logo',
  PRIMARY KEY (`id`)
) ENGINE=MyISAM DEFAULT CHARSET=utf8 ROW_FORMAT=DYNAMIC COMMENT='系统总设置' [ RunTime:0.0588s ]
SQL: -- ----------------------------
-- Records of system
-- ----------------------------

-- ----------------------------
-- Table structure for `system_opetion`
-- ----------------------------
DROP TABLE IF EXISTS `system_opetion` [ RunTime:0.0336s ]
SQL: CREATE TABLE `system_opetion` (
  `id` tinyint(1) unsigned NOT NULL AUTO_INCREMENT COMMENT '主键',
  `key` char(15) NOT NULL COMMENT '键名',
  `value` char(255) NOT NULL COMMENT '值',
  PRIMARY KEY (`id`)
) ENGINE=MyISAM DEFAULT CHARSET=utf8 ROW_FORMAT=DYNAMIC COMMENT='系统扩展表' [ RunTime:0.0673s ]
SQL: -- ----------------------------
-- Records of system_opetion
-- ----------------------------

-- ----------------------------
-- Table structure for `theme`
-- ----------------------------
DROP TABLE IF EXISTS `theme` [ RunTime:0.0249s ]
SQL: CREATE TABLE `theme` (
  `id` tinyint(1) unsigned NOT NULL AUTO_INCREMENT COMMENT '主键',
  `themeName` char(50) NOT NULL COMMENT '模板名',
  `themeSetting` longblob NOT NULL COMMENT '模板设置',
  PRIMARY KEY (`id`)
) ENGINE=MyISAM DEFAULT CHARSET=utf8 ROW_FORMAT=DYNAMIC COMMENT='模板设置表' [ RunTime:0.0591s ]
SQL: -- ----------------------------
-- Records of theme
-- ----------------------------

-- ----------------------------
-- Table structure for `user`
-- ----------------------------
DROP TABLE IF EXISTS `user` [ RunTime:0.1923s ]
SQL: CREATE TABLE `user` (
  `id` tinyint(1) unsigned NOT NULL AUTO_INCREMENT COMMENT '主键',
  `siteCode` char(15) NOT NULL COMMENT '站点识别码，这里作为注册来源',
  `userName` char(30) NOT NULL COMMENT '用户名',
  `passName` char(32) NOT NULL COMMENT '用户密码',
  `niceName` char(50) NOT NULL DEFAULT '' COMMENT '昵称',
  `status` tinyint(1) NOT NULL DEFAULT '0' COMMENT '状态',
  `email` char(180) NOT NULL DEFAULT '' COMMENT '邮箱',
  `emailStatus` tinyint(1) NOT NULL DEFAULT '0' COMMENT '邮箱状态',
  `mobile` char(32) NOT NULL DEFAULT '' COMMENT '手机',
  `mobileStatus` tinyint(1) NOT NULL DEFAULT '0' COMMENT '手机状态',
  `avartar` char(255) NOT NULL DEFAULT '' COMMENT '头像',
  `regdate` int(10) NOT NULL DEFAULT '0' COMMENT '注册时间',
  `newPlNum` smallint(6) unsigned NOT NULL DEFAULT '0' COMMENT '新评论数量',
  `newGbNum` smallint(6) unsigned NOT NULL DEFAULT '0' COMMENT '新留言数目',
  `roles` varchar(255) NOT NULL DEFAULT '' COMMENT '用户角色',
  `point` int(11) NOT NULL DEFAULT '0' COMMENT '积分',
  `coin` int(11) NOT NULL DEFAULT '0' COMMENT '金币',
  `money` int(11) NOT NULL DEFAULT '0' COMMENT '钱',
  `lockTime` int(10) NOT NULL DEFAULT '0' COMMENT '帐号锁定期限',
  `passErrorNum` tinyint(1) NOT NULL DEFAULT '0' COMMENT '帐号密码错误次数',
  PRIMARY KEY (`id`)
) ENGINE=InnoDB AUTO_INCREMENT=616 DEFAULT CHARSET=utf8 ROW_FORMAT=COMPACT COMMENT='用户表' [ RunTime:0.3195s ]
SQL: -- ----------------------------
-- Records of user
-- ----------------------------

-- ----------------------------
-- Table structure for `user_meta`
-- ----------------------------
DROP TABLE IF EXISTS `user_meta` [ RunTime:0.2162s ]
SQL: CREATE TABLE `user_meta` (
  `id` tinyint(1) unsigned NOT NULL AUTO_INCREMENT COMMENT '主键',
  `uId` tinyint(1) unsigned NOT NULL COMMENT '用户id',
  `siteCode` char(15) NOT NULL COMMENT '站点识别码',
  `key` char(15) NOT NULL COMMENT '键名',
  `value` char(255) NOT NULL DEFAULT '' COMMENT '值',
  PRIMARY KEY (`id`)
) ENGINE=InnoDB AUTO_INCREMENT=616 DEFAULT CHARSET=utf8 ROW_FORMAT=COMPACT COMMENT='用户扩展表' [ RunTime:0.2929s ]
SQL: -- ----------------------------
-- Records of user_meta
-- ---------------------------- [ RunTime:0.0001s ]
INFO: [ app_end ] --START--
INFO: Run Behavior\ShowPageTraceBehavior [ RunTime:0.000285s ]
INFO: [ app_end ] --END-- [ RunTime:0.000300s ]

[ 2016-06-21T09:30:22+08:00 ] 127.0.0.1 /install.php/Install/step/step/2
INFO: [ app_init ] --START--
INFO: Run Behavior\BuildLiteBehavior [ RunTime:0.000005s ]
INFO: [ app_init ] --END-- [ RunTime:0.000144s ]
INFO: [ app_begin ] --START--
INFO: Run Behavior\ReadHtmlCacheBehavior [ RunTime:0.000222s ]
INFO: Run Behavior\CheckLangBehavior [ RunTime:0.000246s ]
INFO: [ app_begin ] --END-- [ RunTime:0.000495s ]
NOTIC: [8] Undefined index: db_port /home/wwwroot/thinkphp/ThinkPHP/Library/Think/Db.class.php 第 67 行.
NOTIC: [8] Undefined index: db_name /home/wwwroot/thinkphp/ThinkPHP/Library/Think/Db.class.php 第 68 行.
SQL: CREATE DATABASE IF NOT EXISTS `aa` DEFAULT CHARACTER SET utf8 [ RunTime:0.0353s ]
NOTIC: [2] Missing argument 1 for Common\Model\Memory\RedisModel::__construct(), called in /home/wwwroot/thinkphp/Application/Install/Controller/InstallController.class.php on line 87 and defined /home/wwwroot/thinkphp/Application/Common/Model/Memory/RedisModel.class.php 第 36 行.
NOTIC: [2] Missing argument 2 for Common\Model\Memory\RedisModel::__construct(), called in /home/wwwroot/thinkphp/Application/Install/Controller/InstallController.class.php on line 87 and defined /home/wwwroot/thinkphp/Application/Common/Model/Memory/RedisModel.class.php 第 36 行.
NOTIC: [2] Missing argument 3 for Common\Model\Memory\RedisModel::__construct(), called in /home/wwwroot/thinkphp/Application/Install/Controller/InstallController.class.php on line 87 and defined /home/wwwroot/thinkphp/Application/Common/Model/Memory/RedisModel.class.php 第 36 行.
NOTIC: [2] Missing argument 4 for Common\Model\Memory\RedisModel::__construct(), called in /home/wwwroot/thinkphp/Application/Install/Controller/InstallController.class.php on line 87 and defined /home/wwwroot/thinkphp/Application/Common/Model/Memory/RedisModel.class.php 第 36 行.
NOTIC: [8] Undefined variable: host /home/wwwroot/thinkphp/Application/Common/Model/Memory/RedisModel.class.php 第 38 行.
NOTIC: [8] Undefined variable: port /home/wwwroot/thinkphp/Application/Common/Model/Memory/RedisModel.class.php 第 39 行.
NOTIC: [8] Undefined variable: timeout /home/wwwroot/thinkphp/Application/Common/Model/Memory/RedisModel.class.php 第 40 行.
NOTIC: [8] Undefined variable: auth /home/wwwroot/thinkphp/Application/Common/Model/Memory/RedisModel.class.php 第 43 行.
NOTIC: [2] Missing argument 1 for Common\Model\Memory\RedisModel::__construct(), called in /home/wwwroot/thinkphp/Application/Common/Model/Memory/RedisModel.class.php on line 56 and defined /home/wwwroot/thinkphp/Application/Common/Model/Memory/RedisModel.class.php 第 36 行.
NOTIC: [2] Missing argument 2 for Common\Model\Memory\RedisModel::__construct(), called in /home/wwwroot/thinkphp/Application/Common/Model/Memory/RedisModel.class.php on line 56 and defined /home/wwwroot/thinkphp/Application/Common/Model/Memory/RedisModel.class.php 第 36 行.
NOTIC: [2] Missing argument 3 for Common\Model\Memory\RedisModel::__construct(), called in /home/wwwroot/thinkphp/Application/Common/Model/Memory/RedisModel.class.php on line 56 and defined /home/wwwroot/thinkphp/Application/Common/Model/Memory/RedisModel.class.php 第 36 行.
NOTIC: [2] Missing argument 4 for Common\Model\Memory\RedisModel::__construct(), called in /home/wwwroot/thinkphp/Application/Common/Model/Memory/RedisModel.class.php on line 56 and defined /home/wwwroot/thinkphp/Application/Common/Model/Memory/RedisModel.class.php 第 36 行.
NOTIC: [8] Undefined variable: host /home/wwwroot/thinkphp/Application/Common/Model/Memory/RedisModel.class.php 第 38 行.
NOTIC: [8] Undefined variable: port /home/wwwroot/thinkphp/Application/Common/Model/Memory/RedisModel.class.php 第 39 行.
NOTIC: [8] Undefined variable: timeout /home/wwwroot/thinkphp/Application/Common/Model/Memory/RedisModel.class.php 第 40 行.
NOTIC: [8] Undefined variable: auth /home/wwwroot/thinkphp/Application/Common/Model/Memory/RedisModel.class.php 第 43 行.
INFO: [ view_parse ] --START--
INFO: [ template_filter ] --START--
INFO: Run Behavior\ContentReplaceBehavior [ RunTime:0.000083s ]
INFO: [ template_filter ] --END-- [ RunTime:0.000107s ]
INFO: Run Behavior\ParseTemplateBehavior [ RunTime:0.005020s ]
INFO: [ view_parse ] --END-- [ RunTime:0.005041s ]
INFO: [ view_filter ] --START--
INFO: Run Behavior\WriteHtmlCacheBehavior [ RunTime:0.000188s ]
INFO: [ view_filter ] --END-- [ RunTime:0.000213s ]
INFO: [ app_end ] --START--
INFO: Run Behavior\ShowPageTraceBehavior [ RunTime:0.000510s ]
INFO: [ app_end ] --END-- [ RunTime:0.000530s ]

