[ 2016-06-08T09:10:09+08:00 ] 127.0.0.1 /install.php
INFO: [ app_init ] --START--
INFO: Run Behavior\BuildLiteBehavior [ RunTime:0.000005s ]
INFO: [ app_init ] --END-- [ RunTime:0.000291s ]
INFO: [ app_begin ] --START--
INFO: Run Behavior\ReadHtmlCacheBehavior [ RunTime:0.000424s ]
INFO: Run Behavior\CheckLangBehavior [ RunTime:0.011463s ]
INFO: [ app_begin ] --END-- [ RunTime:0.011918s ]
INFO: [ view_parse ] --START--
INFO: [ template_filter ] --START--
INFO: Run Behavior\ContentReplaceBehavior [ RunTime:0.000034s ]
INFO: [ template_filter ] --END-- [ RunTime:0.000055s ]
INFO: Run Behavior\ParseTemplateBehavior [ RunTime:0.017332s ]
INFO: [ view_parse ] --END-- [ RunTime:0.017351s ]
INFO: [ view_filter ] --START--
INFO: Run Behavior\WriteHtmlCacheBehavior [ RunTime:0.000317s ]
INFO: [ view_filter ] --END-- [ RunTime:0.000328s ]
INFO: [ app_end ] --START--
INFO: Run Behavior\ShowPageTraceBehavior [ RunTime:0.000350s ]
INFO: [ app_end ] --END-- [ RunTime:0.000362s ]

[ 2016-06-08T09:10:23+08:00 ] 127.0.0.1 /install.php/Install/step/step/1
INFO: [ app_init ] --START--
INFO: Run Behavior\BuildLiteBehavior [ RunTime:0.000007s ]
INFO: [ app_init ] --END-- [ RunTime:0.000256s ]
INFO: [ app_begin ] --START--
INFO: Run Behavior\ReadHtmlCacheBehavior [ RunTime:0.000192s ]
INFO: Run Behavior\CheckLangBehavior [ RunTime:0.000244s ]
INFO: [ app_begin ] --END-- [ RunTime:0.000461s ]
NOTIC: [2] Declaration of Install\Controller\InstallController::error($info, $title = 'ÂæàÈÅóÊÜæÔ...') should be compatible with Think\Controller::error($message = '', $jumpUrl = '', $ajax = false) /home/wwwroot/thinkphp/Application/Install/Controller/InstallController.class.php Á¨¨ 16 Ë°å.
NOTIC: [8] Use of undefined constant INSTALL_APP_PATH - assumed 'INSTALL_APP_PATH' /home/wwwroot/thinkphp/Application/Install/Common/function.php Á¨¨ 98 Ë°å.
NOTIC: [2] is_dir() expects parameter 1 to be a valid path, array given /home/wwwroot/thinkphp/Application/Install/Common/function.php Á¨¨ 99 Ë°å.
NOTIC: [8] Use of undefined constant INSTALL_APP_PATH - assumed 'INSTALL_APP_PATH' /home/wwwroot/thinkphp/Application/Install/Common/function.php Á¨¨ 98 Ë°å.
NOTIC: [2] is_dir() expects parameter 1 to be a valid path, array given /home/wwwroot/thinkphp/Application/Install/Common/function.php Á¨¨ 99 Ë°å.
NOTIC: [8] Use of undefined constant INSTALL_APP_PATH - assumed 'INSTALL_APP_PATH' /home/wwwroot/thinkphp/Application/Install/Common/function.php Á¨¨ 98 Ë°å.
NOTIC: [2] is_dir() expects parameter 1 to be a valid path, array given /home/wwwroot/thinkphp/Application/Install/Common/function.php Á¨¨ 99 Ë°å.
NOTIC: [8] Use of undefined constant INSTALL_APP_PATH - assumed 'INSTALL_APP_PATH' /home/wwwroot/thinkphp/Application/Install/Common/function.php Á¨¨ 98 Ë°å.
NOTIC: [2] is_dir() expects parameter 1 to be a valid path, array given /home/wwwroot/thinkphp/Application/Install/Common/function.php Á¨¨ 99 Ë°å.
NOTIC: [8] Use of undefined constant INSTALL_APP_PATH - assumed 'INSTALL_APP_PATH' /home/wwwroot/thinkphp/Application/Install/Common/function.php Á¨¨ 98 Ë°å.
NOTIC: [2] is_dir() expects parameter 1 to be a valid path, array given /home/wwwroot/thinkphp/Application/Install/Common/function.php Á¨¨ 99 Ë°å.
NOTIC: [8] Use of undefined constant INSTALL_APP_PATH - assumed 'INSTALL_APP_PATH' /home/wwwroot/thinkphp/Application/Install/Common/function.php Á¨¨ 98 Ë°å.
NOTIC: [2] is_dir() expects parameter 1 to be a valid path, array given /home/wwwroot/thinkphp/Application/Install/Common/function.php Á¨¨ 99 Ë°å.
NOTIC: [8] Use of undefined constant INSTALL_APP_PATH - assumed 'INSTALL_APP_PATH' /home/wwwroot/thinkphp/Application/Install/Common/function.php Á¨¨ 98 Ë°å.
NOTIC: [2] is_dir() expects parameter 1 to be a valid path, array given /home/wwwroot/thinkphp/Application/Install/Common/function.php Á¨¨ 99 Ë°å.
NOTIC: [8] Use of undefined constant INSTALL_APP_PATH - assumed 'INSTALL_APP_PATH' /home/wwwroot/thinkphp/Application/Install/Common/function.php Á¨¨ 98 Ë°å.
NOTIC: [2] is_dir() expects parameter 1 to be a valid path, array given /home/wwwroot/thinkphp/Application/Install/Common/function.php Á¨¨ 99 Ë°å.
NOTIC: [8] Use of undefined constant INSTALL_APP_PATH - assumed 'INSTALL_APP_PATH' /home/wwwroot/thinkphp/Application/Install/Common/function.php Á¨¨ 110 Ë°å.
NOTIC: [8] Use of undefined constant INSTALL_APP_PATH - assumed 'INSTALL_APP_PATH' /home/wwwroot/thinkphp/Application/Install/Common/function.php Á¨¨ 117 Ë°å.
NOTIC: [8] Use of undefined constant INSTALL_APP_PATH - assumed 'INSTALL_APP_PATH' /home/wwwroot/thinkphp/Application/Install/Common/function.php Á¨¨ 110 Ë°å.
NOTIC: [8] Use of undefined constant INSTALL_APP_PATH - assumed 'INSTALL_APP_PATH' /home/wwwroot/thinkphp/Application/Install/Common/function.php Á¨¨ 117 Ë°å.
INFO: [ view_parse ] --START--
INFO: [ template_filter ] --START--
INFO: Run Behavior\ContentReplaceBehavior [ RunTime:0.000040s ]
INFO: [ template_filter ] --END-- [ RunTime:0.000058s ]
INFO: Run Behavior\ParseTemplateBehavior [ RunTime:0.010812s ]
INFO: [ view_parse ] --END-- [ RunTime:0.010828s ]
INFO: [ view_filter ] --START--
INFO: Run Behavior\WriteHtmlCacheBehavior [ RunTime:0.000091s ]
INFO: [ view_filter ] --END-- [ RunTime:0.000101s ]
INFO: [ app_end ] --START--
INFO: Run Behavior\ShowPageTraceBehavior [ RunTime:0.000212s ]
INFO: [ app_end ] --END-- [ RunTime:0.000224s ]

[ 2016-06-08T09:10:32+08:00 ] 127.0.0.1 /install.php/Install/step/step/1
INFO: [ app_init ] --START--
INFO: Run Behavior\BuildLiteBehavior [ RunTime:0.000006s ]
INFO: [ app_init ] --END-- [ RunTime:0.000148s ]
INFO: [ app_begin ] --START--
INFO: Run Behavior\ReadHtmlCacheBehavior [ RunTime:0.000290s ]
INFO: Run Behavior\CheckLangBehavior [ RunTime:0.000240s ]
INFO: [ app_begin ] --END-- [ RunTime:0.000554s ]
NOTIC: [2] Declaration of Install\Controller\InstallController::error($info, $title = 'ÂæàÈÅóÊÜæÔ...') should be compatible with Think\Controller::error($message = '', $jumpUrl = '', $ajax = false) /home/wwwroot/thinkphp/Application/Install/Controller/InstallController.class.php Á¨¨ 16 Ë°å.
NOTIC: [8] Use of undefined constant INSTALL_APP_PATH - assumed 'INSTALL_APP_PATH' /home/wwwroot/thinkphp/Application/Install/Common/function.php Á¨¨ 98 Ë°å.
NOTIC: [2] is_dir() expects parameter 1 to be a valid path, array given /home/wwwroot/thinkphp/Application/Install/Common/function.php Á¨¨ 99 Ë°å.
NOTIC: [8] Use of undefined constant INSTALL_APP_PATH - assumed 'INSTALL_APP_PATH' /home/wwwroot/thinkphp/Application/Install/Common/function.php Á¨¨ 98 Ë°å.
NOTIC: [2] is_dir() expects parameter 1 to be a valid path, array given /home/wwwroot/thinkphp/Application/Install/Common/function.php Á¨¨ 99 Ë°å.
NOTIC: [8] Use of undefined constant INSTALL_APP_PATH - assumed 'INSTALL_APP_PATH' /home/wwwroot/thinkphp/Application/Install/Common/function.php Á¨¨ 98 Ë°å.
NOTIC: [2] is_dir() expects parameter 1 to be a valid path, array given /home/wwwroot/thinkphp/Application/Install/Common/function.php Á¨¨ 99 Ë°å.
NOTIC: [8] Use of undefined constant INSTALL_APP_PATH - assumed 'INSTALL_APP_PATH' /home/wwwroot/thinkphp/Application/Install/Common/function.php Á¨¨ 98 Ë°å.
NOTIC: [2] is_dir() expects parameter 1 to be a valid path, array given /home/wwwroot/thinkphp/Application/Install/Common/function.php Á¨¨ 99 Ë°å.
NOTIC: [8] Use of undefined constant INSTALL_APP_PATH - assumed 'INSTALL_APP_PATH' /home/wwwroot/thinkphp/Application/Install/Common/function.php Á¨¨ 98 Ë°å.
NOTIC: [2] is_dir() expects parameter 1 to be a valid path, array given /home/wwwroot/thinkphp/Application/Install/Common/function.php Á¨¨ 99 Ë°å.
NOTIC: [8] Use of undefined constant INSTALL_APP_PATH - assumed 'INSTALL_APP_PATH' /home/wwwroot/thinkphp/Application/Install/Common/function.php Á¨¨ 98 Ë°å.
NOTIC: [2] is_dir() expects parameter 1 to be a valid path, array given /home/wwwroot/thinkphp/Application/Install/Common/function.php Á¨¨ 99 Ë°å.
NOTIC: [8] Use of undefined constant INSTALL_APP_PATH - assumed 'INSTALL_APP_PATH' /home/wwwroot/thinkphp/Application/Install/Common/function.php Á¨¨ 98 Ë°å.
NOTIC: [2] is_dir() expects parameter 1 to be a valid path, array given /home/wwwroot/thinkphp/Application/Install/Common/function.php Á¨¨ 99 Ë°å.
NOTIC: [8] Use of undefined constant INSTALL_APP_PATH - assumed 'INSTALL_APP_PATH' /home/wwwroot/thinkphp/Application/Install/Common/function.php Á¨¨ 98 Ë°å.
NOTIC: [2] is_dir() expects parameter 1 to be a valid path, array given /home/wwwroot/thinkphp/Application/Install/Common/function.php Á¨¨ 99 Ë°å.
NOTIC: [8] Use of undefined constant INSTALL_APP_PATH - assumed 'INSTALL_APP_PATH' /home/wwwroot/thinkphp/Application/Install/Common/function.php Á¨¨ 110 Ë°å.
NOTIC: [8] Use of undefined constant INSTALL_APP_PATH - assumed 'INSTALL_APP_PATH' /home/wwwroot/thinkphp/Application/Install/Common/function.php Á¨¨ 117 Ë°å.
NOTIC: [8] Use of undefined constant INSTALL_APP_PATH - assumed 'INSTALL_APP_PATH' /home/wwwroot/thinkphp/Application/Install/Common/function.php Á¨¨ 110 Ë°å.
NOTIC: [8] Use of undefined constant INSTALL_APP_PATH - assumed 'INSTALL_APP_PATH' /home/wwwroot/thinkphp/Application/Install/Common/function.php Á¨¨ 117 Ë°å.
INFO: [ view_parse ] --START--
INFO: [ template_filter ] --START--
INFO: Run Behavior\ContentReplaceBehavior [ RunTime:0.000041s ]
INFO: [ template_filter ] --END-- [ RunTime:0.000061s ]
INFO: Run Behavior\ParseTemplateBehavior [ RunTime:0.004794s ]
INFO: [ view_parse ] --END-- [ RunTime:0.004809s ]
INFO: [ view_filter ] --START--
INFO: Run Behavior\WriteHtmlCacheBehavior [ RunTime:0.000090s ]
INFO: [ view_filter ] --END-- [ RunTime:0.000100s ]
INFO: [ app_end ] --START--
INFO: Run Behavior\ShowPageTraceBehavior [ RunTime:0.000208s ]
INFO: [ app_end ] --END-- [ RunTime:0.000218s ]

